2025-02-17 10:13:45,234 [Worker-7: Loading available Gradle versions] INFO  o.e.b.c.i.u.g.PublishedGradleVersions - Gradle version information cache is up-to-date. Trying to read.
2025-02-17 10:14:27,530 [main] INFO  o.e.m.c.i.l.LifecycleMappingFactory - Using org.eclipse.m2e.jdt.JarLifecycleMapping lifecycle mapping for MavenProject: com.fireflink:tyss-program-elements:1.0 @ C:\Users\User\eclipse-workspace\AdityaBirlaPOC\Aditya Birla Capital\pom.xml.
2025-02-17 10:14:27,850 [main] INFO  o.e.m.c.i.e.AbstractTransferListenerAdapter - Downloading https://repo.maven.apache.org/maven2/com/fireflink/tyss-nlp-data-models/maven-metadata.xml
2025-02-17 10:14:27,856 [main] INFO  o.e.m.c.i.e.AbstractTransferListenerAdapter - Downloaded https://repo.maven.apache.org/maven2/com/fireflink/tyss-nlp-data-models/maven-metadata.xml
2025-02-17 10:14:27,913 [main] INFO  o.e.m.c.i.e.AbstractTransferListenerAdapter - Downloading https://repo.maven.apache.org/maven2/org/seleniumhq/selenium/selenium-api/maven-metadata.xml
2025-02-17 10:14:27,918 [main] INFO  o.e.m.c.i.e.AbstractTransferListenerAdapter - Downloaded https://repo.maven.apache.org/maven2/org/seleniumhq/selenium/selenium-api/maven-metadata.xml
2025-02-17 10:14:27,991 [main] INFO  o.e.m.c.i.e.AbstractTransferListenerAdapter - Downloading https://repo.maven.apache.org/maven2/org/seleniumhq/selenium/selenium-remote-driver/maven-metadata.xml
2025-02-17 10:14:27,996 [main] INFO  o.e.m.c.i.e.AbstractTransferListenerAdapter - Downloaded https://repo.maven.apache.org/maven2/org/seleniumhq/selenium/selenium-remote-driver/maven-metadata.xml
2025-02-17 10:14:29,478 [main] INFO  o.e.m.j.i.AbstractJavaProjectConfigurator - Adding source folder /Aditya Birla Capital/src/main/java
2025-02-17 10:14:29,481 [main] INFO  o.e.m.j.i.AbstractJavaProjectConfigurator - Adding resource folder /Aditya Birla Capital/src/main/resources
2025-02-17 10:14:29,482 [main] INFO  o.e.m.j.i.AbstractJavaProjectConfigurator - Adding source folder /Aditya Birla Capital/src/test/java
2025-02-17 10:14:29,483 [main] INFO  o.e.m.j.i.AbstractJavaProjectConfigurator - Adding resource folder /Aditya Birla Capital/src/test/resources
2025-02-17 10:14:32,087 [Worker-12: Building] INFO  o.e.m.c.i.e.AbstractTransferListenerAdapter - Downloaded https://s01.oss.sonatype.org/content/repositories/snapshots/com/testyantra/optimize/tyss-data-models/1.0-SNAPSHOT/maven-metadata.xml
2025-02-17 10:14:32,687 [Worker-12: Building] INFO  o.e.m.c.i.e.AbstractTransferListenerAdapter - Downloaded https://s01.oss.sonatype.org/content/repositories/snapshots/com/testyantra/optimize/tyss-common/1.0-SNAPSHOT/maven-metadata.xml
2025-02-17 10:14:32,977 [Worker-12: Building] INFO  o.e.m.c.i.e.AbstractTransferListenerAdapter - Downloaded https://s01.oss.sonatype.org/content/repositories/snapshots/com/testyantra/optimize/OPTIMIZE/1.0-SNAPSHOT/maven-metadata.xml
2025-02-17 10:14:34,182 [Worker-12: Building] INFO  o.e.m.c.i.e.AbstractTransferListenerAdapter - Downloaded https://s01.oss.sonatype.org/content/repositories/snapshots/com/testyantra/optimize/tyss-config/1.0-SNAPSHOT/maven-metadata.xml
2025-02-17 10:14:34,651 [DefaultMetadataResolver-0-1] INFO  o.e.m.c.i.e.AbstractTransferListenerAdapter - Downloading https://repo.maven.apache.org/maven2/net/minidev/json-smart/maven-metadata.xml
2025-02-17 10:14:34,657 [DefaultMetadataResolver-0-1] INFO  o.e.m.c.i.e.AbstractTransferListenerAdapter - Downloaded https://repo.maven.apache.org/maven2/net/minidev/json-smart/maven-metadata.xml
2025-02-17 10:14:34,803 [DefaultMetadataResolver-0-0] INFO  o.e.m.c.i.e.AbstractTransferListenerAdapter - Downloaded https://s01.oss.sonatype.org/content/repositories/snapshots/net/minidev/json-smart/maven-metadata.xml
2025-02-17 10:14:35,661 [DefaultMetadataResolver-0-2] INFO  o.e.m.c.i.e.AbstractTransferListenerAdapter - Downloaded https://build.shibboleth.net/nexus/content/repositories/releases/net/minidev/json-smart/maven-metadata.xml
2025-02-17 10:14:36,947 [Worker-12: Building] INFO  o.e.m.c.i.l.LifecycleMappingFactory - Using org.eclipse.m2e.jdt.JarLifecycleMapping lifecycle mapping for MavenProject: com.testyantra.optimize:tyss-program-elements:1.0 @ C:\Users\User\eclipse-workspace\AdityaBirlaPOC\Aditya Birla Capital\pom.xml.
2025-02-17 10:14:38,971 [Worker-12: Building] INFO  o.a.m.s.f.DefaultMavenResourcesFiltering - skip non existing resourceDirectory C:\Users\User\eclipse-workspace\AdityaBirlaPOC\Aditya Birla Capital\src\main\resources
2025-02-17 10:14:38,975 [Worker-12: Building] INFO  o.a.m.s.f.DefaultMavenResourcesFiltering - skip non existing resourceDirectory C:\Users\User\eclipse-workspace\AdityaBirlaPOC\Aditya Birla Capital\src\test\resources
2025-02-17 10:14:40,833 [Worker-5: Building] INFO  o.a.m.s.f.DefaultMavenResourcesFiltering - skip non existing resourceDirectory C:\Users\User\eclipse-workspace\AdityaBirlaPOC\Aditya Birla Capital\src\main\resources
2025-02-17 10:14:40,836 [Worker-5: Building] INFO  o.a.m.s.f.DefaultMavenResourcesFiltering - skip non existing resourceDirectory C:\Users\User\eclipse-workspace\AdityaBirlaPOC\Aditya Birla Capital\src\test\resources
2025-02-17 15:25:46,628 [Worker-48: Building] INFO  o.a.m.s.f.DefaultMavenResourcesFiltering - skip non existing resourceDirectory C:\Users\User\eclipse-workspace\AdityaBirlaPOC\Aditya Birla Capital\src\main\resources
2025-02-17 15:25:46,653 [Worker-48: Building] INFO  o.a.m.s.f.DefaultMavenResourcesFiltering - skip non existing resourceDirectory C:\Users\User\eclipse-workspace\AdityaBirlaPOC\Aditya Birla Capital\src\test\resources
2025-02-18 15:48:10,065 [Worker-6: Loading available Gradle versions] INFO  o.e.b.c.i.u.g.PublishedGradleVersions - Gradle version information cache is up-to-date. Trying to read.
2025-02-19 09:58:53,058 [Worker-7: Loading available Gradle versions] INFO  o.e.b.c.i.u.g.PublishedGradleVersions - Gradle version information cache is up-to-date. Trying to read.
2025-02-19 09:59:35,879 [Worker-4: Building] INFO  o.e.m.c.i.e.AbstractTransferListenerAdapter - Downloaded https://s01.oss.sonatype.org/content/repositories/snapshots/com/testyantra/optimize/tyss-data-models/1.0-SNAPSHOT/maven-metadata.xml
2025-02-19 09:59:36,712 [Worker-4: Building] INFO  o.e.m.c.i.e.AbstractTransferListenerAdapter - Downloaded https://s01.oss.sonatype.org/content/repositories/snapshots/com/testyantra/optimize/tyss-common/1.0-SNAPSHOT/maven-metadata.xml
2025-02-19 09:59:37,048 [Worker-4: Building] INFO  o.e.m.c.i.e.AbstractTransferListenerAdapter - Downloaded https://s01.oss.sonatype.org/content/repositories/snapshots/com/testyantra/optimize/OPTIMIZE/1.0-SNAPSHOT/maven-metadata.xml
2025-02-19 09:59:38,366 [Worker-4: Building] INFO  o.e.m.c.i.e.AbstractTransferListenerAdapter - Downloaded https://s01.oss.sonatype.org/content/repositories/snapshots/com/testyantra/optimize/tyss-config/1.0-SNAPSHOT/maven-metadata.xml
2025-02-19 09:59:39,519 [DefaultMetadataResolver-0-0] INFO  o.e.m.c.i.e.AbstractTransferListenerAdapter - Downloaded https://s01.oss.sonatype.org/content/repositories/snapshots/net/minidev/json-smart/maven-metadata.xml
2025-02-19 09:59:40,009 [DefaultMetadataResolver-0-1] INFO  o.e.m.c.i.e.AbstractTransferListenerAdapter - Downloading https://repo.maven.apache.org/maven2/net/minidev/json-smart/maven-metadata.xml
2025-02-19 09:59:40,025 [DefaultMetadataResolver-0-1] INFO  o.e.m.c.i.e.AbstractTransferListenerAdapter - Downloaded https://repo.maven.apache.org/maven2/net/minidev/json-smart/maven-metadata.xml
2025-02-19 09:59:40,866 [DefaultMetadataResolver-0-2] INFO  o.e.m.c.i.e.AbstractTransferListenerAdapter - Downloaded https://build.shibboleth.net/nexus/content/repositories/releases/net/minidev/json-smart/maven-metadata.xml
2025-02-19 09:59:42,244 [Worker-4: Building] INFO  o.a.m.s.f.DefaultMavenResourcesFiltering - skip non existing resourceDirectory C:\Users\User\eclipse-workspace\AdityaBirlaPOC\Aditya Birla Capital\src\main\resources
2025-02-19 09:59:42,248 [Worker-4: Building] INFO  o.a.m.s.f.DefaultMavenResourcesFiltering - skip non existing resourceDirectory C:\Users\User\eclipse-workspace\AdityaBirlaPOC\Aditya Birla Capital\src\test\resources
2025-02-19 15:34:24,056 [Worker-25: Building] INFO  o.a.m.s.f.DefaultMavenResourcesFiltering - skip non existing resourceDirectory C:\Users\User\eclipse-workspace\AdityaBirlaPOC\Aditya Birla Capital\src\main\resources
2025-02-19 15:34:24,069 [Worker-25: Building] INFO  o.a.m.s.f.DefaultMavenResourcesFiltering - skip non existing resourceDirectory C:\Users\User\eclipse-workspace\AdityaBirlaPOC\Aditya Birla Capital\src\test\resources
2025-02-20 12:27:34,652 [Worker-2: Loading available Gradle versions] INFO  o.e.b.c.i.u.g.PublishedGradleVersions - Gradle version information cache is up-to-date. Trying to read.
2025-02-20 16:03:42,073 [Worker-35: reload maven project] INFO  o.e.m.c.i.e.AbstractTransferListenerAdapter - Downloaded https://s01.oss.sonatype.org/content/repositories/snapshots/com/testyantra/optimize/tyss-data-models/1.0-SNAPSHOT/maven-metadata.xml
2025-02-20 16:03:43,942 [Worker-35: reload maven project] INFO  o.e.m.c.i.e.AbstractTransferListenerAdapter - Downloaded https://s01.oss.sonatype.org/content/repositories/snapshots/com/testyantra/optimize/tyss-common/1.0-SNAPSHOT/maven-metadata.xml
2025-02-20 16:03:44,211 [Worker-35: reload maven project] INFO  o.e.m.c.i.e.AbstractTransferListenerAdapter - Downloaded https://s01.oss.sonatype.org/content/repositories/snapshots/com/testyantra/optimize/OPTIMIZE/1.0-SNAPSHOT/maven-metadata.xml
2025-02-20 16:03:48,444 [Worker-35: reload maven project] INFO  o.e.m.c.i.e.AbstractTransferListenerAdapter - Downloaded https://s01.oss.sonatype.org/content/repositories/snapshots/com/testyantra/optimize/tyss-config/1.0-SNAPSHOT/maven-metadata.xml
2025-02-20 16:03:50,163 [DefaultMetadataResolver-0-1] INFO  o.e.m.c.i.e.AbstractTransferListenerAdapter - Downloading https://repo.maven.apache.org/maven2/net/minidev/json-smart/maven-metadata.xml
2025-02-20 16:03:50,194 [DefaultMetadataResolver-0-1] INFO  o.e.m.c.i.e.AbstractTransferListenerAdapter - Downloaded https://repo.maven.apache.org/maven2/net/minidev/json-smart/maven-metadata.xml
2025-02-20 16:03:50,204 [DefaultMetadataResolver-0-0] INFO  o.e.m.c.i.e.AbstractTransferListenerAdapter - Downloaded https://s01.oss.sonatype.org/content/repositories/snapshots/net/minidev/json-smart/maven-metadata.xml
2025-02-20 16:03:51,191 [DefaultMetadataResolver-0-2] INFO  o.e.m.c.i.e.AbstractTransferListenerAdapter - Downloaded https://build.shibboleth.net/nexus/content/repositories/releases/net/minidev/json-smart/maven-metadata.xml
2025-02-21 09:48:34,342 [Worker-3: Loading available Gradle versions] INFO  o.e.b.c.i.u.g.PublishedGradleVersions - Gradle version information cache is out-of-date. Trying to update.
2025-02-21 11:47:27,745 [Worker-30: Launching Executing clean in C__Users_User_eclipse-workspace_AdityaBirlaPOC_Aditya Birla Capital] INFO  o.eclipse.m2e.core.internal.Bundles - getClasspathEntries(Bundle=org.eclipse.m2e.maven.runtime_3.9.900.20240824-1409 [835])
2025-02-21 11:47:27,764 [Worker-30: Launching Executing clean in C__Users_User_eclipse-workspace_AdityaBirlaPOC_Aditya Birla Capital] INFO  o.eclipse.m2e.core.internal.Bundles - 	Entry: C:\Users\User\.p2\pool\plugins\org.eclipse.m2e.maven.runtime_3.9.900.20240824-1409
2025-02-21 11:47:27,764 [Worker-30: Launching Executing clean in C__Users_User_eclipse-workspace_AdityaBirlaPOC_Aditya Birla Capital] INFO  o.eclipse.m2e.core.internal.Bundles - 	Entry: C:\Users\User\.p2\pool\plugins\org.eclipse.m2e.maven.runtime_3.9.900.20240824-1409\jars\aopalliance-1.0.jar
2025-02-21 11:47:27,765 [Worker-30: Launching Executing clean in C__Users_User_eclipse-workspace_AdityaBirlaPOC_Aditya Birla Capital] INFO  o.eclipse.m2e.core.internal.Bundles - 	Entry: C:\Users\User\.p2\pool\plugins\org.eclipse.m2e.maven.runtime_3.9.900.20240824-1409\jars\guice-5.1.0.jar
2025-02-21 11:47:27,765 [Worker-30: Launching Executing clean in C__Users_User_eclipse-workspace_AdityaBirlaPOC_Aditya Birla Capital] INFO  o.eclipse.m2e.core.internal.Bundles - 	Entry: C:\Users\User\.p2\pool\plugins\org.eclipse.m2e.maven.runtime_3.9.900.20240824-1409\jars\httpclient-4.5.14.jar
2025-02-21 11:47:27,766 [Worker-30: Launching Executing clean in C__Users_User_eclipse-workspace_AdityaBirlaPOC_Aditya Birla Capital] INFO  o.eclipse.m2e.core.internal.Bundles - 	Entry: C:\Users\User\.p2\pool\plugins\org.eclipse.m2e.maven.runtime_3.9.900.20240824-1409\jars\httpcore-4.4.16.jar
2025-02-21 11:47:27,766 [Worker-30: Launching Executing clean in C__Users_User_eclipse-workspace_AdityaBirlaPOC_Aditya Birla Capital] INFO  o.eclipse.m2e.core.internal.Bundles - 	Entry: C:\Users\User\.p2\pool\plugins\org.eclipse.m2e.maven.runtime_3.9.900.20240824-1409\jars\jansi-2.4.1.jar
2025-02-21 11:47:27,766 [Worker-30: Launching Executing clean in C__Users_User_eclipse-workspace_AdityaBirlaPOC_Aditya Birla Capital] INFO  o.eclipse.m2e.core.internal.Bundles - 	Entry: C:\Users\User\.p2\pool\plugins\org.eclipse.m2e.maven.runtime_3.9.900.20240824-1409\jars\jcl-over-slf4j-1.7.36.jar
2025-02-21 11:47:27,767 [Worker-30: Launching Executing clean in C__Users_User_eclipse-workspace_AdityaBirlaPOC_Aditya Birla Capital] INFO  o.eclipse.m2e.core.internal.Bundles - 	Entry: C:\Users\User\.p2\pool\plugins\org.eclipse.m2e.maven.runtime_3.9.900.20240824-1409\jars\maven-artifact-3.9.9.jar
2025-02-21 11:47:27,767 [Worker-30: Launching Executing clean in C__Users_User_eclipse-workspace_AdityaBirlaPOC_Aditya Birla Capital] INFO  o.eclipse.m2e.core.internal.Bundles - 	Entry: C:\Users\User\.p2\pool\plugins\org.eclipse.m2e.maven.runtime_3.9.900.20240824-1409\jars\maven-builder-support-3.9.9.jar
2025-02-21 11:47:27,767 [Worker-30: Launching Executing clean in C__Users_User_eclipse-workspace_AdityaBirlaPOC_Aditya Birla Capital] INFO  o.eclipse.m2e.core.internal.Bundles - 	Entry: C:\Users\User\.p2\pool\plugins\org.eclipse.m2e.maven.runtime_3.9.900.20240824-1409\jars\maven-compat-3.9.9.jar
2025-02-21 11:47:27,768 [Worker-30: Launching Executing clean in C__Users_User_eclipse-workspace_AdityaBirlaPOC_Aditya Birla Capital] INFO  o.eclipse.m2e.core.internal.Bundles - 	Entry: C:\Users\User\.p2\pool\plugins\org.eclipse.m2e.maven.runtime_3.9.900.20240824-1409\jars\maven-core-3.9.9.jar
2025-02-21 11:47:27,768 [Worker-30: Launching Executing clean in C__Users_User_eclipse-workspace_AdityaBirlaPOC_Aditya Birla Capital] INFO  o.eclipse.m2e.core.internal.Bundles - 	Entry: C:\Users\User\.p2\pool\plugins\org.eclipse.m2e.maven.runtime_3.9.900.20240824-1409\jars\maven-embedder-3.9.9.jar
2025-02-21 11:47:27,768 [Worker-30: Launching Executing clean in C__Users_User_eclipse-workspace_AdityaBirlaPOC_Aditya Birla Capital] INFO  o.eclipse.m2e.core.internal.Bundles - 	Entry: C:\Users\User\.p2\pool\plugins\org.eclipse.m2e.maven.runtime_3.9.900.20240824-1409\jars\maven-model-3.9.9.jar
2025-02-21 11:47:27,769 [Worker-30: Launching Executing clean in C__Users_User_eclipse-workspace_AdityaBirlaPOC_Aditya Birla Capital] INFO  o.eclipse.m2e.core.internal.Bundles - 	Entry: C:\Users\User\.p2\pool\plugins\org.eclipse.m2e.maven.runtime_3.9.900.20240824-1409\jars\maven-model-builder-3.9.9.jar
2025-02-21 11:47:27,769 [Worker-30: Launching Executing clean in C__Users_User_eclipse-workspace_AdityaBirlaPOC_Aditya Birla Capital] INFO  o.eclipse.m2e.core.internal.Bundles - 	Entry: C:\Users\User\.p2\pool\plugins\org.eclipse.m2e.maven.runtime_3.9.900.20240824-1409\jars\maven-plugin-api-3.9.9.jar
2025-02-21 11:47:27,770 [Worker-30: Launching Executing clean in C__Users_User_eclipse-workspace_AdityaBirlaPOC_Aditya Birla Capital] INFO  o.eclipse.m2e.core.internal.Bundles - 	Entry: C:\Users\User\.p2\pool\plugins\org.eclipse.m2e.maven.runtime_3.9.900.20240824-1409\jars\maven-repository-metadata-3.9.9.jar
2025-02-21 11:47:27,771 [Worker-30: Launching Executing clean in C__Users_User_eclipse-workspace_AdityaBirlaPOC_Aditya Birla Capital] INFO  o.eclipse.m2e.core.internal.Bundles - 	Entry: C:\Users\User\.p2\pool\plugins\org.eclipse.m2e.maven.runtime_3.9.900.20240824-1409\jars\maven-resolver-api-1.9.22.jar
2025-02-21 11:47:27,773 [Worker-30: Launching Executing clean in C__Users_User_eclipse-workspace_AdityaBirlaPOC_Aditya Birla Capital] INFO  o.eclipse.m2e.core.internal.Bundles - 	Entry: C:\Users\User\.p2\pool\plugins\org.eclipse.m2e.maven.runtime_3.9.900.20240824-1409\jars\maven-resolver-connector-basic-1.9.22.jar
2025-02-21 11:47:27,774 [Worker-30: Launching Executing clean in C__Users_User_eclipse-workspace_AdityaBirlaPOC_Aditya Birla Capital] INFO  o.eclipse.m2e.core.internal.Bundles - 	Entry: C:\Users\User\.p2\pool\plugins\org.eclipse.m2e.maven.runtime_3.9.900.20240824-1409\jars\maven-resolver-impl-1.9.22.jar
2025-02-21 11:47:27,774 [Worker-30: Launching Executing clean in C__Users_User_eclipse-workspace_AdityaBirlaPOC_Aditya Birla Capital] INFO  o.eclipse.m2e.core.internal.Bundles - 	Entry: C:\Users\User\.p2\pool\plugins\org.eclipse.m2e.maven.runtime_3.9.900.20240824-1409\jars\maven-resolver-named-locks-1.9.22.jar
2025-02-21 11:47:27,775 [Worker-30: Launching Executing clean in C__Users_User_eclipse-workspace_AdityaBirlaPOC_Aditya Birla Capital] INFO  o.eclipse.m2e.core.internal.Bundles - 	Entry: C:\Users\User\.p2\pool\plugins\org.eclipse.m2e.maven.runtime_3.9.900.20240824-1409\jars\maven-resolver-provider-3.9.9.jar
2025-02-21 11:47:27,776 [Worker-30: Launching Executing clean in C__Users_User_eclipse-workspace_AdityaBirlaPOC_Aditya Birla Capital] INFO  o.eclipse.m2e.core.internal.Bundles - 	Entry: C:\Users\User\.p2\pool\plugins\org.eclipse.m2e.maven.runtime_3.9.900.20240824-1409\jars\maven-resolver-spi-1.9.22.jar
2025-02-21 11:47:27,777 [Worker-30: Launching Executing clean in C__Users_User_eclipse-workspace_AdityaBirlaPOC_Aditya Birla Capital] INFO  o.eclipse.m2e.core.internal.Bundles - 	Entry: C:\Users\User\.p2\pool\plugins\org.eclipse.m2e.maven.runtime_3.9.900.20240824-1409\jars\maven-resolver-transport-file-1.9.22.jar
2025-02-21 11:47:27,778 [Worker-30: Launching Executing clean in C__Users_User_eclipse-workspace_AdityaBirlaPOC_Aditya Birla Capital] INFO  o.eclipse.m2e.core.internal.Bundles - 	Entry: C:\Users\User\.p2\pool\plugins\org.eclipse.m2e.maven.runtime_3.9.900.20240824-1409\jars\maven-resolver-transport-http-1.9.22.jar
2025-02-21 11:47:27,779 [Worker-30: Launching Executing clean in C__Users_User_eclipse-workspace_AdityaBirlaPOC_Aditya Birla Capital] INFO  o.eclipse.m2e.core.internal.Bundles - 	Entry: C:\Users\User\.p2\pool\plugins\org.eclipse.m2e.maven.runtime_3.9.900.20240824-1409\jars\maven-resolver-transport-wagon-1.9.22.jar
2025-02-21 11:47:27,779 [Worker-30: Launching Executing clean in C__Users_User_eclipse-workspace_AdityaBirlaPOC_Aditya Birla Capital] INFO  o.eclipse.m2e.core.internal.Bundles - 	Entry: C:\Users\User\.p2\pool\plugins\org.eclipse.m2e.maven.runtime_3.9.900.20240824-1409\jars\maven-resolver-util-1.9.22.jar
2025-02-21 11:47:27,780 [Worker-30: Launching Executing clean in C__Users_User_eclipse-workspace_AdityaBirlaPOC_Aditya Birla Capital] INFO  o.eclipse.m2e.core.internal.Bundles - 	Entry: C:\Users\User\.p2\pool\plugins\org.eclipse.m2e.maven.runtime_3.9.900.20240824-1409\jars\maven-settings-3.9.9.jar
2025-02-21 11:47:27,780 [Worker-30: Launching Executing clean in C__Users_User_eclipse-workspace_AdityaBirlaPOC_Aditya Birla Capital] INFO  o.eclipse.m2e.core.internal.Bundles - 	Entry: C:\Users\User\.p2\pool\plugins\org.eclipse.m2e.maven.runtime_3.9.900.20240824-1409\jars\maven-settings-builder-3.9.9.jar
2025-02-21 11:47:27,781 [Worker-30: Launching Executing clean in C__Users_User_eclipse-workspace_AdityaBirlaPOC_Aditya Birla Capital] INFO  o.eclipse.m2e.core.internal.Bundles - 	Entry: C:\Users\User\.p2\pool\plugins\org.eclipse.m2e.maven.runtime_3.9.900.20240824-1409\jars\maven-shared-utils-3.4.2.jar
2025-02-21 11:47:27,782 [Worker-30: Launching Executing clean in C__Users_User_eclipse-workspace_AdityaBirlaPOC_Aditya Birla Capital] INFO  o.eclipse.m2e.core.internal.Bundles - 	Entry: C:\Users\User\.p2\pool\plugins\org.eclipse.m2e.maven.runtime_3.9.900.20240824-1409\jars\org.eclipse.sisu.inject-0.9.0.M3.jar
2025-02-21 11:47:27,782 [Worker-30: Launching Executing clean in C__Users_User_eclipse-workspace_AdityaBirlaPOC_Aditya Birla Capital] INFO  o.eclipse.m2e.core.internal.Bundles - 	Entry: C:\Users\User\.p2\pool\plugins\org.eclipse.m2e.maven.runtime_3.9.900.20240824-1409\jars\org.eclipse.sisu.plexus-0.9.0.M3.jar
2025-02-21 11:47:27,783 [Worker-30: Launching Executing clean in C__Users_User_eclipse-workspace_AdityaBirlaPOC_Aditya Birla Capital] INFO  o.eclipse.m2e.core.internal.Bundles - 	Entry: C:\Users\User\.p2\pool\plugins\org.eclipse.m2e.maven.runtime_3.9.900.20240824-1409\jars\plexus-build-api-0.0.7.jar
2025-02-21 11:47:27,784 [Worker-30: Launching Executing clean in C__Users_User_eclipse-workspace_AdityaBirlaPOC_Aditya Birla Capital] INFO  o.eclipse.m2e.core.internal.Bundles - 	Entry: C:\Users\User\.p2\pool\plugins\org.eclipse.m2e.maven.runtime_3.9.900.20240824-1409\jars\plexus-build-api-1.2.0.jar
2025-02-21 11:47:27,784 [Worker-30: Launching Executing clean in C__Users_User_eclipse-workspace_AdityaBirlaPOC_Aditya Birla Capital] INFO  o.eclipse.m2e.core.internal.Bundles - 	Entry: C:\Users\User\.p2\pool\plugins\org.eclipse.m2e.maven.runtime_3.9.900.20240824-1409\jars\plexus-cipher-2.0.jar
2025-02-21 11:47:27,785 [Worker-30: Launching Executing clean in C__Users_User_eclipse-workspace_AdityaBirlaPOC_Aditya Birla Capital] INFO  o.eclipse.m2e.core.internal.Bundles - 	Entry: C:\Users\User\.p2\pool\plugins\org.eclipse.m2e.maven.runtime_3.9.900.20240824-1409\jars\plexus-classworlds-2.8.0.jar
2025-02-21 11:47:27,786 [Worker-30: Launching Executing clean in C__Users_User_eclipse-workspace_AdityaBirlaPOC_Aditya Birla Capital] INFO  o.eclipse.m2e.core.internal.Bundles - 	Entry: C:\Users\User\.p2\pool\plugins\org.eclipse.m2e.maven.runtime_3.9.900.20240824-1409\jars\plexus-component-annotations-2.1.0.jar
2025-02-21 11:47:27,787 [Worker-30: Launching Executing clean in C__Users_User_eclipse-workspace_AdityaBirlaPOC_Aditya Birla Capital] INFO  o.eclipse.m2e.core.internal.Bundles - 	Entry: C:\Users\User\.p2\pool\plugins\org.eclipse.m2e.maven.runtime_3.9.900.20240824-1409\jars\plexus-interpolation-1.27.jar
2025-02-21 11:47:27,788 [Worker-30: Launching Executing clean in C__Users_User_eclipse-workspace_AdityaBirlaPOC_Aditya Birla Capital] INFO  o.eclipse.m2e.core.internal.Bundles - 	Entry: C:\Users\User\.p2\pool\plugins\org.eclipse.m2e.maven.runtime_3.9.900.20240824-1409\jars\plexus-sec-dispatcher-2.0.jar
2025-02-21 11:47:27,789 [Worker-30: Launching Executing clean in C__Users_User_eclipse-workspace_AdityaBirlaPOC_Aditya Birla Capital] INFO  o.eclipse.m2e.core.internal.Bundles - 	Entry: C:\Users\User\.p2\pool\plugins\org.eclipse.m2e.maven.runtime_3.9.900.20240824-1409\jars\plexus-utils-3.5.1.jar
2025-02-21 11:47:27,790 [Worker-30: Launching Executing clean in C__Users_User_eclipse-workspace_AdityaBirlaPOC_Aditya Birla Capital] INFO  o.eclipse.m2e.core.internal.Bundles - 	Entry: C:\Users\User\.p2\pool\plugins\org.eclipse.m2e.maven.runtime_3.9.900.20240824-1409\jars\plexus-xml-3.0.1.jar
2025-02-21 11:47:27,791 [Worker-30: Launching Executing clean in C__Users_User_eclipse-workspace_AdityaBirlaPOC_Aditya Birla Capital] INFO  o.eclipse.m2e.core.internal.Bundles - 	Entry: C:\Users\User\.p2\pool\plugins\org.eclipse.m2e.maven.runtime_3.9.900.20240824-1409\jars\wagon-file-3.5.3.jar
2025-02-21 11:47:27,792 [Worker-30: Launching Executing clean in C__Users_User_eclipse-workspace_AdityaBirlaPOC_Aditya Birla Capital] INFO  o.eclipse.m2e.core.internal.Bundles - 	Entry: C:\Users\User\.p2\pool\plugins\org.eclipse.m2e.maven.runtime_3.9.900.20240824-1409\jars\wagon-http-3.5.3.jar
2025-02-21 11:47:27,792 [Worker-30: Launching Executing clean in C__Users_User_eclipse-workspace_AdityaBirlaPOC_Aditya Birla Capital] INFO  o.eclipse.m2e.core.internal.Bundles - 	Entry: C:\Users\User\.p2\pool\plugins\org.eclipse.m2e.maven.runtime_3.9.900.20240824-1409\jars\wagon-http-shared-3.5.3.jar
2025-02-21 11:47:27,793 [Worker-30: Launching Executing clean in C__Users_User_eclipse-workspace_AdityaBirlaPOC_Aditya Birla Capital] INFO  o.eclipse.m2e.core.internal.Bundles - 	Entry: C:\Users\User\.p2\pool\plugins\org.eclipse.m2e.maven.runtime_3.9.900.20240824-1409\jars\wagon-provider-api-3.5.3.jar
2025-02-21 11:47:27,798 [Worker-30: Launching Executing clean in C__Users_User_eclipse-workspace_AdityaBirlaPOC_Aditya Birla Capital] INFO  o.eclipse.m2e.core.internal.Bundles - getClasspathEntries(Bundle=com.google.guava_33.3.1.jre [1005])
2025-02-21 11:47:27,799 [Worker-30: Launching Executing clean in C__Users_User_eclipse-workspace_AdityaBirlaPOC_Aditya Birla Capital] INFO  o.eclipse.m2e.core.internal.Bundles - 	Entry: C:\Users\User\.p2\pool\plugins\com.google.guava_33.3.1.jre.jar
2025-02-21 11:47:27,800 [Worker-30: Launching Executing clean in C__Users_User_eclipse-workspace_AdityaBirlaPOC_Aditya Birla Capital] INFO  o.eclipse.m2e.core.internal.Bundles - getClasspathEntries(Bundle=slf4j.api_2.0.16 [994])
2025-02-21 11:47:27,801 [Worker-30: Launching Executing clean in C__Users_User_eclipse-workspace_AdityaBirlaPOC_Aditya Birla Capital] INFO  o.eclipse.m2e.core.internal.Bundles - 	Entry: C:\Users\User\.p2\pool\plugins\slf4j.api_2.0.16.jar
2025-02-21 11:47:27,801 [Worker-30: Launching Executing clean in C__Users_User_eclipse-workspace_AdityaBirlaPOC_Aditya Birla Capital] INFO  o.eclipse.m2e.core.internal.Bundles - getClasspathEntries(Bundle=javax.inject_1.0.0.v20220405-0441 [537])
2025-02-21 11:47:27,802 [Worker-30: Launching Executing clean in C__Users_User_eclipse-workspace_AdityaBirlaPOC_Aditya Birla Capital] INFO  o.eclipse.m2e.core.internal.Bundles - 	Entry: C:\Users\User\.p2\pool\plugins\javax.inject_1.0.0.v20220405-0441.jar
2025-02-21 11:47:27,803 [Worker-30: Launching Executing clean in C__Users_User_eclipse-workspace_AdityaBirlaPOC_Aditya Birla Capital] INFO  o.eclipse.m2e.core.internal.Bundles - getClasspathEntries(Bundle=javax.annotation_1.3.5.v20200909-1856 [24])
2025-02-21 11:47:27,804 [Worker-30: Launching Executing clean in C__Users_User_eclipse-workspace_AdityaBirlaPOC_Aditya Birla Capital] INFO  o.eclipse.m2e.core.internal.Bundles - 	Entry: C:\Users\User\.p2\pool\plugins\javax.annotation_1.3.5.v20200909-1856.jar
2025-02-21 11:47:27,805 [Worker-30: Launching Executing clean in C__Users_User_eclipse-workspace_AdityaBirlaPOC_Aditya Birla Capital] INFO  o.eclipse.m2e.core.internal.Bundles - getClasspathEntries(Bundle=org.apache.commons.cli_1.9.0 [601])
2025-02-21 11:47:27,807 [Worker-30: Launching Executing clean in C__Users_User_eclipse-workspace_AdityaBirlaPOC_Aditya Birla Capital] INFO  o.eclipse.m2e.core.internal.Bundles - 	Entry: C:\Users\User\.p2\pool\plugins\org.apache.commons.cli_1.9.0.jar
2025-02-21 11:47:27,807 [Worker-30: Launching Executing clean in C__Users_User_eclipse-workspace_AdityaBirlaPOC_Aditya Birla Capital] INFO  o.eclipse.m2e.core.internal.Bundles - getClasspathEntries(Bundle=org.apache.commons.commons-codec_1.16.0 [602])
2025-02-21 11:47:27,808 [Worker-30: Launching Executing clean in C__Users_User_eclipse-workspace_AdityaBirlaPOC_Aditya Birla Capital] INFO  o.eclipse.m2e.core.internal.Bundles - 	Entry: C:\Users\User\.p2\pool\plugins\org.apache.commons.commons-codec_1.16.0.jar
2025-02-21 11:47:27,808 [Worker-30: Launching Executing clean in C__Users_User_eclipse-workspace_AdityaBirlaPOC_Aditya Birla Capital] INFO  o.eclipse.m2e.core.internal.Bundles - getClasspathEntries(Bundle=com.google.guava.failureaccess_1.0.2 [534])
2025-02-21 11:47:27,809 [Worker-30: Launching Executing clean in C__Users_User_eclipse-workspace_AdityaBirlaPOC_Aditya Birla Capital] INFO  o.eclipse.m2e.core.internal.Bundles - 	Entry: C:\Users\User\.p2\pool\plugins\com.google.guava.failureaccess_1.0.2.jar
2025-02-21 11:47:27,819 [Worker-30: Launching Executing clean in C__Users_User_eclipse-workspace_AdityaBirlaPOC_Aditya Birla Capital] INFO  o.e.m.i.launch.MavenLaunchDelegate - Run build in "C:\Users\User\eclipse-workspace\AdityaBirlaPOC\Aditya Birla Capital":
2025-02-21 11:47:27,834 [Worker-30: Launching Executing clean in C__Users_User_eclipse-workspace_AdityaBirlaPOC_Aditya Birla Capital] INFO  o.e.m.i.launch.MavenLaunchDelegate -  mvn  -B -Dstyle.color=always clean
2025-02-21 11:47:29,325 [Worker-30: Launching Executing clean in C__Users_User_eclipse-workspace_AdityaBirlaPOC_Aditya Birla Capital] INFO  o.e.m.c.i.e.AbstractTransferListenerAdapter - Downloaded https://s01.oss.sonatype.org/content/repositories/snapshots/com/testyantra/optimize/tyss-data-models/1.0-SNAPSHOT/maven-metadata.xml
2025-02-21 11:47:30,666 [Worker-30: Launching Executing clean in C__Users_User_eclipse-workspace_AdityaBirlaPOC_Aditya Birla Capital] INFO  o.e.m.c.i.e.AbstractTransferListenerAdapter - Downloaded https://s01.oss.sonatype.org/content/repositories/snapshots/com/testyantra/optimize/tyss-common/1.0-SNAPSHOT/maven-metadata.xml
2025-02-21 11:47:30,919 [Worker-30: Launching Executing clean in C__Users_User_eclipse-workspace_AdityaBirlaPOC_Aditya Birla Capital] INFO  o.e.m.c.i.e.AbstractTransferListenerAdapter - Downloaded https://s01.oss.sonatype.org/content/repositories/snapshots/com/testyantra/optimize/OPTIMIZE/1.0-SNAPSHOT/maven-metadata.xml
2025-02-21 11:47:33,813 [Worker-30: Launching Executing clean in C__Users_User_eclipse-workspace_AdityaBirlaPOC_Aditya Birla Capital] INFO  o.e.m.c.i.e.AbstractTransferListenerAdapter - Downloaded https://s01.oss.sonatype.org/content/repositories/snapshots/com/testyantra/optimize/tyss-config/1.0-SNAPSHOT/maven-metadata.xml
2025-02-21 11:47:34,719 [DefaultMetadataResolver-0-1] INFO  o.e.m.c.i.e.AbstractTransferListenerAdapter - Downloading https://repo.maven.apache.org/maven2/net/minidev/json-smart/maven-metadata.xml
2025-02-21 11:47:34,747 [DefaultMetadataResolver-0-1] INFO  o.e.m.c.i.e.AbstractTransferListenerAdapter - Downloaded https://repo.maven.apache.org/maven2/net/minidev/json-smart/maven-metadata.xml
2025-02-21 11:47:34,771 [DefaultMetadataResolver-0-0] INFO  o.e.m.c.i.e.AbstractTransferListenerAdapter - Downloaded https://s01.oss.sonatype.org/content/repositories/snapshots/net/minidev/json-smart/maven-metadata.xml
2025-02-21 11:47:35,941 [DefaultMetadataResolver-0-2] INFO  o.e.m.c.i.e.AbstractTransferListenerAdapter - Downloaded https://build.shibboleth.net/nexus/content/repositories/releases/net/minidev/json-smart/maven-metadata.xml
2025-02-21 11:47:56,590 [Worker-24: Building] INFO  o.a.m.s.f.DefaultMavenResourcesFiltering - skip non existing resourceDirectory C:\Users\User\eclipse-workspace\AdityaBirlaPOC\Aditya Birla Capital\src\main\resources
2025-02-21 11:47:56,603 [Worker-24: Building] INFO  o.a.m.s.f.DefaultMavenResourcesFiltering - skip non existing resourceDirectory C:\Users\User\eclipse-workspace\AdityaBirlaPOC\Aditya Birla Capital\src\test\resources
2025-02-24 11:38:49,987 [Worker-6: Loading available Gradle versions] INFO  o.e.b.c.i.u.g.PublishedGradleVersions - Gradle version information cache is up-to-date. Trying to read.
2025-02-24 11:38:54,220 [Worker-9: reload maven project] INFO  o.e.m.c.i.e.AbstractTransferListenerAdapter - Downloaded https://s01.oss.sonatype.org/content/repositories/snapshots/com/testyantra/optimize/tyss-data-models/1.0-SNAPSHOT/maven-metadata.xml
2025-02-24 11:38:55,890 [Worker-9: reload maven project] INFO  o.e.m.c.i.e.AbstractTransferListenerAdapter - Downloaded https://s01.oss.sonatype.org/content/repositories/snapshots/com/testyantra/optimize/tyss-common/1.0-SNAPSHOT/maven-metadata.xml
2025-02-24 11:38:56,170 [Worker-9: reload maven project] INFO  o.e.m.c.i.e.AbstractTransferListenerAdapter - Downloaded https://s01.oss.sonatype.org/content/repositories/snapshots/com/testyantra/optimize/OPTIMIZE/1.0-SNAPSHOT/maven-metadata.xml
2025-02-24 11:39:00,159 [Worker-9: reload maven project] INFO  o.e.m.c.i.e.AbstractTransferListenerAdapter - Downloaded https://s01.oss.sonatype.org/content/repositories/snapshots/com/testyantra/optimize/tyss-config/1.0-SNAPSHOT/maven-metadata.xml
2025-02-24 11:39:01,844 [DefaultMetadataResolver-0-1] INFO  o.e.m.c.i.e.AbstractTransferListenerAdapter - Downloading https://repo.maven.apache.org/maven2/net/minidev/json-smart/maven-metadata.xml
2025-02-24 11:39:01,878 [DefaultMetadataResolver-0-0] INFO  o.e.m.c.i.e.AbstractTransferListenerAdapter - Downloaded https://s01.oss.sonatype.org/content/repositories/snapshots/net/minidev/json-smart/maven-metadata.xml
2025-02-24 11:39:01,888 [DefaultMetadataResolver-0-1] INFO  o.e.m.c.i.e.AbstractTransferListenerAdapter - Downloaded https://repo.maven.apache.org/maven2/net/minidev/json-smart/maven-metadata.xml
2025-02-24 11:39:03,160 [DefaultMetadataResolver-0-2] INFO  o.e.m.c.i.e.AbstractTransferListenerAdapter - Downloaded https://build.shibboleth.net/nexus/content/repositories/releases/net/minidev/json-smart/maven-metadata.xml
2025-02-28 11:07:47,947 [Worker-6: Loading available Gradle versions] INFO  o.e.b.c.i.u.g.PublishedGradleVersions - Gradle version information cache is up-to-date. Trying to read.
2025-02-28 11:07:59,191 [Worker-5: reload maven project] INFO  o.e.m.c.i.e.AbstractTransferListenerAdapter - Downloaded https://s01.oss.sonatype.org/content/repositories/snapshots/com/testyantra/optimize/tyss-data-models/1.0-SNAPSHOT/maven-metadata.xml
2025-02-28 11:08:01,103 [Worker-5: reload maven project] INFO  o.e.m.c.i.e.AbstractTransferListenerAdapter - Downloaded https://s01.oss.sonatype.org/content/repositories/snapshots/com/testyantra/optimize/tyss-common/1.0-SNAPSHOT/maven-metadata.xml
2025-02-28 11:08:01,382 [Worker-5: reload maven project] INFO  o.e.m.c.i.e.AbstractTransferListenerAdapter - Downloaded https://s01.oss.sonatype.org/content/repositories/snapshots/com/testyantra/optimize/OPTIMIZE/1.0-SNAPSHOT/maven-metadata.xml
2025-02-28 11:08:06,600 [Worker-5: reload maven project] INFO  o.e.m.c.i.e.AbstractTransferListenerAdapter - Downloaded https://s01.oss.sonatype.org/content/repositories/snapshots/com/testyantra/optimize/tyss-config/1.0-SNAPSHOT/maven-metadata.xml
2025-02-28 11:08:08,413 [DefaultMetadataResolver-0-0] INFO  o.e.m.c.i.e.AbstractTransferListenerAdapter - Downloaded https://s01.oss.sonatype.org/content/repositories/snapshots/net/minidev/json-smart/maven-metadata.xml
2025-02-28 11:08:08,441 [DefaultMetadataResolver-0-1] INFO  o.e.m.c.i.e.AbstractTransferListenerAdapter - Downloading https://repo.maven.apache.org/maven2/net/minidev/json-smart/maven-metadata.xml
2025-02-28 11:08:08,477 [DefaultMetadataResolver-0-1] INFO  o.e.m.c.i.e.AbstractTransferListenerAdapter - Downloaded https://repo.maven.apache.org/maven2/net/minidev/json-smart/maven-metadata.xml
2025-02-28 11:08:09,223 [DefaultMetadataResolver-0-2] INFO  o.e.m.c.i.e.AbstractTransferListenerAdapter - Downloaded https://build.shibboleth.net/nexus/content/repositories/releases/net/minidev/json-smart/maven-metadata.xml
2025-03-20 13:04:59,637 [Worker-5: Loading available Gradle versions] INFO  o.e.b.c.i.u.g.PublishedGradleVersions - Gradle version information cache is up-to-date. Trying to read.
2025-03-20 13:05:02,823 [Worker-8: reload maven project] INFO  o.e.m.c.i.e.AbstractTransferListenerAdapter - Downloaded https://s01.oss.sonatype.org/content/repositories/snapshots/com/testyantra/optimize/tyss-data-models/1.0-SNAPSHOT/maven-metadata.xml
2025-03-20 13:05:04,761 [Worker-8: reload maven project] INFO  o.e.m.c.i.e.AbstractTransferListenerAdapter - Downloaded https://s01.oss.sonatype.org/content/repositories/snapshots/com/testyantra/optimize/tyss-common/1.0-SNAPSHOT/maven-metadata.xml
2025-03-20 13:05:05,057 [Worker-8: reload maven project] INFO  o.e.m.c.i.e.AbstractTransferListenerAdapter - Downloaded https://s01.oss.sonatype.org/content/repositories/snapshots/com/testyantra/optimize/OPTIMIZE/1.0-SNAPSHOT/maven-metadata.xml
2025-03-20 13:05:10,341 [Worker-8: reload maven project] INFO  o.e.m.c.i.e.AbstractTransferListenerAdapter - Downloaded https://s01.oss.sonatype.org/content/repositories/snapshots/com/testyantra/optimize/tyss-config/1.0-SNAPSHOT/maven-metadata.xml
2025-03-20 13:05:11,666 [DefaultMetadataResolver-0-1] INFO  o.e.m.c.i.e.AbstractTransferListenerAdapter - Downloading https://repo.maven.apache.org/maven2/net/minidev/json-smart/maven-metadata.xml
2025-03-20 13:05:11,694 [DefaultMetadataResolver-0-1] INFO  o.e.m.c.i.e.AbstractTransferListenerAdapter - Downloaded https://repo.maven.apache.org/maven2/net/minidev/json-smart/maven-metadata.xml
2025-03-20 13:05:11,768 [DefaultMetadataResolver-0-0] INFO  o.e.m.c.i.e.AbstractTransferListenerAdapter - Downloaded https://s01.oss.sonatype.org/content/repositories/snapshots/net/minidev/json-smart/maven-metadata.xml
2025-03-20 13:05:12,776 [DefaultMetadataResolver-0-2] INFO  o.e.m.c.i.e.AbstractTransferListenerAdapter - Downloaded https://build.shibboleth.net/nexus/content/repositories/releases/net/minidev/json-smart/maven-metadata.xml
