2024-01-30 10:59:37,192 [Worker-7: Loading available Gradle versions] INFO  o.e.b.c.i.u.g.PublishedGradleVersions - Gradle version information cache is out-of-date. Trying to update.
2024-01-30 11:00:44,561 [Worker-6: Creating project "assure"] INFO  o.e.m.c.i.l.LifecycleMappingFactory - Using org.eclipse.m2e.jdt.JarLifecycleMapping lifecycle mapping for MavenProject: RESTAPI:assure:0.0.1-SNAPSHOT @ C:\Users\User\eclipse-workspace\Fireflink Logics\APi_RestAssure\assure\pom.xml.
2024-01-30 11:00:44,702 [Worker-6: Creating project "assure"] INFO  o.e.m.j.i.AbstractJavaProjectConfigurator - Adding source folder /assure/src/main/java
2024-01-30 11:00:44,704 [Worker-6: Creating project "assure"] INFO  o.e.m.j.i.AbstractJavaProjectConfigurator - Adding resource folder /assure/src/main/resources
2024-01-30 11:00:44,705 [Worker-6: Creating project "assure"] INFO  o.e.m.j.i.AbstractJavaProjectConfigurator - Adding source folder /assure/src/test/java
2024-01-30 11:00:44,705 [Worker-6: Creating project "assure"] INFO  o.e.m.j.i.AbstractJavaProjectConfigurator - Adding resource folder /assure/src/test/resources
2024-01-30 11:00:45,008 [Worker-14: Building] WARN  o.e.m.c.i.embedder.EclipseLogger - Using platform encoding (Cp1252 actually) to copy filtered resources, i.e. build is platform dependent!
2024-01-30 11:00:45,015 [Worker-14: Building] INFO  o.e.m.c.i.embedder.EclipseLogger - Copying 0 resource
2024-01-30 11:00:45,018 [Worker-14: Building] WARN  o.e.m.c.i.embedder.EclipseLogger - Using platform encoding (Cp1252 actually) to copy filtered resources, i.e. build is platform dependent!
2024-01-30 11:00:45,019 [Worker-14: Building] INFO  o.e.m.c.i.embedder.EclipseLogger - Copying 0 resource
2024-01-30 11:01:15,538 [Worker-2: Building] WARN  o.e.m.c.i.embedder.EclipseLogger - Using platform encoding (Cp1252 actually) to copy filtered resources, i.e. build is platform dependent!
2024-01-30 11:01:15,542 [Worker-2: Building] INFO  o.e.m.c.i.embedder.EclipseLogger - Copying 0 resource
2024-01-30 11:01:15,544 [Worker-2: Building] WARN  o.e.m.c.i.embedder.EclipseLogger - Using platform encoding (Cp1252 actually) to copy filtered resources, i.e. build is platform dependent!
2024-01-30 11:01:15,545 [Worker-2: Building] INFO  o.e.m.c.i.embedder.EclipseLogger - Copying 0 resource
2024-01-30 11:01:21,710 [Worker-13: Building] WARN  o.e.m.c.i.embedder.EclipseLogger - Using platform encoding (Cp1252 actually) to copy filtered resources, i.e. build is platform dependent!
2024-01-30 11:01:21,711 [Worker-13: Building] INFO  o.e.m.c.i.embedder.EclipseLogger - Copying 0 resource
2024-01-30 11:01:21,713 [Worker-13: Building] WARN  o.e.m.c.i.embedder.EclipseLogger - Using platform encoding (Cp1252 actually) to copy filtered resources, i.e. build is platform dependent!
2024-01-30 11:01:21,714 [Worker-13: Building] INFO  o.e.m.c.i.embedder.EclipseLogger - Copying 0 resource
2024-01-30 11:01:22,729 [Worker-10: Building] WARN  o.e.m.c.i.embedder.EclipseLogger - Using platform encoding (Cp1252 actually) to copy filtered resources, i.e. build is platform dependent!
2024-01-30 11:01:22,730 [Worker-10: Building] INFO  o.e.m.c.i.embedder.EclipseLogger - Copying 0 resource
2024-01-30 11:01:22,732 [Worker-10: Building] WARN  o.e.m.c.i.embedder.EclipseLogger - Using platform encoding (Cp1252 actually) to copy filtered resources, i.e. build is platform dependent!
2024-01-30 11:01:22,733 [Worker-10: Building] INFO  o.e.m.c.i.embedder.EclipseLogger - Copying 0 resource
2024-01-30 11:02:03,574 [Worker-16: Building] INFO  o.e.m.c.i.l.LifecycleMappingFactory - Using org.eclipse.m2e.jdt.JarLifecycleMapping lifecycle mapping for MavenProject: RESTAPI:assure:0.0.1-SNAPSHOT @ C:\Users\User\eclipse-workspace\Fireflink Logics\APi_RestAssure\assure\pom.xml.
2024-01-30 11:02:03,787 [Worker-16: Building] WARN  o.e.m.c.i.embedder.EclipseLogger - Using platform encoding (Cp1252 actually) to copy filtered resources, i.e. build is platform dependent!
2024-01-30 11:02:03,789 [Worker-16: Building] INFO  o.e.m.c.i.embedder.EclipseLogger - Copying 0 resource
2024-01-30 11:02:03,790 [Worker-16: Building] WARN  o.e.m.c.i.embedder.EclipseLogger - Using platform encoding (Cp1252 actually) to copy filtered resources, i.e. build is platform dependent!
2024-01-30 11:02:03,791 [Worker-16: Building] INFO  o.e.m.c.i.embedder.EclipseLogger - Copying 0 resource
2024-01-30 11:02:04,998 [Worker-15: Building] WARN  o.e.m.c.i.embedder.EclipseLogger - Using platform encoding (Cp1252 actually) to copy filtered resources, i.e. build is platform dependent!
2024-01-30 11:02:04,999 [Worker-15: Building] INFO  o.e.m.c.i.embedder.EclipseLogger - Copying 0 resource
2024-01-30 11:02:05,000 [Worker-15: Building] WARN  o.e.m.c.i.embedder.EclipseLogger - Using platform encoding (Cp1252 actually) to copy filtered resources, i.e. build is platform dependent!
2024-01-30 11:02:05,001 [Worker-15: Building] INFO  o.e.m.c.i.embedder.EclipseLogger - Copying 0 resource
2024-01-30 11:08:13,019 [Worker-19: Building] INFO  o.e.m.c.i.l.LifecycleMappingFactory - Using org.eclipse.m2e.jdt.JarLifecycleMapping lifecycle mapping for MavenProject: RESTAPI:assure:0.0.1-SNAPSHOT @ C:\Users\User\eclipse-workspace\Fireflink Logics\APi_RestAssure\assure\pom.xml.
2024-01-30 11:08:13,202 [Worker-19: Building] WARN  o.e.m.c.i.embedder.EclipseLogger - Using platform encoding (Cp1252 actually) to copy filtered resources, i.e. build is platform dependent!
2024-01-30 11:08:13,203 [Worker-19: Building] INFO  o.e.m.c.i.embedder.EclipseLogger - Copying 0 resource
2024-01-30 11:08:13,206 [Worker-19: Building] WARN  o.e.m.c.i.embedder.EclipseLogger - Using platform encoding (Cp1252 actually) to copy filtered resources, i.e. build is platform dependent!
2024-01-30 11:08:13,207 [Worker-19: Building] INFO  o.e.m.c.i.embedder.EclipseLogger - Copying 0 resource
2024-01-30 11:11:14,296 [Worker-1: Loading available Gradle versions] INFO  o.e.b.c.i.u.g.PublishedGradleVersions - Gradle version information cache is up-to-date. Trying to read.
2024-02-06 18:07:12,358 [Worker-1: Loading available Gradle versions] INFO  o.e.b.c.i.u.g.PublishedGradleVersions - Gradle version information cache is up-to-date. Trying to read.
2024-02-07 11:19:32,026 [Worker-8: Loading available Gradle versions] INFO  o.e.b.c.i.u.g.PublishedGradleVersions - Gradle version information cache is up-to-date. Trying to read.
2024-05-22 17:39:49,878 [Worker-1: Loading available Gradle versions] INFO  o.e.b.c.i.u.g.PublishedGradleVersions - Gradle version information cache is up-to-date. Trying to read.
2024-05-22 17:54:27,137 [main] INFO  o.e.m.c.i.l.LifecycleMappingFactory - Using org.eclipse.m2e.jdt.JarLifecycleMapping lifecycle mapping for MavenProject: com.testyantra.optimize:tyss-program-elements:1.0 @ C:\Users\User\eclipse-workspace\Fireflink Logics\APi_RestAssure\ABHI\pom.xml.
2024-05-22 17:54:35,211 [Worker-15: Building] WARN  o.e.m.c.i.embedder.EclipseLogger - Using platform encoding (Cp1252 actually) to copy filtered resources, i.e. build is platform dependent!
2024-05-22 17:54:35,214 [Worker-15: Building] INFO  o.e.m.c.i.embedder.EclipseLogger - skip non existing resourceDirectory C:\Users\User\eclipse-workspace\Fireflink Logics\APi_RestAssure\ABHI\src\main\resources
2024-05-22 17:54:35,219 [Worker-15: Building] WARN  o.e.m.c.i.embedder.EclipseLogger - Using platform encoding (Cp1252 actually) to copy filtered resources, i.e. build is platform dependent!
2024-05-22 17:54:35,221 [Worker-15: Building] INFO  o.e.m.c.i.embedder.EclipseLogger - skip non existing resourceDirectory C:\Users\User\eclipse-workspace\Fireflink Logics\APi_RestAssure\ABHI\src\test\resources
2024-05-22 17:54:35,303 [main] INFO  o.e.m.j.i.AbstractJavaProjectConfigurator - Adding source folder /ABHI/src/main/java
2024-05-22 17:54:35,304 [main] INFO  o.e.m.j.i.AbstractJavaProjectConfigurator - Adding source folder /ABHI/src/test/java
2024-05-22 17:54:36,972 [Worker-17: Building] WARN  o.e.m.c.i.embedder.EclipseLogger - Using platform encoding (Cp1252 actually) to copy filtered resources, i.e. build is platform dependent!
2024-05-22 17:54:36,974 [Worker-17: Building] INFO  o.e.m.c.i.embedder.EclipseLogger - skip non existing resourceDirectory C:\Users\User\eclipse-workspace\Fireflink Logics\APi_RestAssure\ABHI\src\main\resources
2024-05-22 17:54:36,978 [Worker-17: Building] WARN  o.e.m.c.i.embedder.EclipseLogger - Using platform encoding (Cp1252 actually) to copy filtered resources, i.e. build is platform dependent!
2024-05-22 17:54:36,980 [Worker-17: Building] INFO  o.e.m.c.i.embedder.EclipseLogger - skip non existing resourceDirectory C:\Users\User\eclipse-workspace\Fireflink Logics\APi_RestAssure\ABHI\src\test\resources
2024-05-22 17:54:37,228 [Worker-17: Building] WARN  o.e.m.c.i.embedder.EclipseLogger - Using platform encoding (Cp1252 actually) to copy filtered resources, i.e. build is platform dependent!
2024-05-22 17:54:37,236 [Worker-17: Building] INFO  o.e.m.c.i.embedder.EclipseLogger - Copying 0 resource
2024-05-22 17:54:37,238 [Worker-17: Building] WARN  o.e.m.c.i.embedder.EclipseLogger - Using platform encoding (Cp1252 actually) to copy filtered resources, i.e. build is platform dependent!
2024-05-22 17:54:37,240 [Worker-17: Building] INFO  o.e.m.c.i.embedder.EclipseLogger - Copying 0 resource
2024-05-22 17:54:39,655 [Worker-7: Building] INFO  o.e.m.c.i.l.LifecycleMappingFactory - Using org.eclipse.m2e.jdt.JarLifecycleMapping lifecycle mapping for MavenProject: com.testyantra.optimize:tyss-program-elements:1.0 @ C:\Users\User\eclipse-workspace\Fireflink Logics\APi_RestAssure\ABHI\pom.xml.
2024-05-22 17:54:43,443 [Worker-7: Building] WARN  o.e.m.c.i.embedder.EclipseLogger - Using platform encoding (Cp1252 actually) to copy filtered resources, i.e. build is platform dependent!
2024-05-22 17:54:43,445 [Worker-7: Building] INFO  o.e.m.c.i.embedder.EclipseLogger - skip non existing resourceDirectory C:\Users\User\eclipse-workspace\Fireflink Logics\APi_RestAssure\ABHI\src\main\resources
2024-05-22 17:54:43,448 [Worker-7: Building] WARN  o.e.m.c.i.embedder.EclipseLogger - Using platform encoding (Cp1252 actually) to copy filtered resources, i.e. build is platform dependent!
2024-05-22 17:54:43,450 [Worker-7: Building] INFO  o.e.m.c.i.embedder.EclipseLogger - skip non existing resourceDirectory C:\Users\User\eclipse-workspace\Fireflink Logics\APi_RestAssure\ABHI\src\test\resources
2024-05-22 17:54:49,816 [Worker-16: Building] WARN  o.e.m.c.i.embedder.EclipseLogger - Using platform encoding (Cp1252 actually) to copy filtered resources, i.e. build is platform dependent!
2024-05-22 17:54:49,819 [Worker-16: Building] INFO  o.e.m.c.i.embedder.EclipseLogger - skip non existing resourceDirectory C:\Users\User\eclipse-workspace\Fireflink Logics\APi_RestAssure\ABHI\src\main\resources
2024-05-22 17:54:49,822 [Worker-16: Building] WARN  o.e.m.c.i.embedder.EclipseLogger - Using platform encoding (Cp1252 actually) to copy filtered resources, i.e. build is platform dependent!
2024-05-22 17:54:49,824 [Worker-16: Building] INFO  o.e.m.c.i.embedder.EclipseLogger - skip non existing resourceDirectory C:\Users\User\eclipse-workspace\Fireflink Logics\APi_RestAssure\ABHI\src\test\resources
2024-05-22 17:56:48,489 [Worker-18: Building] INFO  o.e.m.c.i.l.LifecycleMappingFactory - Using org.eclipse.m2e.jdt.JarLifecycleMapping lifecycle mapping for MavenProject: com.testyantra.optimize:tyss-program-elements:1.0 @ C:\Users\User\eclipse-workspace\Fireflink Logics\APi_RestAssure\ABHI\pom.xml.
2024-05-22 17:56:53,438 [Worker-18: Building] WARN  o.e.m.c.i.embedder.EclipseLogger - Using platform encoding (Cp1252 actually) to copy filtered resources, i.e. build is platform dependent!
2024-05-22 17:56:53,440 [Worker-18: Building] INFO  o.e.m.c.i.embedder.EclipseLogger - skip non existing resourceDirectory C:\Users\User\eclipse-workspace\Fireflink Logics\APi_RestAssure\ABHI\src\main\resources
2024-05-22 17:56:53,442 [Worker-18: Building] WARN  o.e.m.c.i.embedder.EclipseLogger - Using platform encoding (Cp1252 actually) to copy filtered resources, i.e. build is platform dependent!
2024-05-22 17:56:53,444 [Worker-18: Building] INFO  o.e.m.c.i.embedder.EclipseLogger - skip non existing resourceDirectory C:\Users\User\eclipse-workspace\Fireflink Logics\APi_RestAssure\ABHI\src\test\resources
2024-05-22 17:56:54,251 [Worker-16: Updating Maven Dependencies] INFO  o.e.m.c.i.l.LifecycleMappingFactory - Using org.eclipse.m2e.jdt.JarLifecycleMapping lifecycle mapping for MavenProject: com.testyantra.optimize:tyss-program-elements:1.0 @ C:\Users\User\eclipse-workspace\Fireflink Logics\APi_RestAssure\ABHI\pom.xml.
2024-05-22 17:57:01,659 [Worker-15: Building] WARN  o.e.m.c.i.embedder.EclipseLogger - Using platform encoding (Cp1252 actually) to copy filtered resources, i.e. build is platform dependent!
2024-05-22 17:57:01,661 [Worker-15: Building] INFO  o.e.m.c.i.embedder.EclipseLogger - skip non existing resourceDirectory C:\Users\User\eclipse-workspace\Fireflink Logics\APi_RestAssure\ABHI\src\main\resources
2024-05-22 17:57:01,663 [Worker-15: Building] WARN  o.e.m.c.i.embedder.EclipseLogger - Using platform encoding (Cp1252 actually) to copy filtered resources, i.e. build is platform dependent!
2024-05-22 17:57:01,664 [Worker-15: Building] INFO  o.e.m.c.i.embedder.EclipseLogger - skip non existing resourceDirectory C:\Users\User\eclipse-workspace\Fireflink Logics\APi_RestAssure\ABHI\src\test\resources
2024-05-22 17:57:28,188 [ModalContext] INFO  o.a.m.c.event.ExecutionEventLogger - Scanning for projects...
2024-05-22 17:57:28,223 [ModalContext] INFO  o.a.m.c.event.ExecutionEventLogger - 
2024-05-22 17:57:28,234 [ModalContext] INFO  o.a.m.c.event.ExecutionEventLogger - [1m-----------< [0;36mcom.testyantra.optimize:tyss-program-elements[0;1m >------------[m
2024-05-22 17:57:28,235 [ModalContext] INFO  o.a.m.c.event.ExecutionEventLogger - [1mBuilding tyss-program-elements 1.0[m
2024-05-22 17:57:28,235 [ModalContext] INFO  o.a.m.c.event.ExecutionEventLogger - [1m--------------------------------[ jar ]---------------------------------[m
2024-05-22 17:57:28,697 [Worker-19: Building] WARN  o.e.m.c.i.embedder.EclipseLogger - Using platform encoding (Cp1252 actually) to copy filtered resources, i.e. build is platform dependent!
2024-05-22 17:57:28,699 [Worker-19: Building] INFO  o.e.m.c.i.embedder.EclipseLogger - skip non existing resourceDirectory C:\Users\User\eclipse-workspace\Fireflink Logics\APi_RestAssure\ABHI\src\main\resources
2024-05-22 17:57:28,704 [Worker-19: Building] WARN  o.e.m.c.i.embedder.EclipseLogger - Using platform encoding (Cp1252 actually) to copy filtered resources, i.e. build is platform dependent!
2024-05-22 17:57:28,706 [Worker-19: Building] INFO  o.e.m.c.i.embedder.EclipseLogger - skip non existing resourceDirectory C:\Users\User\eclipse-workspace\Fireflink Logics\APi_RestAssure\ABHI\src\test\resources
2024-05-22 17:57:30,977 [ModalContext] INFO  o.a.m.c.event.ExecutionEventLogger - 
2024-05-22 17:57:30,978 [ModalContext] INFO  o.a.m.c.event.ExecutionEventLogger - [1m--- [0;32mmaven-clean-plugin:2.5:clean[m [1m(default-clean)[m @ [36mtyss-program-elements[0;1m ---[m
2024-05-22 17:57:31,039 [ModalContext] INFO  o.a.maven.plugin.clean.CleanMojo - Deleting C:\Users\User\eclipse-workspace\Fireflink Logics\APi_RestAssure\ABHI\target
2024-05-22 17:57:31,053 [ModalContext] INFO  o.a.m.c.event.ExecutionEventLogger - 
2024-05-22 17:57:31,053 [ModalContext] INFO  o.a.m.c.event.ExecutionEventLogger - [1m--- [0;32mmaven-resources-plugin:2.6:resources[m [1m(default-resources)[m @ [36mtyss-program-elements[0;1m ---[m
2024-05-22 17:57:31,180 [ModalContext] WARN  o.a.m.s.f.DefaultMavenResourcesFiltering - Using platform encoding (Cp1252 actually) to copy filtered resources, i.e. build is platform dependent!
2024-05-22 17:57:31,181 [ModalContext] INFO  o.a.m.s.f.DefaultMavenResourcesFiltering - skip non existing resourceDirectory C:\Users\User\eclipse-workspace\Fireflink Logics\APi_RestAssure\ABHI\src\main\resources
2024-05-22 17:57:31,182 [ModalContext] INFO  o.a.m.c.event.ExecutionEventLogger - 
2024-05-22 17:57:31,182 [ModalContext] INFO  o.a.m.c.event.ExecutionEventLogger - [1m--- [0;32mmaven-compiler-plugin:3.1:compile[m [1m(default-compile)[m @ [36mtyss-program-elements[0;1m ---[m
2024-05-22 17:57:31,406 [ModalContext] INFO  o.a.m.plugin.compiler.CompilerMojo - Changes detected - recompiling the module!
2024-05-22 17:57:31,415 [ModalContext] WARN  o.a.m.plugin.compiler.CompilerMojo - File encoding has not been set, using platform encoding Cp1252, i.e. build is platform dependent!
2024-05-22 17:57:31,430 [ModalContext] INFO  o.c.p.compiler.javac.JavacCompiler - Compiling 2 source files to C:\Users\User\eclipse-workspace\Fireflink Logics\APi_RestAssure\ABHI\target\classes
2024-05-22 17:57:36,634 [ModalContext] INFO  o.a.m.c.event.ExecutionEventLogger - 
2024-05-22 17:57:36,634 [ModalContext] INFO  o.a.m.c.event.ExecutionEventLogger - [1m--- [0;32mmaven-resources-plugin:2.6:testResources[m [1m(default-testResources)[m @ [36mtyss-program-elements[0;1m ---[m
2024-05-22 17:57:36,638 [ModalContext] WARN  o.a.m.s.f.DefaultMavenResourcesFiltering - Using platform encoding (Cp1252 actually) to copy filtered resources, i.e. build is platform dependent!
2024-05-22 17:57:36,639 [ModalContext] INFO  o.a.m.s.f.DefaultMavenResourcesFiltering - skip non existing resourceDirectory C:\Users\User\eclipse-workspace\Fireflink Logics\APi_RestAssure\ABHI\src\test\resources
2024-05-22 17:57:36,639 [ModalContext] INFO  o.a.m.c.event.ExecutionEventLogger - 
2024-05-22 17:57:36,640 [ModalContext] INFO  o.a.m.c.event.ExecutionEventLogger - [1m--- [0;32mmaven-compiler-plugin:3.1:testCompile[m [1m(default-testCompile)[m @ [36mtyss-program-elements[0;1m ---[m
2024-05-22 17:57:36,642 [ModalContext] INFO  o.a.m.p.compiler.TestCompilerMojo - No sources to compile
2024-05-22 17:57:36,643 [ModalContext] INFO  o.a.m.c.event.ExecutionEventLogger - 
2024-05-22 17:57:36,643 [ModalContext] INFO  o.a.m.c.event.ExecutionEventLogger - [1m--- [0;32mmaven-surefire-plugin:2.12.4:test[m [1m(default-test)[m @ [36mtyss-program-elements[0;1m ---[m
2024-05-22 17:57:36,801 [ModalContext] INFO  o.a.m.p.surefire.SurefirePlugin - No tests to run.
2024-05-22 17:57:36,818 [ModalContext] INFO  o.a.m.c.event.ExecutionEventLogger - 
2024-05-22 17:57:36,818 [ModalContext] INFO  o.a.m.c.event.ExecutionEventLogger - [1m--- [0;32mmaven-dependency-plugin:2.5.1:unpack-dependencies[m [1m(copy-dependencies)[m @ [36mtyss-program-elements[0;1m ---[m
2024-05-22 17:57:36,959 [ModalContext] WARN  o.a.m.r.i.DefaultArtifactDescriptorReader - The artifact xml-apis:xml-apis:jar:2.0.2 has been relocated to xml-apis:xml-apis:jar:1.0.b2
2024-05-22 17:57:37,740 [ModalContext] INFO  o.a.m.p.d.UnpackDependenciesMojo - Unpacking C:\Users\User\.m2\repository\com\testyantra\optimize\tyss-data-models\1.0-SNAPSHOT\tyss-data-models-1.0-SNAPSHOT.jar to C:\Users\User\eclipse-workspace\Fireflink Logics\APi_RestAssure\ABHI\target\classes with includes "" and excludes ""
2024-05-22 17:57:38,878 [ModalContext] INFO  o.a.m.p.d.UnpackDependenciesMojo - Unpacking C:\Users\User\.m2\repository\org\json\json\20240303\json-20240303.jar to C:\Users\User\eclipse-workspace\Fireflink Logics\APi_RestAssure\ABHI\target\classes with includes "" and excludes ""
2024-05-22 17:57:38,960 [ModalContext] INFO  o.a.m.c.event.ExecutionEventLogger - 
2024-05-22 17:57:38,960 [ModalContext] INFO  o.a.m.c.event.ExecutionEventLogger - [1m--- [0;32mmaven-jar-plugin:2.4:jar[m [1m(default-jar)[m @ [36mtyss-program-elements[0;1m ---[m
2024-05-22 17:57:39,696 [ModalContext] INFO  o.c.plexus.archiver.jar.JarArchiver - Building jar: C:\Users\User\eclipse-workspace\Fireflink Logics\APi_RestAssure\ABHI\target\tyss-program-elements-1.0.jar
2024-05-22 17:57:40,616 [ModalContext] INFO  o.a.m.c.event.ExecutionEventLogger - 
2024-05-22 17:57:40,617 [ModalContext] INFO  o.a.m.c.event.ExecutionEventLogger - [1m--- [0;32mmaven-install-plugin:2.4:install[m [1m(default-install)[m @ [36mtyss-program-elements[0;1m ---[m
2024-05-22 17:57:40,712 [ModalContext] INFO  org.codehaus.plexus.PlexusContainer - Installing C:\Users\User\eclipse-workspace\Fireflink Logics\APi_RestAssure\ABHI\target\tyss-program-elements-1.0.jar to C:\Users\User\.m2\repository\com\testyantra\optimize\tyss-program-elements\1.0\tyss-program-elements-1.0.jar
2024-05-22 17:57:40,718 [ModalContext] INFO  org.codehaus.plexus.PlexusContainer - Installing C:\Users\User\eclipse-workspace\Fireflink Logics\APi_RestAssure\ABHI\pom.xml to C:\Users\User\.m2\repository\com\testyantra\optimize\tyss-program-elements\1.0\tyss-program-elements-1.0.pom
2024-05-22 17:57:40,737 [ModalContext] INFO  o.a.m.c.event.ExecutionEventLogger - [1m------------------------------------------------------------------------[m
2024-05-22 17:57:40,737 [ModalContext] INFO  o.a.m.c.event.ExecutionEventLogger - [1;32mBUILD SUCCESS[m
2024-05-22 17:57:40,737 [ModalContext] INFO  o.a.m.c.event.ExecutionEventLogger - [1m------------------------------------------------------------------------[m
2024-05-22 17:57:40,738 [ModalContext] INFO  o.a.m.c.event.ExecutionEventLogger - Total time:  12.557 s
2024-05-22 17:57:40,738 [ModalContext] INFO  o.a.m.c.event.ExecutionEventLogger - Finished at: 2024-05-22T17:57:40+05:30
2024-05-22 17:57:40,738 [ModalContext] INFO  o.a.m.c.event.ExecutionEventLogger - [1m------------------------------------------------------------------------[m
2024-05-22 17:57:41,683 [Worker-10: Building] WARN  o.e.m.c.i.embedder.EclipseLogger - Using platform encoding (Cp1252 actually) to copy filtered resources, i.e. build is platform dependent!
2024-05-22 17:57:41,685 [Worker-10: Building] INFO  o.e.m.c.i.embedder.EclipseLogger - skip non existing resourceDirectory C:\Users\User\eclipse-workspace\Fireflink Logics\APi_RestAssure\ABHI\src\main\resources
2024-05-22 17:57:41,688 [Worker-10: Building] WARN  o.e.m.c.i.embedder.EclipseLogger - Using platform encoding (Cp1252 actually) to copy filtered resources, i.e. build is platform dependent!
2024-05-22 17:57:41,689 [Worker-10: Building] INFO  o.e.m.c.i.embedder.EclipseLogger - skip non existing resourceDirectory C:\Users\User\eclipse-workspace\Fireflink Logics\APi_RestAssure\ABHI\src\test\resources
2024-05-22 17:57:43,430 [Worker-19: Building] WARN  o.e.m.c.i.embedder.EclipseLogger - Using platform encoding (Cp1252 actually) to copy filtered resources, i.e. build is platform dependent!
2024-05-22 17:57:43,432 [Worker-19: Building] INFO  o.e.m.c.i.embedder.EclipseLogger - skip non existing resourceDirectory C:\Users\User\eclipse-workspace\Fireflink Logics\APi_RestAssure\ABHI\src\main\resources
2024-05-22 17:57:43,434 [Worker-19: Building] WARN  o.e.m.c.i.embedder.EclipseLogger - Using platform encoding (Cp1252 actually) to copy filtered resources, i.e. build is platform dependent!
2024-05-22 17:57:43,437 [Worker-19: Building] INFO  o.e.m.c.i.embedder.EclipseLogger - skip non existing resourceDirectory C:\Users\User\eclipse-workspace\Fireflink Logics\APi_RestAssure\ABHI\src\test\resources
2024-05-22 17:57:51,685 [Worker-10: Building] WARN  o.e.m.c.i.embedder.EclipseLogger - Using platform encoding (Cp1252 actually) to copy filtered resources, i.e. build is platform dependent!
2024-05-22 17:57:51,687 [Worker-10: Building] INFO  o.e.m.c.i.embedder.EclipseLogger - skip non existing resourceDirectory C:\Users\User\eclipse-workspace\Fireflink Logics\APi_RestAssure\ABHI\src\main\resources
2024-05-22 17:57:51,689 [Worker-10: Building] WARN  o.e.m.c.i.embedder.EclipseLogger - Using platform encoding (Cp1252 actually) to copy filtered resources, i.e. build is platform dependent!
2024-05-22 17:57:51,690 [Worker-10: Building] INFO  o.e.m.c.i.embedder.EclipseLogger - skip non existing resourceDirectory C:\Users\User\eclipse-workspace\Fireflink Logics\APi_RestAssure\ABHI\src\test\resources
