2024-12-03 18:34:09,745 [Worker-4: Loading available Gradle versions] INFO  o.e.b.c.i.u.g.PublishedGradleVersions - Gradle version information cache is up-to-date. Trying to read.
2024-12-03 18:35:01,063 [main] INFO  o.e.m.c.i.l.LifecycleMappingFactory - Using org.eclipse.m2e.jdt.JarLifecycleMapping lifecycle mapping for MavenProject: com.fireflink:tyss-program-elements:1.0 @ C:\Users\User\eclipse-workspace\Wellness\WellnessForever\pom.xml.
2024-12-03 18:35:02,484 [main] INFO  o.e.m.j.i.AbstractJavaProjectConfigurator - Adding source folder /WellnessForever/src/main/java
2024-12-03 18:35:02,487 [main] INFO  o.e.m.j.i.AbstractJavaProjectConfigurator - Adding resource folder /WellnessForever/src/main/resources
2024-12-03 18:35:02,488 [main] INFO  o.e.m.j.i.AbstractJavaProjectConfigurator - Adding source folder /WellnessForever/src/test/java
2024-12-03 18:35:02,489 [main] INFO  o.e.m.j.i.AbstractJavaProjectConfigurator - Adding resource folder /WellnessForever/src/test/resources
2024-12-03 18:35:04,594 [Worker-10: Building] INFO  o.e.m.c.i.l.LifecycleMappingFactory - Using org.eclipse.m2e.jdt.JarLifecycleMapping lifecycle mapping for MavenProject: com.fireflink:tyss-program-elements:1.0 @ C:\Users\User\eclipse-workspace\Wellness\WellnessForever\pom.xml.
2024-12-03 18:35:05,719 [Worker-10: Building] INFO  o.a.m.s.f.DefaultMavenResourcesFiltering - skip non existing resourceDirectory C:\Users\User\eclipse-workspace\Wellness\WellnessForever\src\main\resources
2024-12-03 18:35:05,722 [Worker-10: Building] INFO  o.a.m.s.f.DefaultMavenResourcesFiltering - skip non existing resourceDirectory C:\Users\User\eclipse-workspace\Wellness\WellnessForever\src\test\resources
2024-12-03 18:36:19,055 [Worker-9: Building] INFO  o.a.m.s.f.DefaultMavenResourcesFiltering - skip non existing resourceDirectory C:\Users\User\eclipse-workspace\Wellness\WellnessForever\src\main\resources
2024-12-03 18:36:19,057 [Worker-9: Building] INFO  o.a.m.s.f.DefaultMavenResourcesFiltering - skip non existing resourceDirectory C:\Users\User\eclipse-workspace\Wellness\WellnessForever\src\test\resources
2024-12-03 18:37:32,921 [Worker-8: Building] INFO  o.e.m.c.i.l.LifecycleMappingFactory - Using org.eclipse.m2e.jdt.JarLifecycleMapping lifecycle mapping for MavenProject: com.fireflink:tyss-program-elements:1.0 @ C:\Users\User\eclipse-workspace\Wellness\WellnessForever\pom.xml.
2024-12-03 18:37:33,896 [Worker-8: Building] INFO  o.a.m.s.f.DefaultMavenResourcesFiltering - skip non existing resourceDirectory C:\Users\User\eclipse-workspace\Wellness\WellnessForever\src\main\resources
2024-12-03 18:37:33,905 [Worker-8: Building] INFO  o.a.m.s.f.DefaultMavenResourcesFiltering - skip non existing resourceDirectory C:\Users\User\eclipse-workspace\Wellness\WellnessForever\src\test\resources
2024-12-03 18:37:38,625 [Worker-20: Updating Maven Dependencies] INFO  o.e.m.c.i.l.LifecycleMappingFactory - Using org.eclipse.m2e.jdt.JarLifecycleMapping lifecycle mapping for MavenProject: com.fireflink:tyss-program-elements:1.0 @ C:\Users\User\eclipse-workspace\Wellness\WellnessForever\pom.xml.
2024-12-03 18:37:46,219 [ModalContext] INFO  o.a.m.c.event.ExecutionEventLogger - Scanning for projects...
2024-12-03 18:37:46,268 [ModalContext] INFO  o.a.m.c.event.ExecutionEventLogger - 
2024-12-03 18:37:46,288 [ModalContext] INFO  o.a.m.c.event.ExecutionEventLogger - [1m----------------< [0;36mcom.fireflink:tyss-program-elements[0;1m >-----------------[m
2024-12-03 18:37:46,288 [ModalContext] INFO  o.a.m.c.event.ExecutionEventLogger - [1mBuilding tyss-program-elements 1.0[m
2024-12-03 18:37:46,288 [ModalContext] INFO  o.a.m.c.event.ExecutionEventLogger -   from pom.xml
2024-12-03 18:37:46,288 [ModalContext] INFO  o.a.m.c.event.ExecutionEventLogger - [1m--------------------------------[ jar ]---------------------------------[m
2024-12-03 18:37:46,473 [Worker-13: Building] INFO  o.a.m.s.f.DefaultMavenResourcesFiltering - skip non existing resourceDirectory C:\Users\User\eclipse-workspace\Wellness\WellnessForever\src\main\resources
2024-12-03 18:37:46,484 [Worker-13: Building] INFO  o.a.m.s.f.DefaultMavenResourcesFiltering - skip non existing resourceDirectory C:\Users\User\eclipse-workspace\Wellness\WellnessForever\src\test\resources
2024-12-03 18:37:47,611 [ModalContext] INFO  o.a.m.c.event.ExecutionEventLogger - 
2024-12-03 18:37:47,612 [ModalContext] INFO  o.a.m.c.event.ExecutionEventLogger - [1m--- [0;32mclean:3.2.0:clean[m [1m(default-clean)[m @ [36mtyss-program-elements[0;1m ---[m
2024-12-03 18:37:47,688 [ModalContext] INFO  o.a.maven.plugins.clean.CleanMojo - Deleting C:\Users\User\eclipse-workspace\Wellness\WellnessForever\target
2024-12-03 18:37:47,714 [ModalContext] INFO  o.a.m.c.event.ExecutionEventLogger - 
2024-12-03 18:37:47,714 [ModalContext] INFO  o.a.m.c.event.ExecutionEventLogger - [1m--- [0;32mresources:3.3.1:resources[m [1m(default-resources)[m @ [36mtyss-program-elements[0;1m ---[m
2024-12-03 18:37:47,868 [ModalContext] INFO  o.a.m.s.f.DefaultMavenResourcesFiltering - skip non existing resourceDirectory C:\Users\User\eclipse-workspace\Wellness\WellnessForever\src\main\resources
2024-12-03 18:37:47,869 [ModalContext] INFO  o.a.m.c.event.ExecutionEventLogger - 
2024-12-03 18:37:47,870 [ModalContext] INFO  o.a.m.c.event.ExecutionEventLogger - [1m--- [0;32mcompiler:3.13.0:compile[m [1m(default-compile)[m @ [36mtyss-program-elements[0;1m ---[m
2024-12-03 18:37:48,082 [ModalContext] INFO  o.a.m.plugin.compiler.CompilerMojo - Recompiling the module because of [1mchanged source code[m.
2024-12-03 18:37:48,094 [ModalContext] INFO  o.c.p.compiler.javac.JavacCompiler - Compiling 7 source files with javac [debug target 17] to target\classes
2024-12-03 18:37:50,908 [ModalContext] WARN  o.a.m.plugin.compiler.CompilerMojo - location of system modules is not set in conjunction with -source 17
  not setting the location of system modules may lead to class files that cannot run on JDK 17
    --release 17 is recommended instead of -source 17 -target 17 because it sets the location of system modules automatically
2024-12-03 18:37:50,909 [ModalContext] INFO  o.a.m.plugin.compiler.CompilerMojo - Annotation processing is enabled because one or more processors were found
  on the class path. A future release of javac may disable annotation processing
  unless at least one processor is specified by name (-processor), or a search
  path is specified (--processor-path, --processor-module-path), or annotation
  processing is enabled explicitly (-proc:only, -proc:full).
  Use -Xlint:-options to suppress this message.
  Use -proc:none to disable annotation processing.
2024-12-03 18:37:50,910 [ModalContext] INFO  o.a.m.c.event.ExecutionEventLogger - 
2024-12-03 18:37:50,910 [ModalContext] INFO  o.a.m.c.event.ExecutionEventLogger - [1m--- [0;32mresources:3.3.1:testResources[m [1m(default-testResources)[m @ [36mtyss-program-elements[0;1m ---[m
2024-12-03 18:37:50,918 [ModalContext] INFO  o.a.m.s.f.DefaultMavenResourcesFiltering - skip non existing resourceDirectory C:\Users\User\eclipse-workspace\Wellness\WellnessForever\src\test\resources
2024-12-03 18:37:50,918 [ModalContext] INFO  o.a.m.c.event.ExecutionEventLogger - 
2024-12-03 18:37:50,919 [ModalContext] INFO  o.a.m.c.event.ExecutionEventLogger - [1m--- [0;32mcompiler:3.13.0:testCompile[m [1m(default-testCompile)[m @ [36mtyss-program-elements[0;1m ---[m
2024-12-03 18:37:50,928 [ModalContext] INFO  o.a.m.p.compiler.TestCompilerMojo - No sources to compile
2024-12-03 18:37:50,928 [ModalContext] INFO  o.a.m.c.event.ExecutionEventLogger - 
2024-12-03 18:37:50,928 [ModalContext] INFO  o.a.m.c.event.ExecutionEventLogger - [1m--- [0;32msurefire:3.2.5:test[m [1m(default-test)[m @ [36mtyss-program-elements[0;1m ---[m
2024-12-03 18:37:51,270 [ModalContext] INFO  o.a.m.p.surefire.SurefirePlugin - No tests to run.
2024-12-03 18:37:51,282 [ModalContext] INFO  o.a.m.c.event.ExecutionEventLogger - 
2024-12-03 18:37:51,282 [ModalContext] INFO  o.a.m.c.event.ExecutionEventLogger - [1m--- [0;32mjar:3.4.1:jar[m [1m(default-jar)[m @ [36mtyss-program-elements[0;1m ---[m
2024-12-03 18:37:51,652 [ModalContext] INFO  o.c.plexus.archiver.jar.JarArchiver - Building jar: C:\Users\User\eclipse-workspace\Wellness\WellnessForever\target\tyss-program-elements-1.0.jar
2024-12-03 18:37:51,732 [ModalContext] INFO  o.a.m.c.event.ExecutionEventLogger - 
2024-12-03 18:37:51,732 [ModalContext] INFO  o.a.m.c.event.ExecutionEventLogger - [1m--- [0;32mshade:3.5.0:shade[m [1m(default)[m @ [36mtyss-program-elements[0;1m ---[m
2024-12-03 18:37:51,887 [ModalContext] INFO  o.a.m.plugins.shade.mojo.ShadeMojo - Including com.fireflink:tyss-nlp-data-models:jar:0.0.5 in the shaded jar.
2024-12-03 18:37:51,887 [ModalContext] INFO  o.a.m.plugins.shade.mojo.ShadeMojo - Including org.springframework:spring-context:jar:5.3.24 in the shaded jar.
2024-12-03 18:37:51,887 [ModalContext] INFO  o.a.m.plugins.shade.mojo.ShadeMojo - Including org.springframework:spring-aop:jar:5.3.24 in the shaded jar.
2024-12-03 18:37:51,887 [ModalContext] INFO  o.a.m.plugins.shade.mojo.ShadeMojo - Including org.springframework:spring-beans:jar:5.3.24 in the shaded jar.
2024-12-03 18:37:51,887 [ModalContext] INFO  o.a.m.plugins.shade.mojo.ShadeMojo - Including org.springframework:spring-core:jar:5.3.24 in the shaded jar.
2024-12-03 18:37:51,887 [ModalContext] INFO  o.a.m.plugins.shade.mojo.ShadeMojo - Including org.springframework:spring-jcl:jar:5.3.24 in the shaded jar.
2024-12-03 18:37:51,887 [ModalContext] INFO  o.a.m.plugins.shade.mojo.ShadeMojo - Including org.springframework:spring-expression:jar:5.3.24 in the shaded jar.
2024-12-03 18:37:51,887 [ModalContext] INFO  o.a.m.plugins.shade.mojo.ShadeMojo - Including io.appium:java-client:jar:9.2.3 in the shaded jar.
2024-12-03 18:37:51,887 [ModalContext] INFO  o.a.m.plugins.shade.mojo.ShadeMojo - Including com.google.code.gson:gson:jar:2.11.0 in the shaded jar.
2024-12-03 18:37:51,888 [ModalContext] INFO  o.a.m.plugins.shade.mojo.ShadeMojo - Including com.google.errorprone:error_prone_annotations:jar:2.27.0 in the shaded jar.
2024-12-03 18:37:51,888 [ModalContext] INFO  o.a.m.plugins.shade.mojo.ShadeMojo - Including org.slf4j:slf4j-api:jar:2.0.13 in the shaded jar.
2024-12-03 18:37:51,888 [ModalContext] INFO  o.a.m.plugins.shade.mojo.ShadeMojo - Including org.seleniumhq.selenium:selenium-api:jar:4.19.1 in the shaded jar.
2024-12-03 18:37:51,888 [ModalContext] INFO  o.a.m.plugins.shade.mojo.ShadeMojo - Including org.seleniumhq.selenium:selenium-remote-driver:jar:4.19.1 in the shaded jar.
2024-12-03 18:37:51,888 [ModalContext] INFO  o.a.m.plugins.shade.mojo.ShadeMojo - Including com.google.auto.service:auto-service-annotations:jar:1.1.1 in the shaded jar.
2024-12-03 18:37:51,888 [ModalContext] INFO  o.a.m.plugins.shade.mojo.ShadeMojo - Including com.google.guava:guava:jar:33.1.0-jre in the shaded jar.
2024-12-03 18:37:51,888 [ModalContext] INFO  o.a.m.plugins.shade.mojo.ShadeMojo - Including com.google.guava:failureaccess:jar:1.0.2 in the shaded jar.
2024-12-03 18:37:51,888 [ModalContext] INFO  o.a.m.plugins.shade.mojo.ShadeMojo - Including com.google.guava:listenablefuture:jar:9999.0-empty-to-avoid-conflict-with-guava in the shaded jar.
2024-12-03 18:37:51,888 [ModalContext] INFO  o.a.m.plugins.shade.mojo.ShadeMojo - Including com.google.code.findbugs:jsr305:jar:3.0.2 in the shaded jar.
2024-12-03 18:37:51,888 [ModalContext] INFO  o.a.m.plugins.shade.mojo.ShadeMojo - Including org.checkerframework:checker-qual:jar:3.42.0 in the shaded jar.
2024-12-03 18:37:51,888 [ModalContext] INFO  o.a.m.plugins.shade.mojo.ShadeMojo - Including com.google.j2objc:j2objc-annotations:jar:3.0.0 in the shaded jar.
2024-12-03 18:37:51,888 [ModalContext] INFO  o.a.m.plugins.shade.mojo.ShadeMojo - Including io.opentelemetry.semconv:opentelemetry-semconv:jar:1.23.1-alpha in the shaded jar.
2024-12-03 18:37:51,888 [ModalContext] INFO  o.a.m.plugins.shade.mojo.ShadeMojo - Including io.opentelemetry:opentelemetry-api:jar:1.36.0 in the shaded jar.
2024-12-03 18:37:51,888 [ModalContext] INFO  o.a.m.plugins.shade.mojo.ShadeMojo - Including io.opentelemetry:opentelemetry-context:jar:1.36.0 in the shaded jar.
2024-12-03 18:37:51,888 [ModalContext] INFO  o.a.m.plugins.shade.mojo.ShadeMojo - Including io.opentelemetry:opentelemetry-exporter-logging:jar:1.36.0 in the shaded jar.
2024-12-03 18:37:51,888 [ModalContext] INFO  o.a.m.plugins.shade.mojo.ShadeMojo - Including io.opentelemetry:opentelemetry-sdk-common:jar:1.36.0 in the shaded jar.
2024-12-03 18:37:51,888 [ModalContext] INFO  o.a.m.plugins.shade.mojo.ShadeMojo - Including io.opentelemetry:opentelemetry-sdk-extension-autoconfigure-spi:jar:1.36.0 in the shaded jar.
2024-12-03 18:37:51,888 [ModalContext] INFO  o.a.m.plugins.shade.mojo.ShadeMojo - Including io.opentelemetry:opentelemetry-sdk-extension-autoconfigure:jar:1.36.0 in the shaded jar.
2024-12-03 18:37:51,888 [ModalContext] INFO  o.a.m.plugins.shade.mojo.ShadeMojo - Including io.opentelemetry:opentelemetry-api-events:jar:1.36.0-alpha in the shaded jar.
2024-12-03 18:37:51,888 [ModalContext] INFO  o.a.m.plugins.shade.mojo.ShadeMojo - Including io.opentelemetry:opentelemetry-sdk-trace:jar:1.36.0 in the shaded jar.
2024-12-03 18:37:51,888 [ModalContext] INFO  o.a.m.plugins.shade.mojo.ShadeMojo - Including io.opentelemetry:opentelemetry-extension-incubator:jar:1.36.0-alpha in the shaded jar.
2024-12-03 18:37:51,888 [ModalContext] INFO  o.a.m.plugins.shade.mojo.ShadeMojo - Including io.opentelemetry:opentelemetry-sdk:jar:1.36.0 in the shaded jar.
2024-12-03 18:37:51,888 [ModalContext] INFO  o.a.m.plugins.shade.mojo.ShadeMojo - Including io.opentelemetry:opentelemetry-sdk-metrics:jar:1.36.0 in the shaded jar.
2024-12-03 18:37:51,889 [ModalContext] INFO  o.a.m.plugins.shade.mojo.ShadeMojo - Including io.opentelemetry:opentelemetry-sdk-logs:jar:1.36.0 in the shaded jar.
2024-12-03 18:37:51,889 [ModalContext] INFO  o.a.m.plugins.shade.mojo.ShadeMojo - Including net.bytebuddy:byte-buddy:jar:1.14.12 in the shaded jar.
2024-12-03 18:37:51,889 [ModalContext] INFO  o.a.m.plugins.shade.mojo.ShadeMojo - Including org.seleniumhq.selenium:selenium-http:jar:4.19.1 in the shaded jar.
2024-12-03 18:37:51,889 [ModalContext] INFO  o.a.m.plugins.shade.mojo.ShadeMojo - Including dev.failsafe:failsafe:jar:3.3.2 in the shaded jar.
2024-12-03 18:37:51,889 [ModalContext] INFO  o.a.m.plugins.shade.mojo.ShadeMojo - Including org.seleniumhq.selenium:selenium-json:jar:4.19.1 in the shaded jar.
2024-12-03 18:37:51,889 [ModalContext] INFO  o.a.m.plugins.shade.mojo.ShadeMojo - Including org.seleniumhq.selenium:selenium-manager:jar:4.19.1 in the shaded jar.
2024-12-03 18:37:51,889 [ModalContext] INFO  o.a.m.plugins.shade.mojo.ShadeMojo - Including org.seleniumhq.selenium:selenium-os:jar:4.19.1 in the shaded jar.
2024-12-03 18:37:51,889 [ModalContext] INFO  o.a.m.plugins.shade.mojo.ShadeMojo - Including org.apache.commons:commons-exec:jar:1.3 in the shaded jar.
2024-12-03 18:37:51,892 [ModalContext] INFO  o.a.m.plugins.shade.mojo.ShadeMojo - Minimizing jar com.fireflink:tyss-program-elements:jar:1.0
2024-12-03 18:37:55,734 [ModalContext] INFO  o.a.m.plugins.shade.mojo.ShadeMojo - Dependency-reduced POM written at: C:\Users\User\eclipse-workspace\Wellness\WellnessForever\dependency-reduced-pom.xml
2024-12-03 18:37:55,976 [ModalContext] WARN  o.a.m.plugins.shade.DefaultShader - Discovered module-info.class. Shading will break its strong encapsulation.
2024-12-03 18:37:55,999 [ModalContext] WARN  o.a.m.plugins.shade.DefaultShader - Discovered module-info.class. Shading will break its strong encapsulation.
2024-12-03 18:37:56,648 [ModalContext] WARN  o.a.m.plugins.shade.DefaultShader - Discovered module-info.class. Shading will break its strong encapsulation.
2024-12-03 18:37:56,661 [ModalContext] WARN  o.a.m.plugins.shade.DefaultShader - Discovered module-info.class. Shading will break its strong encapsulation.
2024-12-03 18:37:56,667 [ModalContext] WARN  o.a.m.plugins.shade.DefaultShader - Discovered module-info.class. Shading will break its strong encapsulation.
2024-12-03 18:37:57,712 [ModalContext] WARN  o.a.m.plugins.shade.DefaultShader - Discovered module-info.class. Shading will break its strong encapsulation.
2024-12-03 18:37:57,726 [ModalContext] WARN  o.a.m.plugins.shade.DefaultShader - byte-buddy-1.14.12.jar, guava-33.1.0-jre.jar define 1 overlapping resource: 
2024-12-03 18:37:57,727 [ModalContext] WARN  o.a.m.plugins.shade.DefaultShader -   - META-INF/LICENSE
2024-12-03 18:37:57,727 [ModalContext] WARN  o.a.m.plugins.shade.DefaultShader - checker-qual-3.42.0.jar, commons-exec-1.3.jar, slf4j-api-2.0.13.jar define 1 overlapping resource: 
2024-12-03 18:37:57,728 [ModalContext] WARN  o.a.m.plugins.shade.DefaultShader -   - META-INF/LICENSE.txt
2024-12-03 18:37:57,728 [ModalContext] WARN  o.a.m.plugins.shade.DefaultShader - spring-aop-5.3.24.jar, spring-beans-5.3.24.jar, spring-context-5.3.24.jar define 3 overlapping resources: 
2024-12-03 18:37:57,728 [ModalContext] WARN  o.a.m.plugins.shade.DefaultShader -   - META-INF/spring.handlers
2024-12-03 18:37:57,729 [ModalContext] WARN  o.a.m.plugins.shade.DefaultShader -   - META-INF/spring.schemas
2024-12-03 18:37:57,729 [ModalContext] WARN  o.a.m.plugins.shade.DefaultShader -   - META-INF/spring.tooling
2024-12-03 18:37:57,729 [ModalContext] WARN  o.a.m.plugins.shade.DefaultShader - auto-service-annotations-1.1.1.jar, byte-buddy-1.14.12.jar, checker-qual-3.42.0.jar, commons-exec-1.3.jar, error_prone_annotations-2.27.0.jar, failsafe-3.3.2.jar, failureaccess-1.0.2.jar, gson-2.11.0.jar, guava-33.1.0-jre.jar, j2objc-annotations-3.0.0.jar, java-client-9.2.3.jar, jsr305-3.0.2.jar, listenablefuture-9999.0-empty-to-avoid-conflict-with-guava.jar, opentelemetry-api-1.36.0.jar, opentelemetry-api-events-1.36.0-alpha.jar, opentelemetry-context-1.36.0.jar, opentelemetry-exporter-logging-1.36.0.jar, opentelemetry-extension-incubator-1.36.0-alpha.jar, opentelemetry-sdk-1.36.0.jar, opentelemetry-sdk-common-1.36.0.jar, opentelemetry-sdk-extension-autoconfigure-1.36.0.jar, opentelemetry-sdk-extension-autoconfigure-spi-1.36.0.jar, opentelemetry-sdk-logs-1.36.0.jar, opentelemetry-sdk-metrics-1.36.0.jar, opentelemetry-sdk-trace-1.36.0.jar, opentelemetry-semconv-1.23.1-alpha.jar, selenium-api-4.19.1.jar, selenium-http-4.19.1.jar, selenium-json-4.19.1.jar, selenium-manager-4.19.1.jar, selenium-os-4.19.1.jar, selenium-remote-driver-4.19.1.jar, slf4j-api-2.0.13.jar, spring-aop-5.3.24.jar, spring-beans-5.3.24.jar, spring-context-5.3.24.jar, spring-core-5.3.24.jar, spring-expression-5.3.24.jar, spring-jcl-5.3.24.jar, tyss-nlp-data-models-0.0.5.jar, tyss-program-elements-1.0.jar define 1 overlapping resource: 
2024-12-03 18:37:57,729 [ModalContext] WARN  o.a.m.plugins.shade.DefaultShader -   - META-INF/MANIFEST.MF
2024-12-03 18:37:57,730 [ModalContext] WARN  o.a.m.plugins.shade.DefaultShader - byte-buddy-1.14.12.jar, error_prone_annotations-2.27.0.jar, failsafe-3.3.2.jar, gson-2.11.0.jar, j2objc-annotations-3.0.0.jar, slf4j-api-2.0.13.jar define 1 overlapping classes: 
2024-12-03 18:37:57,730 [ModalContext] WARN  o.a.m.plugins.shade.DefaultShader -   - META-INF.versions.9.module-info
2024-12-03 18:37:57,730 [ModalContext] WARN  o.a.m.plugins.shade.DefaultShader - spring-aop-5.3.24.jar, spring-beans-5.3.24.jar, spring-context-5.3.24.jar, spring-core-5.3.24.jar, spring-expression-5.3.24.jar, spring-jcl-5.3.24.jar define 2 overlapping resources: 
2024-12-03 18:37:57,730 [ModalContext] WARN  o.a.m.plugins.shade.DefaultShader -   - META-INF/license.txt
2024-12-03 18:37:57,731 [ModalContext] WARN  o.a.m.plugins.shade.DefaultShader -   - META-INF/notice.txt
2024-12-03 18:37:57,731 [ModalContext] WARN  o.a.m.plugins.shade.DefaultShader - maven-shade-plugin has detected that some files are
2024-12-03 18:37:57,731 [ModalContext] WARN  o.a.m.plugins.shade.DefaultShader - present in two or more JARs. When this happens, only one
2024-12-03 18:37:57,731 [ModalContext] WARN  o.a.m.plugins.shade.DefaultShader - single version of the file is copied to the uber jar.
2024-12-03 18:37:57,732 [ModalContext] WARN  o.a.m.plugins.shade.DefaultShader - Usually this is not harmful and you can skip these warnings,
2024-12-03 18:37:57,732 [ModalContext] WARN  o.a.m.plugins.shade.DefaultShader - otherwise try to manually exclude artifacts based on
2024-12-03 18:37:57,732 [ModalContext] WARN  o.a.m.plugins.shade.DefaultShader - mvn dependency:tree -Ddetail=true and the above output.
2024-12-03 18:37:57,733 [ModalContext] WARN  o.a.m.plugins.shade.DefaultShader - See https://maven.apache.org/plugins/maven-shade-plugin/
2024-12-03 18:37:57,740 [ModalContext] INFO  o.a.m.plugins.shade.mojo.ShadeMojo - Minimized 10588 -> 5343 (50%)
2024-12-03 18:37:57,741 [ModalContext] INFO  o.a.m.plugins.shade.mojo.ShadeMojo - Replacing original artifact with shaded artifact.
2024-12-03 18:37:57,741 [ModalContext] INFO  o.a.m.plugins.shade.mojo.ShadeMojo - Replacing C:\Users\User\eclipse-workspace\Wellness\WellnessForever\target\tyss-program-elements-1.0.jar with C:\Users\User\eclipse-workspace\Wellness\WellnessForever\target\tyss-program-elements-1.0-shaded.jar
2024-12-03 18:37:57,741 [ModalContext] INFO  o.a.m.c.event.ExecutionEventLogger - 
2024-12-03 18:37:57,741 [ModalContext] INFO  o.a.m.c.event.ExecutionEventLogger - [1m--- [0;32minstall:3.1.2:install[m [1m(default-install)[m @ [36mtyss-program-elements[0;1m ---[m
2024-12-03 18:37:57,778 [ModalContext] INFO  o.codehaus.plexus.PlexusContainer - Installing C:\Users\User\eclipse-workspace\Wellness\WellnessForever\dependency-reduced-pom.xml to C:\Users\User\.m2\repository\com\fireflink\tyss-program-elements\1.0\tyss-program-elements-1.0.pom
2024-12-03 18:37:57,782 [ModalContext] INFO  o.codehaus.plexus.PlexusContainer - Installing C:\Users\User\eclipse-workspace\Wellness\WellnessForever\target\tyss-program-elements-1.0.jar to C:\Users\User\.m2\repository\com\fireflink\tyss-program-elements\1.0\tyss-program-elements-1.0.jar
2024-12-03 18:37:57,811 [ModalContext] INFO  o.a.m.c.event.ExecutionEventLogger - [1m------------------------------------------------------------------------[m
2024-12-03 18:37:57,811 [ModalContext] INFO  o.a.m.c.event.ExecutionEventLogger - [1;32mBUILD SUCCESS[m
2024-12-03 18:37:57,811 [ModalContext] INFO  o.a.m.c.event.ExecutionEventLogger - [1m------------------------------------------------------------------------[m
2024-12-03 18:37:57,812 [ModalContext] INFO  o.a.m.c.event.ExecutionEventLogger - Total time:  11.599 s
2024-12-03 18:37:57,812 [ModalContext] INFO  o.a.m.c.event.ExecutionEventLogger - Finished at: 2024-12-03T18:37:57+05:30
2024-12-03 18:37:57,812 [ModalContext] INFO  o.a.m.c.event.ExecutionEventLogger - [1m------------------------------------------------------------------------[m
2024-12-03 18:37:57,812 [ModalContext] WARN  o.a.m.e.internal.EventSpyDispatcher - Failed to close spy org.eclipse.m2e.internal.maven.listener.M2EMavenBuildDataBridge: Cannot invoke "java.nio.channels.SocketChannel.close()" because "this.writeChannel" is null
2024-12-03 18:37:57,968 [Worker-29: Building] INFO  o.a.m.s.f.DefaultMavenResourcesFiltering - skip non existing resourceDirectory C:\Users\User\eclipse-workspace\Wellness\WellnessForever\src\main\resources
2024-12-03 18:37:57,973 [Worker-29: Building] INFO  o.a.m.s.f.DefaultMavenResourcesFiltering - skip non existing resourceDirectory C:\Users\User\eclipse-workspace\Wellness\WellnessForever\src\test\resources
2024-12-03 18:37:59,184 [Worker-8: Building] INFO  o.a.m.s.f.DefaultMavenResourcesFiltering - skip non existing resourceDirectory C:\Users\User\eclipse-workspace\Wellness\WellnessForever\src\main\resources
2024-12-03 18:37:59,188 [Worker-8: Building] INFO  o.a.m.s.f.DefaultMavenResourcesFiltering - skip non existing resourceDirectory C:\Users\User\eclipse-workspace\Wellness\WellnessForever\src\test\resources
2024-12-10 13:26:44,577 [Worker-6: Loading available Gradle versions] INFO  o.e.b.c.i.u.g.PublishedGradleVersions - Gradle version information cache is up-to-date. Trying to read.
