2024-07-05 16:48:39,807 [Worker-1: Loading available Gradle versions] INFO  o.e.b.c.i.u.g.PublishedGradleVersions - Gradle version information cache is up-to-date. Trying to read.
2024-07-05 17:23:30,524 [Worker-2: Loading available Gradle versions] INFO  o.e.b.c.i.u.g.PublishedGradleVersions - Gradle version information cache is up-to-date. Trying to read.
2024-07-05 17:24:33,359 [main] INFO  o.e.m.c.i.l.LifecycleMappingFactory - Using org.eclipse.m2e.jdt.JarLifecycleMapping lifecycle mapping for MavenProject: com.testyantra.optimize:tyss-program-elements:1.0 @ C:\Users\User\eclipse-workspace\ChoiceFinxNew\Choice FinX\pom.xml.
2024-07-05 17:24:36,174 [main] INFO  o.e.m.j.i.AbstractJavaProjectConfigurator - Adding source folder /Choice FinX/src/main/java
2024-07-05 17:24:36,175 [main] INFO  o.e.m.j.i.AbstractJavaProjectConfigurator - Adding resource folder /Choice FinX/src/main/resources
2024-07-05 17:24:36,176 [main] INFO  o.e.m.j.i.AbstractJavaProjectConfigurator - Adding source folder /Choice FinX/src/test/java
2024-07-05 17:24:36,176 [main] INFO  o.e.m.j.i.AbstractJavaProjectConfigurator - Adding resource folder /Choice FinX/src/test/resources
2024-07-05 17:24:37,465 [Worker-16: Building] INFO  o.a.m.s.f.DefaultMavenResourcesFiltering - skip non existing resourceDirectory C:\Users\User\eclipse-workspace\ChoiceFinxNew\Choice FinX\src\main\resources
2024-07-05 17:24:37,470 [Worker-16: Building] INFO  o.a.m.s.f.DefaultMavenResourcesFiltering - skip non existing resourceDirectory C:\Users\User\eclipse-workspace\ChoiceFinxNew\Choice FinX\src\test\resources
2024-07-05 17:24:40,359 [Worker-5: Building] INFO  o.e.m.c.i.l.LifecycleMappingFactory - Using org.eclipse.m2e.jdt.JarLifecycleMapping lifecycle mapping for MavenProject: com.testyantra.optimize:tyss-program-elements:1.0 @ C:\Users\User\eclipse-workspace\ChoiceFinxNew\Choice FinX\pom.xml.
2024-07-05 17:24:43,268 [Worker-5: Building] INFO  o.a.m.s.f.DefaultMavenResourcesFiltering - skip non existing resourceDirectory C:\Users\User\eclipse-workspace\ChoiceFinxNew\Choice FinX\src\main\resources
2024-07-05 17:24:43,274 [Worker-5: Building] INFO  o.a.m.s.f.DefaultMavenResourcesFiltering - skip non existing resourceDirectory C:\Users\User\eclipse-workspace\ChoiceFinxNew\Choice FinX\src\test\resources
2024-07-05 17:25:28,679 [Start Help Server] INFO  org.eclipse.jetty.server.Server - jetty-10.0.15; built: 2023-04-11T17:25:14.480Z; git: 68017dbd00236bb7e187330d7585a059610f661d; jvm 17.0.8.1+1
2024-07-05 17:25:28,727 [Start Help Server] INFO  o.e.j.s.s.DefaultSessionIdManager - Session workerName=node0
2024-07-05 17:25:28,767 [Start Help Server] INFO  o.e.j.server.handler.ContextHandler - Started o.e.j.s.ServletContextHandler@74b3237b{/help,null,AVAILABLE}
2024-07-05 17:25:28,782 [Start Help Server] INFO  o.e.jetty.server.AbstractConnector - Started ServerConnector@52965c76{HTTP/1.1, (http/1.1)}{127.0.0.1:61163}
2024-07-05 17:25:28,788 [Start Help Server] INFO  org.eclipse.jetty.server.Server - Started Server@698df4b4{STARTING}[10.0.15,sto=0] @125042ms
2024-07-05 19:01:54,722 [Worker-29: Building] INFO  o.a.m.s.f.DefaultMavenResourcesFiltering - skip non existing resourceDirectory C:\Users\User\eclipse-workspace\ChoiceFinxNew\Choice FinX\src\main\resources
2024-07-05 19:01:54,740 [Worker-29: Building] INFO  o.a.m.s.f.DefaultMavenResourcesFiltering - skip non existing resourceDirectory C:\Users\User\eclipse-workspace\ChoiceFinxNew\Choice FinX\src\test\resources
2024-07-05 19:01:57,746 [Stop Help Server] INFO  org.eclipse.jetty.server.Server - Stopped Server@698df4b4{STOPPING}[10.0.15,sto=0]
2024-07-05 19:01:57,788 [Stop Help Server] INFO  o.e.jetty.server.AbstractConnector - Stopped ServerConnector@52965c76{HTTP/1.1, (http/1.1)}{127.0.0.1:0}
2024-07-05 19:01:57,824 [Stop Help Server] INFO  o.e.j.server.handler.ContextHandler - Stopped o.e.j.s.ServletContextHandler@74b3237b{/help,null,STOPPED}
2024-07-09 10:30:52,861 [Worker-5: Loading available Gradle versions] INFO  o.e.b.c.i.u.g.PublishedGradleVersions - Gradle version information cache is out-of-date. Trying to update.
2024-07-09 10:35:26,345 [Worker-14: Building] INFO  o.e.m.c.i.e.AbstractTransferListenerAdapter - Downloading https://s01.oss.sonatype.org/content/repositories/snapshots/com/testyantra/optimize/tyss-data-models/1.0-SNAPSHOT/maven-metadata.xml
2024-07-09 10:35:26,765 [Worker-14: Building] INFO  o.e.m.c.i.e.AbstractTransferListenerAdapter - Downloaded https://s01.oss.sonatype.org/content/repositories/snapshots/com/testyantra/optimize/tyss-data-models/1.0-SNAPSHOT/maven-metadata.xml
2024-07-09 10:35:31,231 [Worker-14: Building] INFO  o.e.m.c.i.e.AbstractTransferListenerAdapter - Downloading https://s01.oss.sonatype.org/content/repositories/snapshots/com/testyantra/optimize/tyss-common/1.0-SNAPSHOT/maven-metadata.xml
2024-07-09 10:35:31,539 [Worker-14: Building] INFO  o.e.m.c.i.e.AbstractTransferListenerAdapter - Downloaded https://s01.oss.sonatype.org/content/repositories/snapshots/com/testyantra/optimize/tyss-common/1.0-SNAPSHOT/maven-metadata.xml
2024-07-09 10:35:31,869 [Worker-14: Building] INFO  o.e.m.c.i.e.AbstractTransferListenerAdapter - Downloading https://s01.oss.sonatype.org/content/repositories/snapshots/com/testyantra/optimize/OPTIMIZE/1.0-SNAPSHOT/maven-metadata.xml
2024-07-09 10:35:32,145 [Worker-14: Building] INFO  o.e.m.c.i.e.AbstractTransferListenerAdapter - Downloaded https://s01.oss.sonatype.org/content/repositories/snapshots/com/testyantra/optimize/OPTIMIZE/1.0-SNAPSHOT/maven-metadata.xml
2024-07-09 10:35:45,281 [Worker-14: Building] INFO  o.e.m.c.i.e.AbstractTransferListenerAdapter - Downloading https://s01.oss.sonatype.org/content/repositories/snapshots/com/testyantra/optimize/tyss-config/1.0-SNAPSHOT/maven-metadata.xml
2024-07-09 10:35:45,654 [Worker-14: Building] INFO  o.e.m.c.i.e.AbstractTransferListenerAdapter - Downloaded https://s01.oss.sonatype.org/content/repositories/snapshots/com/testyantra/optimize/tyss-config/1.0-SNAPSHOT/maven-metadata.xml
2024-07-09 10:35:51,155 [DefaultMetadataResolver-0-1] INFO  o.e.m.c.i.e.AbstractTransferListenerAdapter - Downloading https://repo.maven.apache.org/maven2/net/minidev/json-smart/maven-metadata.xml
2024-07-09 10:35:51,231 [DefaultMetadataResolver-0-1] INFO  o.e.m.c.i.e.AbstractTransferListenerAdapter - Downloaded https://repo.maven.apache.org/maven2/net/minidev/json-smart/maven-metadata.xml
2024-07-09 10:35:51,236 [DefaultMetadataResolver-0-0] INFO  o.e.m.c.i.e.AbstractTransferListenerAdapter - Downloaded https://s01.oss.sonatype.org/content/repositories/snapshots/net/minidev/json-smart/maven-metadata.xml
2024-07-09 10:35:51,968 [DefaultMetadataResolver-0-2] INFO  o.e.m.c.i.e.AbstractTransferListenerAdapter - Downloaded https://build.shibboleth.net/nexus/content/repositories/releases/net/minidev/json-smart/maven-metadata.xml
2024-07-09 10:36:04,279 [Worker-14: Building] INFO  o.e.m.c.i.l.LifecycleMappingFactory - Using org.eclipse.m2e.jdt.JarLifecycleMapping lifecycle mapping for MavenProject: com.testyantra.optimize:tyss-program-elements:1.0 @ C:\Users\User\eclipse-workspace\ChoiceFinxNew\Choice FinX\pom.xml.
2024-07-09 10:36:21,293 [Worker-14: Building] INFO  o.a.m.s.f.DefaultMavenResourcesFiltering - skip non existing resourceDirectory C:\Users\User\eclipse-workspace\ChoiceFinxNew\Choice FinX\src\main\resources
2024-07-09 10:36:21,302 [Worker-14: Building] INFO  o.a.m.s.f.DefaultMavenResourcesFiltering - skip non existing resourceDirectory C:\Users\User\eclipse-workspace\ChoiceFinxNew\Choice FinX\src\test\resources
2024-07-09 10:36:26,194 [Worker-11: Building] INFO  o.a.m.s.f.DefaultMavenResourcesFiltering - skip non existing resourceDirectory C:\Users\User\eclipse-workspace\ChoiceFinxNew\Choice FinX\src\main\resources
2024-07-09 10:36:26,204 [Worker-11: Building] INFO  o.a.m.s.f.DefaultMavenResourcesFiltering - skip non existing resourceDirectory C:\Users\User\eclipse-workspace\ChoiceFinxNew\Choice FinX\src\test\resources
2024-07-09 10:36:31,512 [Worker-22: Building] INFO  o.a.m.s.f.DefaultMavenResourcesFiltering - skip non existing resourceDirectory C:\Users\User\eclipse-workspace\ChoiceFinxNew\Choice FinX\src\main\resources
2024-07-09 10:36:31,519 [Worker-22: Building] INFO  o.a.m.s.f.DefaultMavenResourcesFiltering - skip non existing resourceDirectory C:\Users\User\eclipse-workspace\ChoiceFinxNew\Choice FinX\src\test\resources
2024-07-09 10:36:37,633 [Worker-11: Building] INFO  o.a.m.s.f.DefaultMavenResourcesFiltering - skip non existing resourceDirectory C:\Users\User\eclipse-workspace\ChoiceFinxNew\Choice FinX\src\main\resources
2024-07-09 10:36:37,641 [Worker-11: Building] INFO  o.a.m.s.f.DefaultMavenResourcesFiltering - skip non existing resourceDirectory C:\Users\User\eclipse-workspace\ChoiceFinxNew\Choice FinX\src\test\resources
2024-07-09 10:37:11,892 [Worker-13: Building] INFO  o.a.m.s.f.DefaultMavenResourcesFiltering - skip non existing resourceDirectory C:\Users\User\eclipse-workspace\ChoiceFinxNew\Choice FinX\src\main\resources
2024-07-09 10:37:11,911 [Worker-13: Building] INFO  o.a.m.s.f.DefaultMavenResourcesFiltering - skip non existing resourceDirectory C:\Users\User\eclipse-workspace\ChoiceFinxNew\Choice FinX\src\test\resources
2024-07-09 10:38:22,509 [Worker-9: Building] INFO  o.a.m.s.f.DefaultMavenResourcesFiltering - skip non existing resourceDirectory C:\Users\User\eclipse-workspace\ChoiceFinxNew\Choice FinX\src\main\resources
2024-07-09 10:38:22,516 [Worker-9: Building] INFO  o.a.m.s.f.DefaultMavenResourcesFiltering - skip non existing resourceDirectory C:\Users\User\eclipse-workspace\ChoiceFinxNew\Choice FinX\src\test\resources
2024-07-16 18:06:48,915 [Worker-4: Loading available Gradle versions] INFO  o.e.b.c.i.u.g.PublishedGradleVersions - Gradle version information cache is up-to-date. Trying to read.
2024-07-19 10:53:12,460 [Worker-5: Loading available Gradle versions] INFO  o.e.b.c.i.u.g.PublishedGradleVersions - Gradle version information cache is out-of-date. Trying to update.
2024-07-30 15:10:51,441 [Worker-1: Loading available Gradle versions] INFO  o.e.b.c.i.u.g.PublishedGradleVersions - Gradle version information cache is out-of-date. Trying to update.
2024-08-09 18:36:27,350 [Worker-5: Loading available Gradle versions] INFO  o.e.b.c.i.u.g.PublishedGradleVersions - Gradle version information cache is up-to-date. Trying to read.
2024-09-05 11:00:51,741 [Worker-3: Loading available Gradle versions] INFO  o.e.b.c.i.u.g.PublishedGradleVersions - Gradle version information cache is up-to-date. Trying to read.
2024-09-05 11:00:55,032 [Worker-12: Building] INFO  o.e.m.c.i.e.AbstractTransferListenerAdapter - Downloaded https://s01.oss.sonatype.org/content/repositories/snapshots/com/testyantra/optimize/tyss-data-models/1.0-SNAPSHOT/maven-metadata.xml
2024-09-05 11:00:57,081 [Worker-12: Building] INFO  o.e.m.c.i.e.AbstractTransferListenerAdapter - Downloaded https://s01.oss.sonatype.org/content/repositories/snapshots/com/testyantra/optimize/tyss-common/1.0-SNAPSHOT/maven-metadata.xml
2024-09-05 11:00:57,354 [Worker-12: Building] INFO  o.e.m.c.i.e.AbstractTransferListenerAdapter - Downloaded https://s01.oss.sonatype.org/content/repositories/snapshots/com/testyantra/optimize/OPTIMIZE/1.0-SNAPSHOT/maven-metadata.xml
2024-09-05 11:01:04,199 [Worker-12: Building] INFO  o.e.m.c.i.e.AbstractTransferListenerAdapter - Downloaded https://s01.oss.sonatype.org/content/repositories/snapshots/com/testyantra/optimize/tyss-config/1.0-SNAPSHOT/maven-metadata.xml
2024-09-05 11:01:06,999 [DefaultMetadataResolver-0-1] INFO  o.e.m.c.i.e.AbstractTransferListenerAdapter - Downloading https://repo.maven.apache.org/maven2/net/minidev/json-smart/maven-metadata.xml
2024-09-05 11:01:07,028 [DefaultMetadataResolver-0-0] INFO  o.e.m.c.i.e.AbstractTransferListenerAdapter - Downloaded https://s01.oss.sonatype.org/content/repositories/snapshots/net/minidev/json-smart/maven-metadata.xml
2024-09-05 11:01:07,046 [DefaultMetadataResolver-0-1] INFO  o.e.m.c.i.e.AbstractTransferListenerAdapter - Downloaded https://repo.maven.apache.org/maven2/net/minidev/json-smart/maven-metadata.xml
2024-09-05 11:01:07,826 [DefaultMetadataResolver-0-2] INFO  o.e.m.c.i.e.AbstractTransferListenerAdapter - Downloaded https://build.shibboleth.net/nexus/content/repositories/releases/net/minidev/json-smart/maven-metadata.xml
2024-09-05 11:01:13,365 [Worker-12: Building] INFO  o.a.m.s.f.DefaultMavenResourcesFiltering - skip non existing resourceDirectory C:\Users\User\eclipse-workspace\ChoiceFinxNew\Choice FinX\src\main\resources
2024-09-05 11:01:13,370 [Worker-12: Building] INFO  o.a.m.s.f.DefaultMavenResourcesFiltering - skip non existing resourceDirectory C:\Users\User\eclipse-workspace\ChoiceFinxNew\Choice FinX\src\test\resources
2024-09-05 15:01:12,779 [Worker-30: Building] INFO  o.a.m.s.f.DefaultMavenResourcesFiltering - skip non existing resourceDirectory C:\Users\User\eclipse-workspace\ChoiceFinxNew\Choice FinX\src\main\resources
2024-09-05 15:01:12,786 [Worker-30: Building] INFO  o.a.m.s.f.DefaultMavenResourcesFiltering - skip non existing resourceDirectory C:\Users\User\eclipse-workspace\ChoiceFinxNew\Choice FinX\src\test\resources
2024-09-11 12:56:18,351 [Worker-2: Loading available Gradle versions] INFO  o.e.b.c.i.u.g.PublishedGradleVersions - Gradle version information cache is out-of-date. Trying to update.
2024-09-13 12:52:12,834 [Worker-1: Loading available Gradle versions] INFO  o.e.b.c.i.u.g.PublishedGradleVersions - Gradle version information cache is out-of-date. Trying to update.
2024-09-13 13:13:58,573 [Start Help Server] INFO  org.eclipse.jetty.server.Server - jetty-10.0.15; built: 2023-04-11T17:25:14.480Z; git: 68017dbd00236bb7e187330d7585a059610f661d; jvm 17.0.8.1+1
2024-09-13 13:13:58,656 [Start Help Server] INFO  o.e.j.s.s.DefaultSessionIdManager - Session workerName=node0
2024-09-13 13:13:58,747 [Start Help Server] INFO  o.e.j.server.handler.ContextHandler - Started o.e.j.s.ServletContextHandler@49f7e0b2{/help,null,AVAILABLE}
2024-09-13 13:13:58,812 [Start Help Server] INFO  o.e.jetty.server.AbstractConnector - Started ServerConnector@4d47fe8b{HTTP/1.1, (http/1.1)}{127.0.0.1:49321}
2024-09-13 13:13:58,826 [Start Help Server] INFO  org.eclipse.jetty.server.Server - Started Server@1876f220{STARTING}[10.0.15,sto=0] @1403556ms
2024-09-13 17:41:48,437 [Stop Help Server] INFO  org.eclipse.jetty.server.Server - Stopped Server@1876f220{STOPPING}[10.0.15,sto=0]
2024-09-13 17:41:48,451 [Stop Help Server] INFO  o.e.jetty.server.AbstractConnector - Stopped ServerConnector@4d47fe8b{HTTP/1.1, (http/1.1)}{127.0.0.1:0}
2024-09-13 17:41:48,475 [Stop Help Server] INFO  o.e.j.server.handler.ContextHandler - Stopped o.e.j.s.ServletContextHandler@49f7e0b2{/help,null,STOPPED}
2024-09-20 11:26:33,098 [Worker-1: Loading available Gradle versions] INFO  o.e.b.c.i.u.g.PublishedGradleVersions - Gradle version information cache is up-to-date. Trying to read.
2024-09-23 11:01:51,568 [Worker-1: Loading available Gradle versions] INFO  o.e.b.c.i.u.g.PublishedGradleVersions - Gradle version information cache is out-of-date. Trying to update.
2024-09-23 12:29:14,866 [Worker-4: Loading available Gradle versions] INFO  o.e.b.c.i.u.g.PublishedGradleVersions - Gradle version information cache is up-to-date. Trying to read.
2024-09-23 13:13:20,404 [Worker-5: Loading available Gradle versions] INFO  o.e.b.c.i.u.g.PublishedGradleVersions - Gradle version information cache is up-to-date. Trying to read.
2024-09-23 16:24:07,928 [Worker-7: Loading available Gradle versions] INFO  o.e.b.c.i.u.g.PublishedGradleVersions - Gradle version information cache is up-to-date. Trying to read.
2024-09-23 18:37:11,358 [Worker-1: Loading available Gradle versions] INFO  o.e.b.c.i.u.g.PublishedGradleVersions - Gradle version information cache is up-to-date. Trying to read.
2024-09-25 17:48:54,914 [Worker-1: Loading available Gradle versions] INFO  o.e.b.c.i.u.g.PublishedGradleVersions - Gradle version information cache is out-of-date. Trying to update.
2024-09-25 17:49:06,385 [Worker-6: Deferred Early Start] INFO  o.a.h.c.h.i.c.HttpRequestRetryExec - Recoverable I/O exception (java.net.SocketException) caught when processing request to {s}->https://www.eclipse.org:443
2024-09-26 15:15:43,412 [Worker-6: Loading available Gradle versions] INFO  o.e.b.c.i.u.g.PublishedGradleVersions - Gradle version information cache is up-to-date. Trying to read.
2024-10-18 15:52:16,199 [Worker-0: Loading available Gradle versions] INFO  o.e.b.c.i.u.g.PublishedGradleVersions - Gradle version information cache is up-to-date. Trying to read.
2024-10-18 15:52:51,246 [Worker-7: Building] INFO  o.e.m.c.i.e.AbstractTransferListenerAdapter - Downloaded https://s01.oss.sonatype.org/content/repositories/snapshots/com/testyantra/optimize/tyss-data-models/1.0-SNAPSHOT/maven-metadata.xml
2024-10-18 15:52:53,034 [Worker-7: Building] INFO  o.e.m.c.i.e.AbstractTransferListenerAdapter - Downloaded https://s01.oss.sonatype.org/content/repositories/snapshots/com/testyantra/optimize/tyss-common/1.0-SNAPSHOT/maven-metadata.xml
2024-10-18 15:52:53,399 [Worker-7: Building] INFO  o.e.m.c.i.e.AbstractTransferListenerAdapter - Downloaded https://s01.oss.sonatype.org/content/repositories/snapshots/com/testyantra/optimize/OPTIMIZE/1.0-SNAPSHOT/maven-metadata.xml
2024-10-18 15:52:56,340 [Worker-7: Building] INFO  o.e.m.c.i.e.AbstractTransferListenerAdapter - Downloaded https://s01.oss.sonatype.org/content/repositories/snapshots/com/testyantra/optimize/tyss-config/1.0-SNAPSHOT/maven-metadata.xml
2024-10-18 15:52:57,226 [DefaultMetadataResolver-0-1] INFO  o.e.m.c.i.e.AbstractTransferListenerAdapter - Downloading https://repo.maven.apache.org/maven2/net/minidev/json-smart/maven-metadata.xml
2024-10-18 15:52:57,247 [DefaultMetadataResolver-0-1] INFO  o.e.m.c.i.e.AbstractTransferListenerAdapter - Downloaded https://repo.maven.apache.org/maven2/net/minidev/json-smart/maven-metadata.xml
2024-10-18 15:52:57,360 [DefaultMetadataResolver-0-0] INFO  o.e.m.c.i.e.AbstractTransferListenerAdapter - Downloaded https://s01.oss.sonatype.org/content/repositories/snapshots/net/minidev/json-smart/maven-metadata.xml
2024-10-18 15:52:58,060 [DefaultMetadataResolver-0-2] INFO  o.e.m.c.i.e.AbstractTransferListenerAdapter - Downloaded https://build.shibboleth.net/nexus/content/repositories/releases/net/minidev/json-smart/maven-metadata.xml
2024-10-18 15:53:00,156 [Worker-7: Building] INFO  o.a.m.s.f.DefaultMavenResourcesFiltering - skip non existing resourceDirectory C:\Users\User\eclipse-workspace\ChoiceFinxNew\Choice FinX\src\main\resources
2024-10-18 15:53:00,167 [Worker-7: Building] INFO  o.a.m.s.f.DefaultMavenResourcesFiltering - skip non existing resourceDirectory C:\Users\User\eclipse-workspace\ChoiceFinxNew\Choice FinX\src\test\resources
2024-10-18 15:53:04,916 [Worker-15: Building] INFO  o.a.m.s.f.DefaultMavenResourcesFiltering - skip non existing resourceDirectory C:\Users\User\eclipse-workspace\ChoiceFinxNew\Choice FinX\src\main\resources
2024-10-18 15:53:04,923 [Worker-15: Building] INFO  o.a.m.s.f.DefaultMavenResourcesFiltering - skip non existing resourceDirectory C:\Users\User\eclipse-workspace\ChoiceFinxNew\Choice FinX\src\test\resources
2024-10-18 15:53:17,354 [Worker-0: Building] INFO  o.a.m.s.f.DefaultMavenResourcesFiltering - skip non existing resourceDirectory C:\Users\User\eclipse-workspace\ChoiceFinxNew\Choice FinX\src\main\resources
2024-10-18 15:53:17,365 [Worker-0: Building] INFO  o.a.m.s.f.DefaultMavenResourcesFiltering - skip non existing resourceDirectory C:\Users\User\eclipse-workspace\ChoiceFinxNew\Choice FinX\src\test\resources
2024-10-18 16:09:42,165 [Worker-26: Building] INFO  o.a.m.s.f.DefaultMavenResourcesFiltering - skip non existing resourceDirectory C:\Users\User\eclipse-workspace\ChoiceFinxNew\Choice FinX\src\main\resources
2024-10-18 16:09:42,172 [Worker-26: Building] INFO  o.a.m.s.f.DefaultMavenResourcesFiltering - skip non existing resourceDirectory C:\Users\User\eclipse-workspace\ChoiceFinxNew\Choice FinX\src\test\resources
2024-10-18 16:13:28,646 [Worker-10: Building] INFO  o.a.m.s.f.DefaultMavenResourcesFiltering - skip non existing resourceDirectory C:\Users\User\eclipse-workspace\ChoiceFinxNew\Choice FinX\src\main\resources
2024-10-18 16:13:28,653 [Worker-10: Building] INFO  o.a.m.s.f.DefaultMavenResourcesFiltering - skip non existing resourceDirectory C:\Users\User\eclipse-workspace\ChoiceFinxNew\Choice FinX\src\test\resources
2024-10-18 16:16:03,912 [Worker-29: Building] INFO  o.a.m.s.f.DefaultMavenResourcesFiltering - skip non existing resourceDirectory C:\Users\User\eclipse-workspace\ChoiceFinxNew\Choice FinX\src\main\resources
2024-10-18 16:16:03,919 [Worker-29: Building] INFO  o.a.m.s.f.DefaultMavenResourcesFiltering - skip non existing resourceDirectory C:\Users\User\eclipse-workspace\ChoiceFinxNew\Choice FinX\src\test\resources
2024-10-18 16:18:47,895 [Worker-29: Building] INFO  o.a.m.s.f.DefaultMavenResourcesFiltering - skip non existing resourceDirectory C:\Users\User\eclipse-workspace\ChoiceFinxNew\Choice FinX\src\main\resources
2024-10-18 16:18:47,899 [Worker-29: Building] INFO  o.a.m.s.f.DefaultMavenResourcesFiltering - skip non existing resourceDirectory C:\Users\User\eclipse-workspace\ChoiceFinxNew\Choice FinX\src\test\resources
2024-10-18 16:19:02,573 [Worker-28: Building] INFO  o.a.m.s.f.DefaultMavenResourcesFiltering - skip non existing resourceDirectory C:\Users\User\eclipse-workspace\ChoiceFinxNew\Choice FinX\src\main\resources
2024-10-18 16:19:02,576 [Worker-28: Building] INFO  o.a.m.s.f.DefaultMavenResourcesFiltering - skip non existing resourceDirectory C:\Users\User\eclipse-workspace\ChoiceFinxNew\Choice FinX\src\test\resources
2024-10-18 16:19:16,922 [Worker-30: Building] INFO  o.a.m.s.f.DefaultMavenResourcesFiltering - skip non existing resourceDirectory C:\Users\User\eclipse-workspace\ChoiceFinxNew\Choice FinX\src\main\resources
2024-10-18 16:19:16,930 [Worker-30: Building] INFO  o.a.m.s.f.DefaultMavenResourcesFiltering - skip non existing resourceDirectory C:\Users\User\eclipse-workspace\ChoiceFinxNew\Choice FinX\src\test\resources
2024-10-18 16:20:27,385 [Worker-28: Building] INFO  o.a.m.s.f.DefaultMavenResourcesFiltering - skip non existing resourceDirectory C:\Users\User\eclipse-workspace\ChoiceFinxNew\Choice FinX\src\main\resources
2024-10-18 16:20:27,392 [Worker-28: Building] INFO  o.a.m.s.f.DefaultMavenResourcesFiltering - skip non existing resourceDirectory C:\Users\User\eclipse-workspace\ChoiceFinxNew\Choice FinX\src\test\resources
2024-10-18 16:20:33,514 [Worker-29: Building] INFO  o.a.m.s.f.DefaultMavenResourcesFiltering - skip non existing resourceDirectory C:\Users\User\eclipse-workspace\ChoiceFinxNew\Choice FinX\src\main\resources
2024-10-18 16:20:33,519 [Worker-29: Building] INFO  o.a.m.s.f.DefaultMavenResourcesFiltering - skip non existing resourceDirectory C:\Users\User\eclipse-workspace\ChoiceFinxNew\Choice FinX\src\test\resources
2024-10-18 16:20:54,497 [Worker-31: Building] INFO  o.a.m.s.f.DefaultMavenResourcesFiltering - skip non existing resourceDirectory C:\Users\User\eclipse-workspace\ChoiceFinxNew\Choice FinX\src\main\resources
2024-10-18 16:20:54,502 [Worker-31: Building] INFO  o.a.m.s.f.DefaultMavenResourcesFiltering - skip non existing resourceDirectory C:\Users\User\eclipse-workspace\ChoiceFinxNew\Choice FinX\src\test\resources
2024-10-18 16:21:14,679 [Worker-28: Building] INFO  o.a.m.s.f.DefaultMavenResourcesFiltering - skip non existing resourceDirectory C:\Users\User\eclipse-workspace\ChoiceFinxNew\Choice FinX\src\main\resources
2024-10-18 16:21:14,685 [Worker-28: Building] INFO  o.a.m.s.f.DefaultMavenResourcesFiltering - skip non existing resourceDirectory C:\Users\User\eclipse-workspace\ChoiceFinxNew\Choice FinX\src\test\resources
2024-10-18 16:21:46,860 [Worker-31: Building] INFO  o.a.m.s.f.DefaultMavenResourcesFiltering - skip non existing resourceDirectory C:\Users\User\eclipse-workspace\ChoiceFinxNew\Choice FinX\src\main\resources
2024-10-18 16:21:46,909 [Worker-31: Building] INFO  o.a.m.s.f.DefaultMavenResourcesFiltering - skip non existing resourceDirectory C:\Users\User\eclipse-workspace\ChoiceFinxNew\Choice FinX\src\test\resources
2024-11-12 10:22:04,545 [Worker-1: Loading available Gradle versions] INFO  o.e.b.c.i.u.g.PublishedGradleVersions - Gradle version information cache is up-to-date. Trying to read.
2024-11-12 10:23:47,777 [Worker-8: reload maven project] INFO  o.e.m.c.i.e.AbstractTransferListenerAdapter - Downloaded https://s01.oss.sonatype.org/content/repositories/snapshots/com/testyantra/optimize/tyss-data-models/1.0-SNAPSHOT/maven-metadata.xml
2024-11-12 10:23:49,290 [Worker-8: reload maven project] INFO  o.e.m.c.i.e.AbstractTransferListenerAdapter - Downloaded https://s01.oss.sonatype.org/content/repositories/snapshots/com/testyantra/optimize/tyss-common/1.0-SNAPSHOT/maven-metadata.xml
2024-11-12 10:23:49,618 [Worker-8: reload maven project] INFO  o.e.m.c.i.e.AbstractTransferListenerAdapter - Downloaded https://s01.oss.sonatype.org/content/repositories/snapshots/com/testyantra/optimize/OPTIMIZE/1.0-SNAPSHOT/maven-metadata.xml
2024-11-12 10:23:55,128 [Worker-8: reload maven project] INFO  o.e.m.c.i.e.AbstractTransferListenerAdapter - Downloaded https://s01.oss.sonatype.org/content/repositories/snapshots/com/testyantra/optimize/tyss-config/1.0-SNAPSHOT/maven-metadata.xml
2024-11-12 10:23:56,463 [DefaultMetadataResolver-0-0] INFO  o.e.m.c.i.e.AbstractTransferListenerAdapter - Downloaded https://s01.oss.sonatype.org/content/repositories/snapshots/net/minidev/json-smart/maven-metadata.xml
2024-11-12 10:23:56,543 [DefaultMetadataResolver-0-1] INFO  o.e.m.c.i.e.AbstractTransferListenerAdapter - Downloading https://repo.maven.apache.org/maven2/net/minidev/json-smart/maven-metadata.xml
2024-11-12 10:23:56,571 [DefaultMetadataResolver-0-1] INFO  o.e.m.c.i.e.AbstractTransferListenerAdapter - Downloaded https://repo.maven.apache.org/maven2/net/minidev/json-smart/maven-metadata.xml
2024-11-12 10:23:57,162 [DefaultMetadataResolver-0-2] INFO  o.e.m.c.i.e.AbstractTransferListenerAdapter - Downloaded https://build.shibboleth.net/nexus/content/repositories/releases/net/minidev/json-smart/maven-metadata.xml
2024-11-14 14:48:15,146 [Worker-4: Loading available Gradle versions] INFO  o.e.b.c.i.u.g.PublishedGradleVersions - Gradle version information cache is up-to-date. Trying to read.
2024-12-03 11:25:35,938 [Worker-1: Loading available Gradle versions] INFO  o.e.b.c.i.u.g.PublishedGradleVersions - Gradle version information cache is up-to-date. Trying to read.
2024-12-03 15:27:03,171 [Worker-2: Loading available Gradle versions] INFO  o.e.b.c.i.u.g.PublishedGradleVersions - Gradle version information cache is up-to-date. Trying to read.
2024-12-03 15:28:39,217 [Worker-7: Building] INFO  o.a.m.s.f.DefaultMavenResourcesFiltering - skip non existing resourceDirectory C:\Users\User\eclipse-workspace\ChoiceFinxNew\Choice FinX\src\main\resources
2024-12-03 15:28:39,228 [Worker-7: Building] INFO  o.a.m.s.f.DefaultMavenResourcesFiltering - skip non existing resourceDirectory C:\Users\User\eclipse-workspace\ChoiceFinxNew\Choice FinX\src\test\resources
2024-12-03 15:28:44,123 [Start Help Server] INFO  org.eclipse.jetty.server.Server - jetty-12.0.12; built: 2024-07-25T21:58:37.668Z; git: cc6f1b74db755fed228b50701ad967aeaa68e83f; jvm 22.0.2+9
2024-12-03 15:28:44,243 [Start Help Server] INFO  o.e.j.server.handler.ContextHandler - Started oeje8n.ContextHandler$CoreContextHandler@467089a8{/help,/help,b=null,a=AVAILABLE,h=oeje8n.ContextHandler$CoreContextHandler$CoreToNestedHandler@129524db{STARTED}}
2024-12-03 15:28:44,245 [Start Help Server] INFO  o.e.j.s.DefaultSessionIdManager - Session workerName=node0
2024-12-03 15:28:44,324 [Start Help Server] INFO  o.e.jetty.server.AbstractConnector - Started ServerConnector@5000fd39{HTTP/1.1, (http/1.1)}{127.0.0.1:63900}
2024-12-03 15:28:44,355 [Start Help Server] INFO  org.eclipse.jetty.server.Server - Started oejs.Server@56f86b82{STARTING}[12.0.12,sto=0] @121930ms
2024-12-03 16:22:49,565 [Worker-22: Building] INFO  o.a.m.s.f.DefaultMavenResourcesFiltering - skip non existing resourceDirectory C:\Users\User\eclipse-workspace\ChoiceFinxNew\Choice FinX\src\main\resources
2024-12-03 16:22:49,574 [Worker-22: Building] INFO  o.a.m.s.f.DefaultMavenResourcesFiltering - skip non existing resourceDirectory C:\Users\User\eclipse-workspace\ChoiceFinxNew\Choice FinX\src\test\resources
2024-12-03 16:22:51,018 [Stop Help Server] INFO  org.eclipse.jetty.server.Server - Stopped oejs.Server@56f86b82{STOPPING}[12.0.12,sto=0]
2024-12-03 16:22:51,024 [Stop Help Server] INFO  o.e.jetty.server.AbstractConnector - Stopped ServerConnector@5000fd39{HTTP/1.1, (http/1.1)}{127.0.0.1:0}
2025-01-02 12:09:19,221 [Worker-4: Loading available Gradle versions] INFO  o.e.b.c.i.u.g.PublishedGradleVersions - Gradle version information cache is up-to-date. Trying to read.
2025-06-23 15:13:42,516 [Worker-5: Loading available Gradle versions] INFO  o.e.b.c.i.u.g.PublishedGradleVersions - Gradle version information cache is up-to-date. Trying to read.
