2024-06-18 11:58:21,849 [Worker-4: Loading available Gradle versions] INFO  o.e.b.c.i.u.g.PublishedGradleVersions - Gradle version information cache is up-to-date. Trying to read.
2024-06-18 12:00:46,521 [main] INFO  o.e.m.c.i.l.LifecycleMappingFactory - Using org.eclipse.m2e.jdt.JarLifecycleMapping lifecycle mapping for MavenProject: com.testyantra.optimize:tyss-program-elements:1.0 @ C:\Users\User\eclipse-workspace\Choice\Choice\pom.xml.
2024-06-18 12:00:54,711 [main] INFO  o.e.m.j.i.AbstractJavaProjectConfigurator - Adding source folder /Choice/src/main/java
2024-06-18 12:00:54,711 [main] INFO  o.e.m.j.i.AbstractJavaProjectConfigurator - Adding resource folder /Choice/src/main/resources
2024-06-18 12:00:54,712 [main] INFO  o.e.m.j.i.AbstractJavaProjectConfigurator - Adding source folder /Choice/src/test/java
2024-06-18 12:00:54,713 [main] INFO  o.e.m.j.i.AbstractJavaProjectConfigurator - Adding resource folder /Choice/src/test/resources
2024-06-18 12:00:56,036 [Worker-7: Building] INFO  o.a.m.s.f.DefaultMavenResourcesFiltering - skip non existing resourceDirectory C:\Users\User\eclipse-workspace\Choice\Choice\src\main\resources
2024-06-18 12:00:56,049 [Worker-7: Building] INFO  o.a.m.s.f.DefaultMavenResourcesFiltering - skip non existing resourceDirectory C:\Users\User\eclipse-workspace\Choice\Choice\src\test\resources
2024-06-18 12:00:58,071 [Worker-6: Building] INFO  o.e.m.c.i.l.LifecycleMappingFactory - Using org.eclipse.m2e.jdt.JarLifecycleMapping lifecycle mapping for MavenProject: com.testyantra.optimize:tyss-program-elements:1.0 @ C:\Users\User\eclipse-workspace\Choice\Choice\pom.xml.
2024-06-18 12:01:00,654 [Worker-6: Building] INFO  o.a.m.s.f.DefaultMavenResourcesFiltering - skip non existing resourceDirectory C:\Users\User\eclipse-workspace\Choice\Choice\src\main\resources
2024-06-18 12:01:00,659 [Worker-6: Building] INFO  o.a.m.s.f.DefaultMavenResourcesFiltering - skip non existing resourceDirectory C:\Users\User\eclipse-workspace\Choice\Choice\src\test\resources
2024-06-18 12:02:09,135 [Worker-9: Building] INFO  o.a.m.s.f.DefaultMavenResourcesFiltering - skip non existing resourceDirectory C:\Users\User\eclipse-workspace\Choice\Choice\src\main\resources
2024-06-18 12:02:09,139 [Worker-9: Building] INFO  o.a.m.s.f.DefaultMavenResourcesFiltering - skip non existing resourceDirectory C:\Users\User\eclipse-workspace\Choice\Choice\src\test\resources
2024-06-18 12:03:44,606 [Worker-0: Building] INFO  o.a.m.s.f.DefaultMavenResourcesFiltering - skip non existing resourceDirectory C:\Users\User\eclipse-workspace\Choice\Choice\src\main\resources
2024-06-18 12:03:44,609 [Worker-0: Building] INFO  o.a.m.s.f.DefaultMavenResourcesFiltering - skip non existing resourceDirectory C:\Users\User\eclipse-workspace\Choice\Choice\src\test\resources
2024-06-18 12:03:52,388 [Worker-16: Building] INFO  o.a.m.s.f.DefaultMavenResourcesFiltering - skip non existing resourceDirectory C:\Users\User\eclipse-workspace\Choice\Choice\src\main\resources
2024-06-18 12:03:52,392 [Worker-16: Building] INFO  o.a.m.s.f.DefaultMavenResourcesFiltering - skip non existing resourceDirectory C:\Users\User\eclipse-workspace\Choice\Choice\src\test\resources
2024-06-18 12:04:03,931 [Worker-5: Building] INFO  o.a.m.s.f.DefaultMavenResourcesFiltering - skip non existing resourceDirectory C:\Users\User\eclipse-workspace\Choice\Choice\src\main\resources
2024-06-18 12:04:03,933 [Worker-5: Building] INFO  o.a.m.s.f.DefaultMavenResourcesFiltering - skip non existing resourceDirectory C:\Users\User\eclipse-workspace\Choice\Choice\src\test\resources
2024-06-18 12:04:58,410 [Worker-5: Building] INFO  o.e.m.c.i.l.LifecycleMappingFactory - Using org.eclipse.m2e.jdt.JarLifecycleMapping lifecycle mapping for MavenProject: com.testyantra.optimize:tyss-program-elements:1.0 @ C:\Users\User\eclipse-workspace\Choice\Choice\pom.xml.
2024-06-18 12:05:00,727 [Worker-5: Building] INFO  o.a.m.s.f.DefaultMavenResourcesFiltering - skip non existing resourceDirectory C:\Users\User\eclipse-workspace\Choice\Choice\src\main\resources
2024-06-18 12:05:00,730 [Worker-5: Building] INFO  o.a.m.s.f.DefaultMavenResourcesFiltering - skip non existing resourceDirectory C:\Users\User\eclipse-workspace\Choice\Choice\src\test\resources
2024-06-18 12:05:48,379 [Worker-0: Building] INFO  o.a.m.s.f.DefaultMavenResourcesFiltering - skip non existing resourceDirectory C:\Users\User\eclipse-workspace\Choice\Choice\src\main\resources
2024-06-18 12:05:48,382 [Worker-0: Building] INFO  o.a.m.s.f.DefaultMavenResourcesFiltering - skip non existing resourceDirectory C:\Users\User\eclipse-workspace\Choice\Choice\src\test\resources
2024-06-18 12:05:58,271 [Worker-0: Building] INFO  o.e.m.c.i.l.LifecycleMappingFactory - Using org.eclipse.m2e.jdt.JarLifecycleMapping lifecycle mapping for MavenProject: com.testyantra.optimize:tyss-program-elements:1.0 @ C:\Users\User\eclipse-workspace\Choice\Choice\pom.xml.
2024-06-18 12:06:00,332 [Worker-0: Building] INFO  o.a.m.s.f.DefaultMavenResourcesFiltering - skip non existing resourceDirectory C:\Users\User\eclipse-workspace\Choice\Choice\src\main\resources
2024-06-18 12:06:00,336 [Worker-0: Building] INFO  o.a.m.s.f.DefaultMavenResourcesFiltering - skip non existing resourceDirectory C:\Users\User\eclipse-workspace\Choice\Choice\src\test\resources
2024-06-18 12:06:08,503 [Worker-16: Building] INFO  o.e.m.c.i.l.LifecycleMappingFactory - Using org.eclipse.m2e.jdt.JarLifecycleMapping lifecycle mapping for MavenProject: com.testyantra.optimize:tyss-program-elements:1.0 @ C:\Users\User\eclipse-workspace\Choice\Choice\pom.xml.
2024-06-18 12:06:10,235 [Worker-16: Building] INFO  o.a.m.s.f.DefaultMavenResourcesFiltering - skip non existing resourceDirectory C:\Users\User\eclipse-workspace\Choice\Choice\src\main\resources
2024-06-18 12:06:10,238 [Worker-16: Building] INFO  o.a.m.s.f.DefaultMavenResourcesFiltering - skip non existing resourceDirectory C:\Users\User\eclipse-workspace\Choice\Choice\src\test\resources
2024-06-18 12:06:11,221 [Worker-9: Updating Maven Dependencies] INFO  o.e.m.c.i.l.LifecycleMappingFactory - Using org.eclipse.m2e.jdt.JarLifecycleMapping lifecycle mapping for MavenProject: com.testyantra.optimize:tyss-program-elements:1.0 @ C:\Users\User\eclipse-workspace\Choice\Choice\pom.xml.
2024-06-18 12:06:12,437 [ModalContext] INFO  o.a.m.c.event.ExecutionEventLogger - Scanning for projects...
2024-06-18 12:06:12,457 [ModalContext] INFO  o.a.m.c.event.ExecutionEventLogger - 
2024-06-18 12:06:12,464 [ModalContext] INFO  o.a.m.c.event.ExecutionEventLogger - [1m-----------< [0;36mcom.testyantra.optimize:tyss-program-elements[0;1m >------------[m
2024-06-18 12:06:12,464 [ModalContext] INFO  o.a.m.c.event.ExecutionEventLogger - [1mBuilding tyss-program-elements 1.0[m
2024-06-18 12:06:12,464 [ModalContext] INFO  o.a.m.c.event.ExecutionEventLogger -   from pom.xml
2024-06-18 12:06:12,464 [ModalContext] INFO  o.a.m.c.event.ExecutionEventLogger - [1m--------------------------------[ jar ]---------------------------------[m
2024-06-18 12:06:12,719 [Worker-5: Building] INFO  o.a.m.s.f.DefaultMavenResourcesFiltering - skip non existing resourceDirectory C:\Users\User\eclipse-workspace\Choice\Choice\src\main\resources
2024-06-18 12:06:12,723 [Worker-5: Building] INFO  o.a.m.s.f.DefaultMavenResourcesFiltering - skip non existing resourceDirectory C:\Users\User\eclipse-workspace\Choice\Choice\src\test\resources
2024-06-18 12:06:14,031 [ModalContext] INFO  o.a.m.c.event.ExecutionEventLogger - 
2024-06-18 12:06:14,031 [ModalContext] INFO  o.a.m.c.event.ExecutionEventLogger - [1m--- [0;32mclean:3.2.0:clean[m [1m(default-clean)[m @ [36mtyss-program-elements[0;1m ---[m
2024-06-18 12:06:14,056 [ModalContext] INFO  o.a.maven.plugins.clean.CleanMojo - Deleting C:\Users\User\eclipse-workspace\Choice\Choice\target
2024-06-18 12:06:14,067 [ModalContext] INFO  o.a.m.c.event.ExecutionEventLogger - 
2024-06-18 12:06:14,067 [ModalContext] INFO  o.a.m.c.event.ExecutionEventLogger - [1m--- [0;32mresources:3.3.1:resources[m [1m(default-resources)[m @ [36mtyss-program-elements[0;1m ---[m
2024-06-18 12:06:14,160 [ModalContext] INFO  o.a.m.s.f.DefaultMavenResourcesFiltering - skip non existing resourceDirectory C:\Users\User\eclipse-workspace\Choice\Choice\src\main\resources
2024-06-18 12:06:14,161 [ModalContext] INFO  o.a.m.c.event.ExecutionEventLogger - 
2024-06-18 12:06:14,161 [ModalContext] INFO  o.a.m.c.event.ExecutionEventLogger - [1m--- [0;32mcompiler:3.11.0:compile[m [1m(default-compile)[m @ [36mtyss-program-elements[0;1m ---[m
2024-06-18 12:06:14,280 [ModalContext] INFO  o.a.m.plugin.compiler.CompilerMojo - Changes detected - recompiling the module! :source
2024-06-18 12:06:14,282 [ModalContext] INFO  o.c.p.compiler.javac.JavacCompiler - Compiling 2 source files with javac [debug target 11] to target\classes
2024-06-18 12:06:16,308 [ModalContext] WARN  o.a.m.plugin.compiler.CompilerMojo - system modules path not set in conjunction with -source 11
2024-06-18 12:06:16,309 [ModalContext] INFO  o.a.m.c.event.ExecutionEventLogger - 
2024-06-18 12:06:16,309 [ModalContext] INFO  o.a.m.c.event.ExecutionEventLogger - [1m--- [0;32mresources:3.3.1:testResources[m [1m(default-testResources)[m @ [36mtyss-program-elements[0;1m ---[m
2024-06-18 12:06:16,312 [ModalContext] INFO  o.a.m.s.f.DefaultMavenResourcesFiltering - skip non existing resourceDirectory C:\Users\User\eclipse-workspace\Choice\Choice\src\test\resources
2024-06-18 12:06:16,312 [ModalContext] INFO  o.a.m.c.event.ExecutionEventLogger - 
2024-06-18 12:06:16,312 [ModalContext] INFO  o.a.m.c.event.ExecutionEventLogger - [1m--- [0;32mcompiler:3.11.0:testCompile[m [1m(default-testCompile)[m @ [36mtyss-program-elements[0;1m ---[m
2024-06-18 12:06:16,315 [ModalContext] INFO  o.a.m.p.compiler.TestCompilerMojo - No sources to compile
2024-06-18 12:06:16,316 [ModalContext] INFO  o.a.m.c.event.ExecutionEventLogger - 
2024-06-18 12:06:16,316 [ModalContext] INFO  o.a.m.c.event.ExecutionEventLogger - [1m--- [0;32msurefire:3.1.2:test[m [1m(default-test)[m @ [36mtyss-program-elements[0;1m ---[m
2024-06-18 12:06:17,184 [ModalContext] INFO  o.a.m.p.surefire.SurefirePlugin - No tests to run.
2024-06-18 12:06:17,189 [ModalContext] INFO  o.a.m.c.event.ExecutionEventLogger - 
2024-06-18 12:06:17,189 [ModalContext] INFO  o.a.m.c.event.ExecutionEventLogger - [1m--- [0;32mdependency:2.5.1:unpack-dependencies[m [1m(copy-dependencies)[m @ [36mtyss-program-elements[0;1m ---[m
2024-06-18 12:06:21,938 [ModalContext] INFO  o.a.m.p.d.UnpackDependenciesMojo - Unpacking C:\Users\User\.m2\repository\com\testyantra\optimize\tyss-data-models\1.0-SNAPSHOT\tyss-data-models-1.0-SNAPSHOT.jar to C:\Users\User\eclipse-workspace\Choice\Choice\target\classes with includes "" and excludes ""
2024-06-18 12:06:22,617 [ModalContext] INFO  o.a.m.c.event.ExecutionEventLogger - 
2024-06-18 12:06:22,617 [ModalContext] INFO  o.a.m.c.event.ExecutionEventLogger - [1m--- [0;32mjar:3.3.0:jar[m [1m(default-jar)[m @ [36mtyss-program-elements[0;1m ---[m
2024-06-18 12:06:23,095 [ModalContext] INFO  o.c.plexus.archiver.jar.JarArchiver - Building jar: C:\Users\User\eclipse-workspace\Choice\Choice\target\tyss-program-elements-1.0.jar
2024-06-18 12:06:23,159 [ModalContext] INFO  o.a.m.c.event.ExecutionEventLogger - 
2024-06-18 12:06:23,159 [ModalContext] INFO  o.a.m.c.event.ExecutionEventLogger - [1m--- [0;32minstall:3.1.1:install[m [1m(default-install)[m @ [36mtyss-program-elements[0;1m ---[m
2024-06-18 12:06:23,179 [ModalContext] INFO  o.codehaus.plexus.PlexusContainer - Installing C:\Users\User\eclipse-workspace\Choice\Choice\pom.xml to C:\Users\User\.m2\repository\com\testyantra\optimize\tyss-program-elements\1.0\tyss-program-elements-1.0.pom
2024-06-18 12:06:23,190 [ModalContext] INFO  o.codehaus.plexus.PlexusContainer - Installing C:\Users\User\eclipse-workspace\Choice\Choice\target\tyss-program-elements-1.0.jar to C:\Users\User\.m2\repository\com\testyantra\optimize\tyss-program-elements\1.0\tyss-program-elements-1.0.jar
2024-06-18 12:06:23,213 [ModalContext] INFO  o.a.m.c.event.ExecutionEventLogger - [1m------------------------------------------------------------------------[m
2024-06-18 12:06:23,213 [ModalContext] INFO  o.a.m.c.event.ExecutionEventLogger - [1;32mBUILD SUCCESS[m
2024-06-18 12:06:23,213 [ModalContext] INFO  o.a.m.c.event.ExecutionEventLogger - [1m------------------------------------------------------------------------[m
2024-06-18 12:06:23,213 [ModalContext] INFO  o.a.m.c.event.ExecutionEventLogger - Total time:  10.778 s
2024-06-18 12:06:23,213 [ModalContext] INFO  o.a.m.c.event.ExecutionEventLogger - Finished at: 2024-06-18T12:06:23+05:30
2024-06-18 12:06:23,213 [ModalContext] INFO  o.a.m.c.event.ExecutionEventLogger - [1m------------------------------------------------------------------------[m
2024-06-18 12:06:23,214 [ModalContext] WARN  o.a.m.e.internal.EventSpyDispatcher - Failed to close spy org.eclipse.m2e.internal.maven.listener.M2EMavenBuildDataBridge: Cannot invoke "java.nio.channels.SocketChannel.close()" because "this.writeChannel" is null
2024-06-18 12:06:23,619 [Worker-3: Building] INFO  o.a.m.s.f.DefaultMavenResourcesFiltering - skip non existing resourceDirectory C:\Users\User\eclipse-workspace\Choice\Choice\src\main\resources
2024-06-18 12:06:23,622 [Worker-3: Building] INFO  o.a.m.s.f.DefaultMavenResourcesFiltering - skip non existing resourceDirectory C:\Users\User\eclipse-workspace\Choice\Choice\src\test\resources
2024-06-18 12:06:25,122 [Worker-7: Building] INFO  o.a.m.s.f.DefaultMavenResourcesFiltering - skip non existing resourceDirectory C:\Users\User\eclipse-workspace\Choice\Choice\src\main\resources
2024-06-18 12:06:25,124 [Worker-7: Building] INFO  o.a.m.s.f.DefaultMavenResourcesFiltering - skip non existing resourceDirectory C:\Users\User\eclipse-workspace\Choice\Choice\src\test\resources
2024-06-18 12:11:47,828 [Worker-7: Building] INFO  o.a.m.s.f.DefaultMavenResourcesFiltering - skip non existing resourceDirectory C:\Users\User\eclipse-workspace\Choice\Choice\src\main\resources
2024-06-18 12:11:47,833 [Worker-7: Building] INFO  o.a.m.s.f.DefaultMavenResourcesFiltering - skip non existing resourceDirectory C:\Users\User\eclipse-workspace\Choice\Choice\src\test\resources
2024-06-18 12:15:00,830 [Worker-7: Building] INFO  o.a.m.s.f.DefaultMavenResourcesFiltering - skip non existing resourceDirectory C:\Users\User\eclipse-workspace\Choice\Choice\src\main\resources
2024-06-18 12:15:00,833 [Worker-7: Building] INFO  o.a.m.s.f.DefaultMavenResourcesFiltering - skip non existing resourceDirectory C:\Users\User\eclipse-workspace\Choice\Choice\src\test\resources
2024-06-18 12:15:06,160 [Worker-7: Building] INFO  o.a.m.s.f.DefaultMavenResourcesFiltering - skip non existing resourceDirectory C:\Users\User\eclipse-workspace\Choice\Choice\src\main\resources
2024-06-18 12:15:06,162 [Worker-7: Building] INFO  o.a.m.s.f.DefaultMavenResourcesFiltering - skip non existing resourceDirectory C:\Users\User\eclipse-workspace\Choice\Choice\src\test\resources
2024-06-18 12:15:27,510 [Worker-5: Building] INFO  o.a.m.s.f.DefaultMavenResourcesFiltering - skip non existing resourceDirectory C:\Users\User\eclipse-workspace\Choice\Choice\src\main\resources
2024-06-18 12:15:27,537 [Worker-5: Building] INFO  o.a.m.s.f.DefaultMavenResourcesFiltering - skip non existing resourceDirectory C:\Users\User\eclipse-workspace\Choice\Choice\src\test\resources
2024-06-18 12:15:38,908 [Worker-9: Building] INFO  o.a.m.s.f.DefaultMavenResourcesFiltering - skip non existing resourceDirectory C:\Users\User\eclipse-workspace\Choice\Choice\src\main\resources
2024-06-18 12:15:38,910 [Worker-9: Building] INFO  o.a.m.s.f.DefaultMavenResourcesFiltering - skip non existing resourceDirectory C:\Users\User\eclipse-workspace\Choice\Choice\src\test\resources
2024-06-18 12:16:46,576 [Worker-20: Building] INFO  o.a.m.s.f.DefaultMavenResourcesFiltering - skip non existing resourceDirectory C:\Users\User\eclipse-workspace\Choice\Choice\src\main\resources
2024-06-18 12:16:46,579 [Worker-20: Building] INFO  o.a.m.s.f.DefaultMavenResourcesFiltering - skip non existing resourceDirectory C:\Users\User\eclipse-workspace\Choice\Choice\src\test\resources
2024-06-18 12:17:44,511 [Worker-7: Building] INFO  o.e.m.c.i.l.LifecycleMappingFactory - Using org.eclipse.m2e.jdt.JarLifecycleMapping lifecycle mapping for MavenProject: com.testyantra.optimize:tyss-program-elements:1.0 @ C:\Users\User\eclipse-workspace\Choice\Choice\pom.xml.
2024-06-18 12:17:46,277 [Worker-7: Building] INFO  o.a.m.s.f.DefaultMavenResourcesFiltering - skip non existing resourceDirectory C:\Users\User\eclipse-workspace\Choice\Choice\src\main\resources
2024-06-18 12:17:46,280 [Worker-7: Building] INFO  o.a.m.s.f.DefaultMavenResourcesFiltering - skip non existing resourceDirectory C:\Users\User\eclipse-workspace\Choice\Choice\src\test\resources
2024-06-18 12:17:48,573 [Worker-20: Building] INFO  o.a.m.s.f.DefaultMavenResourcesFiltering - skip non existing resourceDirectory C:\Users\User\eclipse-workspace\Choice\Choice\src\main\resources
2024-06-18 12:17:48,579 [Worker-20: Building] INFO  o.a.m.s.f.DefaultMavenResourcesFiltering - skip non existing resourceDirectory C:\Users\User\eclipse-workspace\Choice\Choice\src\test\resources
2024-06-18 12:17:55,950 [Worker-5: Building] INFO  o.e.m.c.i.l.LifecycleMappingFactory - Using org.eclipse.m2e.jdt.JarLifecycleMapping lifecycle mapping for MavenProject: com.testyantra.optimize:tyss-program-elements:1.0 @ C:\Users\User\eclipse-workspace\Choice\Choice\pom.xml.
2024-06-18 12:17:57,789 [Worker-5: Building] INFO  o.a.m.s.f.DefaultMavenResourcesFiltering - skip non existing resourceDirectory C:\Users\User\eclipse-workspace\Choice\Choice\src\main\resources
2024-06-18 12:17:57,792 [Worker-5: Building] INFO  o.a.m.s.f.DefaultMavenResourcesFiltering - skip non existing resourceDirectory C:\Users\User\eclipse-workspace\Choice\Choice\src\test\resources
2024-06-18 12:18:01,772 [Worker-7: Building] INFO  o.e.m.c.i.l.LifecycleMappingFactory - Using org.eclipse.m2e.jdt.JarLifecycleMapping lifecycle mapping for MavenProject: com.testyantra.optimize:tyss-program-elements:1.0 @ C:\Users\User\eclipse-workspace\Choice\Choice\pom.xml.
2024-06-18 12:18:03,346 [Worker-7: Building] INFO  o.a.m.s.f.DefaultMavenResourcesFiltering - skip non existing resourceDirectory C:\Users\User\eclipse-workspace\Choice\Choice\src\main\resources
2024-06-18 12:18:03,348 [Worker-7: Building] INFO  o.a.m.s.f.DefaultMavenResourcesFiltering - skip non existing resourceDirectory C:\Users\User\eclipse-workspace\Choice\Choice\src\test\resources
2024-06-18 12:18:03,473 [Worker-21: Updating Maven Dependencies] INFO  o.e.m.c.i.l.LifecycleMappingFactory - Using org.eclipse.m2e.jdt.JarLifecycleMapping lifecycle mapping for MavenProject: com.testyantra.optimize:tyss-program-elements:1.0 @ C:\Users\User\eclipse-workspace\Choice\Choice\pom.xml.
2024-06-18 12:18:05,440 [Worker-6: Building] INFO  o.a.m.s.f.DefaultMavenResourcesFiltering - skip non existing resourceDirectory C:\Users\User\eclipse-workspace\Choice\Choice\src\main\resources
2024-06-18 12:18:05,443 [Worker-6: Building] INFO  o.a.m.s.f.DefaultMavenResourcesFiltering - skip non existing resourceDirectory C:\Users\User\eclipse-workspace\Choice\Choice\src\test\resources
2024-06-18 12:18:05,663 [ModalContext] INFO  o.a.m.c.event.ExecutionEventLogger - Scanning for projects...
2024-06-18 12:18:05,673 [ModalContext] INFO  o.a.m.c.event.ExecutionEventLogger - 
2024-06-18 12:18:05,673 [ModalContext] INFO  o.a.m.c.event.ExecutionEventLogger - [1m-----------< [0;36mcom.testyantra.optimize:tyss-program-elements[0;1m >------------[m
2024-06-18 12:18:05,673 [ModalContext] INFO  o.a.m.c.event.ExecutionEventLogger - [1mBuilding tyss-program-elements 1.0[m
2024-06-18 12:18:05,673 [ModalContext] INFO  o.a.m.c.event.ExecutionEventLogger -   from pom.xml
2024-06-18 12:18:05,673 [ModalContext] INFO  o.a.m.c.event.ExecutionEventLogger - [1m--------------------------------[ jar ]---------------------------------[m
2024-06-18 12:18:06,567 [Worker-6: Building] INFO  o.a.m.s.f.DefaultMavenResourcesFiltering - skip non existing resourceDirectory C:\Users\User\eclipse-workspace\Choice\Choice\src\main\resources
2024-06-18 12:18:06,569 [Worker-6: Building] INFO  o.a.m.s.f.DefaultMavenResourcesFiltering - skip non existing resourceDirectory C:\Users\User\eclipse-workspace\Choice\Choice\src\test\resources
2024-06-18 12:18:06,854 [ModalContext] INFO  o.a.m.c.event.ExecutionEventLogger - 
2024-06-18 12:18:06,854 [ModalContext] INFO  o.a.m.c.event.ExecutionEventLogger - [1m--- [0;32mclean:3.2.0:clean[m [1m(default-clean)[m @ [36mtyss-program-elements[0;1m ---[m
2024-06-18 12:18:06,866 [ModalContext] INFO  o.a.maven.plugins.clean.CleanMojo - Deleting C:\Users\User\eclipse-workspace\Choice\Choice\target
2024-06-18 12:18:06,884 [ModalContext] INFO  o.a.m.c.event.ExecutionEventLogger - 
2024-06-18 12:18:06,885 [ModalContext] INFO  o.a.m.c.event.ExecutionEventLogger - [1m--- [0;32mresources:3.3.1:resources[m [1m(default-resources)[m @ [36mtyss-program-elements[0;1m ---[m
2024-06-18 12:18:06,916 [ModalContext] INFO  o.a.m.s.f.DefaultMavenResourcesFiltering - skip non existing resourceDirectory C:\Users\User\eclipse-workspace\Choice\Choice\src\main\resources
2024-06-18 12:18:06,916 [ModalContext] INFO  o.a.m.c.event.ExecutionEventLogger - 
2024-06-18 12:18:06,916 [ModalContext] INFO  o.a.m.c.event.ExecutionEventLogger - [1m--- [0;32mcompiler:3.11.0:compile[m [1m(default-compile)[m @ [36mtyss-program-elements[0;1m ---[m
2024-06-18 12:18:06,996 [ModalContext] INFO  o.a.m.plugin.compiler.CompilerMojo - Changes detected - recompiling the module! :source
2024-06-18 12:18:06,998 [ModalContext] INFO  o.c.p.compiler.javac.JavacCompiler - Compiling 2 source files with javac [debug target 11] to target\classes
2024-06-18 12:18:08,305 [ModalContext] WARN  o.a.m.plugin.compiler.CompilerMojo - system modules path not set in conjunction with -source 11
2024-06-18 12:18:08,306 [ModalContext] INFO  o.a.m.c.event.ExecutionEventLogger - 
2024-06-18 12:18:08,306 [ModalContext] INFO  o.a.m.c.event.ExecutionEventLogger - [1m--- [0;32mresources:3.3.1:testResources[m [1m(default-testResources)[m @ [36mtyss-program-elements[0;1m ---[m
2024-06-18 12:18:08,308 [ModalContext] INFO  o.a.m.s.f.DefaultMavenResourcesFiltering - skip non existing resourceDirectory C:\Users\User\eclipse-workspace\Choice\Choice\src\test\resources
2024-06-18 12:18:08,308 [ModalContext] INFO  o.a.m.c.event.ExecutionEventLogger - 
2024-06-18 12:18:08,308 [ModalContext] INFO  o.a.m.c.event.ExecutionEventLogger - [1m--- [0;32mcompiler:3.11.0:testCompile[m [1m(default-testCompile)[m @ [36mtyss-program-elements[0;1m ---[m
2024-06-18 12:18:08,310 [ModalContext] INFO  o.a.m.p.compiler.TestCompilerMojo - No sources to compile
2024-06-18 12:18:08,310 [ModalContext] INFO  o.a.m.c.event.ExecutionEventLogger - 
2024-06-18 12:18:08,310 [ModalContext] INFO  o.a.m.c.event.ExecutionEventLogger - [1m--- [0;32msurefire:3.1.2:test[m [1m(default-test)[m @ [36mtyss-program-elements[0;1m ---[m
2024-06-18 12:18:08,404 [ModalContext] INFO  o.a.m.p.surefire.SurefirePlugin - No tests to run.
2024-06-18 12:18:08,410 [ModalContext] INFO  o.a.m.c.event.ExecutionEventLogger - 
2024-06-18 12:18:08,410 [ModalContext] INFO  o.a.m.c.event.ExecutionEventLogger - [1m--- [0;32mdependency:2.5.1:unpack-dependencies[m [1m(copy-dependencies)[m @ [36mtyss-program-elements[0;1m ---[m
2024-06-18 12:18:08,765 [ModalContext] INFO  o.a.m.p.d.UnpackDependenciesMojo - Unpacking C:\Users\User\.m2\repository\com\testyantra\optimize\tyss-data-models\1.0-SNAPSHOT\tyss-data-models-1.0-SNAPSHOT.jar to C:\Users\User\eclipse-workspace\Choice\Choice\target\classes with includes "" and excludes ""
2024-06-18 12:18:09,400 [ModalContext] INFO  o.a.m.c.event.ExecutionEventLogger - 
2024-06-18 12:18:09,400 [ModalContext] INFO  o.a.m.c.event.ExecutionEventLogger - [1m--- [0;32mjar:3.3.0:jar[m [1m(default-jar)[m @ [36mtyss-program-elements[0;1m ---[m
2024-06-18 12:18:09,734 [ModalContext] INFO  o.c.plexus.archiver.jar.JarArchiver - Building jar: C:\Users\User\eclipse-workspace\Choice\Choice\target\tyss-program-elements-1.0.jar
2024-06-18 12:18:09,789 [ModalContext] INFO  o.a.m.c.event.ExecutionEventLogger - 
2024-06-18 12:18:09,789 [ModalContext] INFO  o.a.m.c.event.ExecutionEventLogger - [1m--- [0;32minstall:3.1.1:install[m [1m(default-install)[m @ [36mtyss-program-elements[0;1m ---[m
2024-06-18 12:18:09,805 [ModalContext] INFO  o.codehaus.plexus.PlexusContainer - Installing C:\Users\User\eclipse-workspace\Choice\Choice\pom.xml to C:\Users\User\.m2\repository\com\testyantra\optimize\tyss-program-elements\1.0\tyss-program-elements-1.0.pom
2024-06-18 12:18:09,808 [ModalContext] INFO  o.codehaus.plexus.PlexusContainer - Installing C:\Users\User\eclipse-workspace\Choice\Choice\target\tyss-program-elements-1.0.jar to C:\Users\User\.m2\repository\com\testyantra\optimize\tyss-program-elements\1.0\tyss-program-elements-1.0.jar
2024-06-18 12:18:09,823 [ModalContext] INFO  o.a.m.c.event.ExecutionEventLogger - [1m------------------------------------------------------------------------[m
2024-06-18 12:18:09,823 [ModalContext] INFO  o.a.m.c.event.ExecutionEventLogger - [1;32mBUILD SUCCESS[m
2024-06-18 12:18:09,823 [ModalContext] INFO  o.a.m.c.event.ExecutionEventLogger - [1m------------------------------------------------------------------------[m
2024-06-18 12:18:09,823 [ModalContext] INFO  o.a.m.c.event.ExecutionEventLogger - Total time:  4.161 s
2024-06-18 12:18:09,823 [ModalContext] INFO  o.a.m.c.event.ExecutionEventLogger - Finished at: 2024-06-18T12:18:09+05:30
2024-06-18 12:18:09,823 [ModalContext] INFO  o.a.m.c.event.ExecutionEventLogger - [1m------------------------------------------------------------------------[m
2024-06-18 12:18:09,823 [ModalContext] WARN  o.a.m.e.internal.EventSpyDispatcher - Failed to close spy org.eclipse.m2e.internal.maven.listener.M2EMavenBuildDataBridge: Cannot invoke "java.nio.channels.SocketChannel.close()" because "this.writeChannel" is null
2024-06-18 12:18:10,136 [Worker-6: Building] INFO  o.a.m.s.f.DefaultMavenResourcesFiltering - skip non existing resourceDirectory C:\Users\User\eclipse-workspace\Choice\Choice\src\main\resources
2024-06-18 12:18:10,138 [Worker-6: Building] INFO  o.a.m.s.f.DefaultMavenResourcesFiltering - skip non existing resourceDirectory C:\Users\User\eclipse-workspace\Choice\Choice\src\test\resources
2024-06-18 12:18:11,388 [Worker-5: Building] INFO  o.a.m.s.f.DefaultMavenResourcesFiltering - skip non existing resourceDirectory C:\Users\User\eclipse-workspace\Choice\Choice\src\main\resources
2024-06-18 12:18:11,389 [Worker-5: Building] INFO  o.a.m.s.f.DefaultMavenResourcesFiltering - skip non existing resourceDirectory C:\Users\User\eclipse-workspace\Choice\Choice\src\test\resources
2024-06-18 12:33:33,488 [Worker-7: Building] INFO  o.a.m.s.f.DefaultMavenResourcesFiltering - skip non existing resourceDirectory C:\Users\User\eclipse-workspace\Choice\Choice\src\main\resources
2024-06-18 12:33:33,489 [Worker-7: Building] INFO  o.a.m.s.f.DefaultMavenResourcesFiltering - skip non existing resourceDirectory C:\Users\User\eclipse-workspace\Choice\Choice\src\test\resources
2024-06-18 12:34:15,896 [Worker-20: Building] INFO  o.a.m.s.f.DefaultMavenResourcesFiltering - skip non existing resourceDirectory C:\Users\User\eclipse-workspace\Choice\Choice\src\main\resources
2024-06-18 12:34:15,898 [Worker-20: Building] INFO  o.a.m.s.f.DefaultMavenResourcesFiltering - skip non existing resourceDirectory C:\Users\User\eclipse-workspace\Choice\Choice\src\test\resources
2024-06-18 12:39:00,888 [Worker-6: Building] INFO  o.a.m.s.f.DefaultMavenResourcesFiltering - skip non existing resourceDirectory C:\Users\User\eclipse-workspace\Choice\Choice\src\main\resources
2024-06-18 12:39:00,891 [Worker-6: Building] INFO  o.a.m.s.f.DefaultMavenResourcesFiltering - skip non existing resourceDirectory C:\Users\User\eclipse-workspace\Choice\Choice\src\test\resources
2024-06-18 12:39:08,813 [Worker-24: Building] INFO  o.e.m.c.i.l.LifecycleMappingFactory - Using org.eclipse.m2e.jdt.JarLifecycleMapping lifecycle mapping for MavenProject: com.testyantra.optimize:tyss-program-elements:1.0 @ C:\Users\User\eclipse-workspace\Choice\Choice\pom.xml.
2024-06-18 12:39:13,824 [Worker-24: Building] INFO  o.a.m.s.f.DefaultMavenResourcesFiltering - skip non existing resourceDirectory C:\Users\User\eclipse-workspace\Choice\Choice\src\main\resources
2024-06-18 12:39:13,830 [Worker-24: Building] INFO  o.a.m.s.f.DefaultMavenResourcesFiltering - skip non existing resourceDirectory C:\Users\User\eclipse-workspace\Choice\Choice\src\test\resources
2024-06-18 12:39:21,058 [Worker-5: Building] INFO  o.e.m.c.i.l.LifecycleMappingFactory - Using org.eclipse.m2e.jdt.JarLifecycleMapping lifecycle mapping for MavenProject: com.testyantra.optimize:tyss-program-elements:1.0 @ C:\Users\User\eclipse-workspace\Choice\Choice\pom.xml.
2024-06-18 12:39:24,332 [Worker-5: Building] INFO  o.a.m.s.f.DefaultMavenResourcesFiltering - skip non existing resourceDirectory C:\Users\User\eclipse-workspace\Choice\Choice\src\main\resources
2024-06-18 12:39:24,340 [Worker-5: Building] INFO  o.a.m.s.f.DefaultMavenResourcesFiltering - skip non existing resourceDirectory C:\Users\User\eclipse-workspace\Choice\Choice\src\test\resources
2024-06-18 12:39:24,977 [Worker-24: Updating Maven Dependencies] INFO  o.e.m.c.i.l.LifecycleMappingFactory - Using org.eclipse.m2e.jdt.JarLifecycleMapping lifecycle mapping for MavenProject: com.testyantra.optimize:tyss-program-elements:1.0 @ C:\Users\User\eclipse-workspace\Choice\Choice\pom.xml.
2024-06-18 12:39:26,218 [Worker-6: Building] INFO  o.a.m.s.f.DefaultMavenResourcesFiltering - skip non existing resourceDirectory C:\Users\User\eclipse-workspace\Choice\Choice\src\main\resources
2024-06-18 12:39:26,223 [Worker-6: Building] INFO  o.a.m.s.f.DefaultMavenResourcesFiltering - skip non existing resourceDirectory C:\Users\User\eclipse-workspace\Choice\Choice\src\test\resources
2024-06-18 12:39:26,500 [ModalContext] INFO  o.a.m.c.event.ExecutionEventLogger - Scanning for projects...
2024-06-18 12:39:26,520 [ModalContext] INFO  o.a.m.c.event.ExecutionEventLogger - 
2024-06-18 12:39:26,520 [ModalContext] INFO  o.a.m.c.event.ExecutionEventLogger - [1m-----------< [0;36mcom.testyantra.optimize:tyss-program-elements[0;1m >------------[m
2024-06-18 12:39:26,520 [ModalContext] INFO  o.a.m.c.event.ExecutionEventLogger - [1mBuilding tyss-program-elements 1.0[m
2024-06-18 12:39:26,520 [ModalContext] INFO  o.a.m.c.event.ExecutionEventLogger -   from pom.xml
2024-06-18 12:39:26,520 [ModalContext] INFO  o.a.m.c.event.ExecutionEventLogger - [1m--------------------------------[ jar ]---------------------------------[m
2024-06-18 12:39:27,611 [Worker-26: Building] INFO  o.a.m.s.f.DefaultMavenResourcesFiltering - skip non existing resourceDirectory C:\Users\User\eclipse-workspace\Choice\Choice\src\main\resources
2024-06-18 12:39:27,616 [Worker-26: Building] INFO  o.a.m.s.f.DefaultMavenResourcesFiltering - skip non existing resourceDirectory C:\Users\User\eclipse-workspace\Choice\Choice\src\test\resources
2024-06-18 12:39:29,587 [ModalContext] INFO  o.a.m.c.event.ExecutionEventLogger - 
2024-06-18 12:39:29,587 [ModalContext] INFO  o.a.m.c.event.ExecutionEventLogger - [1m--- [0;32mclean:3.2.0:clean[m [1m(default-clean)[m @ [36mtyss-program-elements[0;1m ---[m
2024-06-18 12:39:29,607 [ModalContext] INFO  o.a.maven.plugins.clean.CleanMojo - Deleting C:\Users\User\eclipse-workspace\Choice\Choice\target
2024-06-18 12:39:29,637 [ModalContext] INFO  o.a.m.c.event.ExecutionEventLogger - 
2024-06-18 12:39:29,637 [ModalContext] INFO  o.a.m.c.event.ExecutionEventLogger - [1m--- [0;32mresources:3.3.1:resources[m [1m(default-resources)[m @ [36mtyss-program-elements[0;1m ---[m
2024-06-18 12:39:29,703 [ModalContext] INFO  o.a.m.s.f.DefaultMavenResourcesFiltering - skip non existing resourceDirectory C:\Users\User\eclipse-workspace\Choice\Choice\src\main\resources
2024-06-18 12:39:29,704 [ModalContext] INFO  o.a.m.c.event.ExecutionEventLogger - 
2024-06-18 12:39:29,704 [ModalContext] INFO  o.a.m.c.event.ExecutionEventLogger - [1m--- [0;32mcompiler:3.11.0:compile[m [1m(default-compile)[m @ [36mtyss-program-elements[0;1m ---[m
2024-06-18 12:39:29,913 [ModalContext] INFO  o.a.m.plugin.compiler.CompilerMojo - Changes detected - recompiling the module! :source
2024-06-18 12:39:29,916 [ModalContext] INFO  o.c.p.compiler.javac.JavacCompiler - Compiling 2 source files with javac [debug target 11] to target\classes
2024-06-18 12:39:32,872 [ModalContext] WARN  o.a.m.plugin.compiler.CompilerMojo - system modules path not set in conjunction with -source 11
2024-06-18 12:39:32,874 [ModalContext] INFO  o.a.m.c.event.ExecutionEventLogger - 
2024-06-18 12:39:32,874 [ModalContext] INFO  o.a.m.c.event.ExecutionEventLogger - [1m--- [0;32mresources:3.3.1:testResources[m [1m(default-testResources)[m @ [36mtyss-program-elements[0;1m ---[m
2024-06-18 12:39:32,877 [ModalContext] INFO  o.a.m.s.f.DefaultMavenResourcesFiltering - skip non existing resourceDirectory C:\Users\User\eclipse-workspace\Choice\Choice\src\test\resources
2024-06-18 12:39:32,878 [ModalContext] INFO  o.a.m.c.event.ExecutionEventLogger - 
2024-06-18 12:39:32,878 [ModalContext] INFO  o.a.m.c.event.ExecutionEventLogger - [1m--- [0;32mcompiler:3.11.0:testCompile[m [1m(default-testCompile)[m @ [36mtyss-program-elements[0;1m ---[m
2024-06-18 12:39:32,880 [ModalContext] INFO  o.a.m.p.compiler.TestCompilerMojo - No sources to compile
2024-06-18 12:39:32,881 [ModalContext] INFO  o.a.m.c.event.ExecutionEventLogger - 
2024-06-18 12:39:32,881 [ModalContext] INFO  o.a.m.c.event.ExecutionEventLogger - [1m--- [0;32msurefire:3.1.2:test[m [1m(default-test)[m @ [36mtyss-program-elements[0;1m ---[m
2024-06-18 12:39:33,071 [ModalContext] INFO  o.a.m.p.surefire.SurefirePlugin - No tests to run.
2024-06-18 12:39:33,084 [ModalContext] INFO  o.a.m.c.event.ExecutionEventLogger - 
2024-06-18 12:39:33,085 [ModalContext] INFO  o.a.m.c.event.ExecutionEventLogger - [1m--- [0;32mdependency:2.5.1:unpack-dependencies[m [1m(copy-dependencies)[m @ [36mtyss-program-elements[0;1m ---[m
2024-06-18 12:39:33,689 [ModalContext] INFO  o.a.m.p.d.UnpackDependenciesMojo - Unpacking C:\Users\User\.m2\repository\com\testyantra\optimize\tyss-data-models\1.0-SNAPSHOT\tyss-data-models-1.0-SNAPSHOT.jar to C:\Users\User\eclipse-workspace\Choice\Choice\target\classes with includes "" and excludes ""
2024-06-18 12:39:35,397 [ModalContext] INFO  o.a.m.c.event.ExecutionEventLogger - 
2024-06-18 12:39:35,397 [ModalContext] INFO  o.a.m.c.event.ExecutionEventLogger - [1m--- [0;32mjar:3.3.0:jar[m [1m(default-jar)[m @ [36mtyss-program-elements[0;1m ---[m
2024-06-18 12:39:36,510 [ModalContext] INFO  o.c.plexus.archiver.jar.JarArchiver - Building jar: C:\Users\User\eclipse-workspace\Choice\Choice\target\tyss-program-elements-1.0.jar
2024-06-18 12:39:37,319 [ModalContext] INFO  o.a.m.c.event.ExecutionEventLogger - 
2024-06-18 12:39:37,319 [ModalContext] INFO  o.a.m.c.event.ExecutionEventLogger - [1m--- [0;32minstall:3.1.1:install[m [1m(default-install)[m @ [36mtyss-program-elements[0;1m ---[m
2024-06-18 12:39:37,352 [ModalContext] INFO  o.codehaus.plexus.PlexusContainer - Installing C:\Users\User\eclipse-workspace\Choice\Choice\pom.xml to C:\Users\User\.m2\repository\com\testyantra\optimize\tyss-program-elements\1.0\tyss-program-elements-1.0.pom
2024-06-18 12:39:37,356 [ModalContext] INFO  o.codehaus.plexus.PlexusContainer - Installing C:\Users\User\eclipse-workspace\Choice\Choice\target\tyss-program-elements-1.0.jar to C:\Users\User\.m2\repository\com\testyantra\optimize\tyss-program-elements\1.0\tyss-program-elements-1.0.jar
2024-06-18 12:39:37,387 [ModalContext] INFO  o.a.m.c.event.ExecutionEventLogger - [1m------------------------------------------------------------------------[m
2024-06-18 12:39:37,388 [ModalContext] INFO  o.a.m.c.event.ExecutionEventLogger - [1;32mBUILD SUCCESS[m
2024-06-18 12:39:37,388 [ModalContext] INFO  o.a.m.c.event.ExecutionEventLogger - [1m------------------------------------------------------------------------[m
2024-06-18 12:39:37,388 [ModalContext] INFO  o.a.m.c.event.ExecutionEventLogger - Total time:  10.889 s
2024-06-18 12:39:37,388 [ModalContext] INFO  o.a.m.c.event.ExecutionEventLogger - Finished at: 2024-06-18T12:39:37+05:30
2024-06-18 12:39:37,388 [ModalContext] INFO  o.a.m.c.event.ExecutionEventLogger - [1m------------------------------------------------------------------------[m
2024-06-18 12:39:37,388 [ModalContext] WARN  o.a.m.e.internal.EventSpyDispatcher - Failed to close spy org.eclipse.m2e.internal.maven.listener.M2EMavenBuildDataBridge: Cannot invoke "java.nio.channels.SocketChannel.close()" because "this.writeChannel" is null
2024-06-18 12:39:38,021 [Worker-20: Building] INFO  o.a.m.s.f.DefaultMavenResourcesFiltering - skip non existing resourceDirectory C:\Users\User\eclipse-workspace\Choice\Choice\src\main\resources
2024-06-18 12:39:38,025 [Worker-20: Building] INFO  o.a.m.s.f.DefaultMavenResourcesFiltering - skip non existing resourceDirectory C:\Users\User\eclipse-workspace\Choice\Choice\src\test\resources
2024-06-18 12:39:39,782 [Worker-25: Building] INFO  o.a.m.s.f.DefaultMavenResourcesFiltering - skip non existing resourceDirectory C:\Users\User\eclipse-workspace\Choice\Choice\src\main\resources
2024-06-18 12:39:39,785 [Worker-25: Building] INFO  o.a.m.s.f.DefaultMavenResourcesFiltering - skip non existing resourceDirectory C:\Users\User\eclipse-workspace\Choice\Choice\src\test\resources
2024-06-21 09:42:11,131 [Worker-2: Loading available Gradle versions] INFO  o.e.b.c.i.u.g.PublishedGradleVersions - Gradle version information cache is up-to-date. Trying to read.
2024-06-21 09:45:16,429 [Worker-8: Building] INFO  o.e.m.c.i.e.AbstractTransferListenerAdapter - Downloading https://s01.oss.sonatype.org/content/repositories/snapshots/com/testyantra/optimize/tyss-data-models/1.0-SNAPSHOT/maven-metadata.xml
2024-06-21 09:45:16,789 [Worker-8: Building] INFO  o.e.m.c.i.e.AbstractTransferListenerAdapter - Downloaded https://s01.oss.sonatype.org/content/repositories/snapshots/com/testyantra/optimize/tyss-data-models/1.0-SNAPSHOT/maven-metadata.xml
2024-06-21 09:45:20,593 [Worker-8: Building] INFO  o.e.m.c.i.e.AbstractTransferListenerAdapter - Downloading https://s01.oss.sonatype.org/content/repositories/snapshots/com/testyantra/optimize/tyss-common/1.0-SNAPSHOT/maven-metadata.xml
2024-06-21 09:45:20,897 [Worker-8: Building] INFO  o.e.m.c.i.e.AbstractTransferListenerAdapter - Downloaded https://s01.oss.sonatype.org/content/repositories/snapshots/com/testyantra/optimize/tyss-common/1.0-SNAPSHOT/maven-metadata.xml
2024-06-21 09:45:21,214 [Worker-8: Building] INFO  o.e.m.c.i.e.AbstractTransferListenerAdapter - Downloading https://s01.oss.sonatype.org/content/repositories/snapshots/com/testyantra/optimize/OPTIMIZE/1.0-SNAPSHOT/maven-metadata.xml
2024-06-21 09:45:21,519 [Worker-8: Building] INFO  o.e.m.c.i.e.AbstractTransferListenerAdapter - Downloaded https://s01.oss.sonatype.org/content/repositories/snapshots/com/testyantra/optimize/OPTIMIZE/1.0-SNAPSHOT/maven-metadata.xml
2024-06-21 09:45:32,906 [Worker-8: Building] INFO  o.e.m.c.i.e.AbstractTransferListenerAdapter - Downloading https://s01.oss.sonatype.org/content/repositories/snapshots/com/testyantra/optimize/tyss-config/1.0-SNAPSHOT/maven-metadata.xml
2024-06-21 09:45:33,206 [Worker-8: Building] INFO  o.e.m.c.i.e.AbstractTransferListenerAdapter - Downloaded https://s01.oss.sonatype.org/content/repositories/snapshots/com/testyantra/optimize/tyss-config/1.0-SNAPSHOT/maven-metadata.xml
2024-06-21 09:45:38,037 [DefaultMetadataResolver-0-1] INFO  o.e.m.c.i.e.AbstractTransferListenerAdapter - Downloading https://repo.maven.apache.org/maven2/net/minidev/json-smart/maven-metadata.xml
2024-06-21 09:45:38,090 [DefaultMetadataResolver-0-0] INFO  o.e.m.c.i.e.AbstractTransferListenerAdapter - Downloaded https://s01.oss.sonatype.org/content/repositories/snapshots/net/minidev/json-smart/maven-metadata.xml
2024-06-21 09:45:38,122 [DefaultMetadataResolver-0-1] INFO  o.e.m.c.i.e.AbstractTransferListenerAdapter - Downloaded https://repo.maven.apache.org/maven2/net/minidev/json-smart/maven-metadata.xml
2024-06-21 09:45:38,921 [DefaultMetadataResolver-0-2] INFO  o.e.m.c.i.e.AbstractTransferListenerAdapter - Downloaded https://build.shibboleth.net/nexus/content/repositories/releases/net/minidev/json-smart/maven-metadata.xml
2024-06-21 09:45:50,016 [Worker-8: Building] INFO  o.e.m.c.i.l.LifecycleMappingFactory - Using org.eclipse.m2e.jdt.JarLifecycleMapping lifecycle mapping for MavenProject: com.testyantra.optimize:tyss-program-elements:1.0 @ C:\Users\User\eclipse-workspace\Choice\Choice\pom.xml.
2024-06-21 09:46:04,147 [Worker-8: Building] INFO  o.a.m.s.f.DefaultMavenResourcesFiltering - skip non existing resourceDirectory C:\Users\User\eclipse-workspace\Choice\Choice\src\main\resources
2024-06-21 09:46:04,181 [Worker-8: Building] INFO  o.a.m.s.f.DefaultMavenResourcesFiltering - skip non existing resourceDirectory C:\Users\User\eclipse-workspace\Choice\Choice\src\test\resources
2024-06-21 09:46:07,330 [Worker-10: Building] INFO  o.a.m.s.f.DefaultMavenResourcesFiltering - skip non existing resourceDirectory C:\Users\User\eclipse-workspace\Choice\Choice\src\main\resources
2024-06-21 09:46:07,336 [Worker-10: Building] INFO  o.a.m.s.f.DefaultMavenResourcesFiltering - skip non existing resourceDirectory C:\Users\User\eclipse-workspace\Choice\Choice\src\test\resources
2024-06-28 10:46:45,017 [Worker-1: Loading available Gradle versions] INFO  o.e.b.c.i.u.g.PublishedGradleVersions - Gradle version information cache is up-to-date. Trying to read.
