2024-07-11 16:16:40,412 [Worker-1: Loading available Gradle versions] INFO  o.e.b.c.i.u.g.PublishedGradleVersions - Gradle version information cache is out-of-date. Trying to update.
2024-07-11 16:23:45,730 [main] INFO  o.e.m.c.i.l.LifecycleMappingFactory - Using org.eclipse.m2e.jdt.JarLifecycleMapping lifecycle mapping for MavenProject: com.testyantra.optimize:tyss-program-elements:1.0 @ C:\Users\User\eclipse-workspace\bigbasket\Bigbasket\pom.xml.
2024-07-11 16:23:47,156 [main] INFO  o.e.m.c.i.e.AbstractTransferListenerAdapter - Downloading https://s01.oss.sonatype.org/content/repositories/snapshots/com/testyantra/optimize/tyss-data-models/1.0-SNAPSHOT/maven-metadata.xml
2024-07-11 16:23:47,473 [main] INFO  o.e.m.c.i.e.AbstractTransferListenerAdapter - Downloaded https://s01.oss.sonatype.org/content/repositories/snapshots/com/testyantra/optimize/tyss-data-models/1.0-SNAPSHOT/maven-metadata.xml
2024-07-11 16:23:52,882 [main] INFO  o.e.m.c.i.e.AbstractTransferListenerAdapter - Downloading https://s01.oss.sonatype.org/content/repositories/snapshots/com/testyantra/optimize/tyss-common/1.0-SNAPSHOT/maven-metadata.xml
2024-07-11 16:23:53,167 [main] INFO  o.e.m.c.i.e.AbstractTransferListenerAdapter - Downloaded https://s01.oss.sonatype.org/content/repositories/snapshots/com/testyantra/optimize/tyss-common/1.0-SNAPSHOT/maven-metadata.xml
2024-07-11 16:23:53,509 [main] INFO  o.e.m.c.i.e.AbstractTransferListenerAdapter - Downloading https://s01.oss.sonatype.org/content/repositories/snapshots/com/testyantra/optimize/OPTIMIZE/1.0-SNAPSHOT/maven-metadata.xml
2024-07-11 16:23:53,803 [main] INFO  o.e.m.c.i.e.AbstractTransferListenerAdapter - Downloaded https://s01.oss.sonatype.org/content/repositories/snapshots/com/testyantra/optimize/OPTIMIZE/1.0-SNAPSHOT/maven-metadata.xml
2024-07-11 16:24:10,883 [main] INFO  o.e.m.c.i.e.AbstractTransferListenerAdapter - Downloading https://s01.oss.sonatype.org/content/repositories/snapshots/com/testyantra/optimize/tyss-config/1.0-SNAPSHOT/maven-metadata.xml
2024-07-11 16:24:11,201 [main] INFO  o.e.m.c.i.e.AbstractTransferListenerAdapter - Downloaded https://s01.oss.sonatype.org/content/repositories/snapshots/com/testyantra/optimize/tyss-config/1.0-SNAPSHOT/maven-metadata.xml
2024-07-11 16:24:20,051 [DefaultMetadataResolver-0-0] INFO  o.e.m.c.i.e.AbstractTransferListenerAdapter - Downloaded https://s01.oss.sonatype.org/content/repositories/snapshots/net/minidev/json-smart/maven-metadata.xml
2024-07-11 16:24:20,061 [DefaultMetadataResolver-0-1] INFO  o.e.m.c.i.e.AbstractTransferListenerAdapter - Downloading https://repo.maven.apache.org/maven2/net/minidev/json-smart/maven-metadata.xml
2024-07-11 16:24:20,182 [DefaultMetadataResolver-0-1] INFO  o.e.m.c.i.e.AbstractTransferListenerAdapter - Downloaded https://repo.maven.apache.org/maven2/net/minidev/json-smart/maven-metadata.xml
2024-07-11 16:24:20,794 [DefaultMetadataResolver-0-2] INFO  o.e.m.c.i.e.AbstractTransferListenerAdapter - Downloaded https://build.shibboleth.net/nexus/content/repositories/releases/net/minidev/json-smart/maven-metadata.xml
2024-07-11 16:25:00,678 [Worker-13: Building] INFO  o.a.m.s.f.DefaultMavenResourcesFiltering - skip non existing resourceDirectory C:\Users\User\eclipse-workspace\bigbasket\Bigbasket\src\main\resources
2024-07-11 16:25:00,699 [Worker-13: Building] INFO  o.a.m.s.f.DefaultMavenResourcesFiltering - skip non existing resourceDirectory C:\Users\User\eclipse-workspace\bigbasket\Bigbasket\src\test\resources
2024-07-11 16:25:02,021 [main] INFO  o.e.m.j.i.AbstractJavaProjectConfigurator - Adding source folder /Bigbasket/src/main/java
2024-07-11 16:25:02,022 [main] INFO  o.e.m.j.i.AbstractJavaProjectConfigurator - Adding resource folder /Bigbasket/src/main/resources
2024-07-11 16:25:02,025 [main] INFO  o.e.m.j.i.AbstractJavaProjectConfigurator - Adding source folder /Bigbasket/src/test/java
2024-07-11 16:25:02,026 [main] INFO  o.e.m.j.i.AbstractJavaProjectConfigurator - Adding resource folder /Bigbasket/src/test/resources
2024-07-11 16:25:48,585 [Worker-19: Building] INFO  o.a.m.s.f.DefaultMavenResourcesFiltering - skip non existing resourceDirectory C:\Users\User\eclipse-workspace\bigbasket\Bigbasket\src\main\resources
2024-07-11 16:25:48,596 [Worker-19: Building] INFO  o.a.m.s.f.DefaultMavenResourcesFiltering - skip non existing resourceDirectory C:\Users\User\eclipse-workspace\bigbasket\Bigbasket\src\test\resources
2024-07-11 16:25:54,086 [Worker-19: Building] INFO  o.a.m.s.f.DefaultMavenResourcesFiltering - skip non existing resourceDirectory C:\Users\User\eclipse-workspace\bigbasket\Bigbasket\src\main\resources
2024-07-11 16:25:54,095 [Worker-19: Building] INFO  o.a.m.s.f.DefaultMavenResourcesFiltering - skip non existing resourceDirectory C:\Users\User\eclipse-workspace\bigbasket\Bigbasket\src\test\resources
2024-07-11 16:27:23,743 [Worker-4: Building] INFO  o.a.m.s.f.DefaultMavenResourcesFiltering - skip non existing resourceDirectory C:\Users\User\eclipse-workspace\bigbasket\Bigbasket\src\main\resources
2024-07-11 16:27:23,751 [Worker-4: Building] INFO  o.a.m.s.f.DefaultMavenResourcesFiltering - skip non existing resourceDirectory C:\Users\User\eclipse-workspace\bigbasket\Bigbasket\src\test\resources
2024-07-12 16:46:07,618 [Worker-2: Loading available Gradle versions] INFO  o.e.b.c.i.u.g.PublishedGradleVersions - Gradle version information cache is out-of-date. Trying to update.
2024-07-12 16:46:33,818 [Worker-5: Building] INFO  o.e.m.c.i.e.AbstractTransferListenerAdapter - Downloading https://s01.oss.sonatype.org/content/repositories/snapshots/com/testyantra/optimize/tyss-data-models/1.0-SNAPSHOT/maven-metadata.xml
2024-07-12 16:46:34,083 [Worker-5: Building] INFO  o.e.m.c.i.e.AbstractTransferListenerAdapter - Downloaded https://s01.oss.sonatype.org/content/repositories/snapshots/com/testyantra/optimize/tyss-data-models/1.0-SNAPSHOT/maven-metadata.xml
2024-07-12 16:46:36,144 [Worker-5: Building] INFO  o.e.m.c.i.e.AbstractTransferListenerAdapter - Downloading https://s01.oss.sonatype.org/content/repositories/snapshots/com/testyantra/optimize/tyss-common/1.0-SNAPSHOT/maven-metadata.xml
2024-07-12 16:46:36,400 [Worker-5: Building] INFO  o.e.m.c.i.e.AbstractTransferListenerAdapter - Downloaded https://s01.oss.sonatype.org/content/repositories/snapshots/com/testyantra/optimize/tyss-common/1.0-SNAPSHOT/maven-metadata.xml
2024-07-12 16:46:36,666 [Worker-5: Building] INFO  o.e.m.c.i.e.AbstractTransferListenerAdapter - Downloading https://s01.oss.sonatype.org/content/repositories/snapshots/com/testyantra/optimize/OPTIMIZE/1.0-SNAPSHOT/maven-metadata.xml
2024-07-12 16:46:36,927 [Worker-5: Building] INFO  o.e.m.c.i.e.AbstractTransferListenerAdapter - Downloaded https://s01.oss.sonatype.org/content/repositories/snapshots/com/testyantra/optimize/OPTIMIZE/1.0-SNAPSHOT/maven-metadata.xml
2024-07-12 16:46:42,749 [Worker-5: Building] INFO  o.e.m.c.i.e.AbstractTransferListenerAdapter - Downloading https://s01.oss.sonatype.org/content/repositories/snapshots/com/testyantra/optimize/tyss-config/1.0-SNAPSHOT/maven-metadata.xml
2024-07-12 16:46:43,013 [Worker-5: Building] INFO  o.e.m.c.i.e.AbstractTransferListenerAdapter - Downloaded https://s01.oss.sonatype.org/content/repositories/snapshots/com/testyantra/optimize/tyss-config/1.0-SNAPSHOT/maven-metadata.xml
2024-07-12 16:46:45,650 [DefaultMetadataResolver-0-0] INFO  o.e.m.c.i.e.AbstractTransferListenerAdapter - Downloaded https://s01.oss.sonatype.org/content/repositories/snapshots/net/minidev/json-smart/maven-metadata.xml
2024-07-12 16:46:45,913 [DefaultMetadataResolver-0-1] INFO  o.e.m.c.i.e.AbstractTransferListenerAdapter - Downloading https://repo.maven.apache.org/maven2/net/minidev/json-smart/maven-metadata.xml
2024-07-12 16:46:45,984 [DefaultMetadataResolver-0-1] INFO  o.e.m.c.i.e.AbstractTransferListenerAdapter - Downloaded https://repo.maven.apache.org/maven2/net/minidev/json-smart/maven-metadata.xml
2024-07-12 16:46:46,455 [DefaultMetadataResolver-0-2] INFO  o.e.m.c.i.e.AbstractTransferListenerAdapter - Downloaded https://build.shibboleth.net/nexus/content/repositories/releases/net/minidev/json-smart/maven-metadata.xml
2024-07-12 16:46:51,306 [Worker-5: Building] INFO  o.a.m.s.f.DefaultMavenResourcesFiltering - skip non existing resourceDirectory C:\Users\User\eclipse-workspace\bigbasket\Bigbasket\src\main\resources
2024-07-12 16:46:51,311 [Worker-5: Building] INFO  o.a.m.s.f.DefaultMavenResourcesFiltering - skip non existing resourceDirectory C:\Users\User\eclipse-workspace\bigbasket\Bigbasket\src\test\resources
2024-07-12 16:46:53,267 [Worker-19: Building] INFO  o.a.m.s.f.DefaultMavenResourcesFiltering - skip non existing resourceDirectory C:\Users\User\eclipse-workspace\bigbasket\Bigbasket\src\main\resources
2024-07-12 16:46:53,270 [Worker-19: Building] INFO  o.a.m.s.f.DefaultMavenResourcesFiltering - skip non existing resourceDirectory C:\Users\User\eclipse-workspace\bigbasket\Bigbasket\src\test\resources
2024-07-12 16:47:03,345 [Worker-11: Building] INFO  o.a.m.s.f.DefaultMavenResourcesFiltering - skip non existing resourceDirectory C:\Users\User\eclipse-workspace\bigbasket\Bigbasket\src\main\resources
2024-07-12 16:47:03,350 [Worker-11: Building] INFO  o.a.m.s.f.DefaultMavenResourcesFiltering - skip non existing resourceDirectory C:\Users\User\eclipse-workspace\bigbasket\Bigbasket\src\test\resources
2024-07-12 16:47:08,918 [Worker-17: Building] INFO  o.a.m.s.f.DefaultMavenResourcesFiltering - skip non existing resourceDirectory C:\Users\User\eclipse-workspace\bigbasket\Bigbasket\src\main\resources
2024-07-12 16:47:08,921 [Worker-17: Building] INFO  o.a.m.s.f.DefaultMavenResourcesFiltering - skip non existing resourceDirectory C:\Users\User\eclipse-workspace\bigbasket\Bigbasket\src\test\resources
2024-07-15 17:22:26,781 [Worker-6: Loading available Gradle versions] INFO  o.e.b.c.i.u.g.PublishedGradleVersions - Gradle version information cache is out-of-date. Trying to update.
2024-07-15 17:25:14,520 [Worker-4: Loading available Gradle versions] INFO  o.e.b.c.i.u.g.PublishedGradleVersions - Gradle version information cache is up-to-date. Trying to read.
2024-07-15 17:25:20,831 [Worker-0: Building] INFO  o.e.m.c.i.e.AbstractTransferListenerAdapter - Downloading https://s01.oss.sonatype.org/content/repositories/snapshots/com/testyantra/optimize/tyss-data-models/1.0-SNAPSHOT/maven-metadata.xml
2024-07-15 17:25:21,389 [Worker-0: Building] INFO  o.e.m.c.i.e.AbstractTransferListenerAdapter - Downloaded https://s01.oss.sonatype.org/content/repositories/snapshots/com/testyantra/optimize/tyss-data-models/1.0-SNAPSHOT/maven-metadata.xml
2024-07-15 17:25:30,054 [Worker-0: Building] INFO  o.e.m.c.i.e.AbstractTransferListenerAdapter - Downloading https://s01.oss.sonatype.org/content/repositories/snapshots/com/testyantra/optimize/tyss-common/1.0-SNAPSHOT/maven-metadata.xml
2024-07-15 17:25:30,408 [Worker-0: Building] INFO  o.e.m.c.i.e.AbstractTransferListenerAdapter - Downloaded https://s01.oss.sonatype.org/content/repositories/snapshots/com/testyantra/optimize/tyss-common/1.0-SNAPSHOT/maven-metadata.xml
2024-07-15 17:25:30,816 [Worker-0: Building] INFO  o.e.m.c.i.e.AbstractTransferListenerAdapter - Downloading https://s01.oss.sonatype.org/content/repositories/snapshots/com/testyantra/optimize/OPTIMIZE/1.0-SNAPSHOT/maven-metadata.xml
2024-07-15 17:25:31,132 [Worker-0: Building] INFO  o.e.m.c.i.e.AbstractTransferListenerAdapter - Downloaded https://s01.oss.sonatype.org/content/repositories/snapshots/com/testyantra/optimize/OPTIMIZE/1.0-SNAPSHOT/maven-metadata.xml
2024-07-15 17:25:48,852 [Worker-0: Building] INFO  o.e.m.c.i.e.AbstractTransferListenerAdapter - Downloading https://s01.oss.sonatype.org/content/repositories/snapshots/com/testyantra/optimize/tyss-config/1.0-SNAPSHOT/maven-metadata.xml
2024-07-15 17:25:49,184 [Worker-0: Building] INFO  o.e.m.c.i.e.AbstractTransferListenerAdapter - Downloaded https://s01.oss.sonatype.org/content/repositories/snapshots/com/testyantra/optimize/tyss-config/1.0-SNAPSHOT/maven-metadata.xml
2024-07-15 17:25:54,903 [DefaultMetadataResolver-0-1] INFO  o.e.m.c.i.e.AbstractTransferListenerAdapter - Downloading https://repo.maven.apache.org/maven2/net/minidev/json-smart/maven-metadata.xml
2024-07-15 17:25:54,973 [DefaultMetadataResolver-0-1] INFO  o.e.m.c.i.e.AbstractTransferListenerAdapter - Downloaded https://repo.maven.apache.org/maven2/net/minidev/json-smart/maven-metadata.xml
2024-07-15 17:25:55,001 [DefaultMetadataResolver-0-0] INFO  o.e.m.c.i.e.AbstractTransferListenerAdapter - Downloaded https://s01.oss.sonatype.org/content/repositories/snapshots/net/minidev/json-smart/maven-metadata.xml
2024-07-15 17:25:56,041 [DefaultMetadataResolver-0-2] INFO  o.e.m.c.i.e.AbstractTransferListenerAdapter - Downloaded https://build.shibboleth.net/nexus/content/repositories/releases/net/minidev/json-smart/maven-metadata.xml
2024-07-15 17:26:06,797 [Worker-0: Building] INFO  o.a.m.s.f.DefaultMavenResourcesFiltering - skip non existing resourceDirectory C:\Users\User\eclipse-workspace\bigbasket\Bigbasket\src\main\resources
2024-07-15 17:26:06,804 [Worker-0: Building] INFO  o.a.m.s.f.DefaultMavenResourcesFiltering - skip non existing resourceDirectory C:\Users\User\eclipse-workspace\bigbasket\Bigbasket\src\test\resources
2024-07-15 17:26:15,322 [Worker-20: Building] INFO  o.e.m.c.i.l.LifecycleMappingFactory - Using org.eclipse.m2e.jdt.JarLifecycleMapping lifecycle mapping for MavenProject: com.testyantra.optimize:tyss-program-elements:1.0 @ C:\Users\User\eclipse-workspace\bigbasket\Bigbasket\pom.xml.
2024-07-15 17:26:35,125 [Worker-20: Building] INFO  o.a.m.s.f.DefaultMavenResourcesFiltering - skip non existing resourceDirectory C:\Users\User\eclipse-workspace\bigbasket\Bigbasket\src\main\resources
2024-07-15 17:26:35,137 [Worker-20: Building] INFO  o.a.m.s.f.DefaultMavenResourcesFiltering - skip non existing resourceDirectory C:\Users\User\eclipse-workspace\bigbasket\Bigbasket\src\test\resources
2024-07-15 17:27:09,951 [Worker-1: Loading available Gradle versions] INFO  o.e.b.c.i.u.g.PublishedGradleVersions - Gradle version information cache is up-to-date. Trying to read.
