2024-02-27 15:38:34,449 [Worker-2: Loading available Gradle versions] INFO  o.e.b.c.i.u.g.PublishedGradleVersions - Gradle version information cache is up-to-date. Trying to read.
2024-02-27 15:39:55,108 [main] INFO  o.e.m.c.i.l.LifecycleMappingFactory - Using org.eclipse.m2e.jdt.JarLifecycleMapping lifecycle mapping for MavenProject: com.testyantra.optimize:tyss-program-elements:1.0 @ C:\Users\User\eclipse-workspace\PharmEasy\GateKeeper\pom.xml.
2024-02-27 15:39:56,236 [main] INFO  o.e.m.c.i.e.AbstractTransferListenerAdapter - Downloading https://s01.oss.sonatype.org/content/repositories/snapshots/com/testyantra/optimize/tyss-data-models/1.0-SNAPSHOT/maven-metadata.xml
2024-02-27 15:39:56,766 [main] INFO  o.e.m.c.i.e.AbstractTransferListenerAdapter - Downloaded https://s01.oss.sonatype.org/content/repositories/snapshots/com/testyantra/optimize/tyss-data-models/1.0-SNAPSHOT/maven-metadata.xml
2024-02-27 15:39:58,485 [main] INFO  o.e.m.c.i.e.AbstractTransferListenerAdapter - Downloading https://s01.oss.sonatype.org/content/repositories/snapshots/com/testyantra/optimize/tyss-common/1.0-SNAPSHOT/maven-metadata.xml
2024-02-27 15:39:58,774 [main] INFO  o.e.m.c.i.e.AbstractTransferListenerAdapter - Downloaded https://s01.oss.sonatype.org/content/repositories/snapshots/com/testyantra/optimize/tyss-common/1.0-SNAPSHOT/maven-metadata.xml
2024-02-27 15:39:59,046 [main] INFO  o.e.m.c.i.e.AbstractTransferListenerAdapter - Downloading https://s01.oss.sonatype.org/content/repositories/snapshots/com/testyantra/optimize/OPTIMIZE/1.0-SNAPSHOT/maven-metadata.xml
2024-02-27 15:39:59,319 [main] INFO  o.e.m.c.i.e.AbstractTransferListenerAdapter - Downloaded https://s01.oss.sonatype.org/content/repositories/snapshots/com/testyantra/optimize/OPTIMIZE/1.0-SNAPSHOT/maven-metadata.xml
2024-02-27 15:40:04,205 [main] INFO  o.e.m.c.i.e.AbstractTransferListenerAdapter - Downloading https://s01.oss.sonatype.org/content/repositories/snapshots/com/testyantra/optimize/tyss-config/1.0-SNAPSHOT/maven-metadata.xml
2024-02-27 15:40:04,509 [main] INFO  o.e.m.c.i.e.AbstractTransferListenerAdapter - Downloaded https://s01.oss.sonatype.org/content/repositories/snapshots/com/testyantra/optimize/tyss-config/1.0-SNAPSHOT/maven-metadata.xml
2024-02-27 15:40:06,863 [DefaultMetadataResolver-0-1] INFO  o.e.m.c.i.e.AbstractTransferListenerAdapter - Downloading https://repo.maven.apache.org/maven2/net/minidev/json-smart/maven-metadata.xml
2024-02-27 15:40:06,910 [DefaultMetadataResolver-0-1] INFO  o.e.m.c.i.e.AbstractTransferListenerAdapter - Downloaded https://repo.maven.apache.org/maven2/net/minidev/json-smart/maven-metadata.xml
2024-02-27 15:40:06,996 [DefaultMetadataResolver-0-0] INFO  o.e.m.c.i.e.AbstractTransferListenerAdapter - Downloaded https://s01.oss.sonatype.org/content/repositories/snapshots/net/minidev/json-smart/maven-metadata.xml
2024-02-27 15:40:08,073 [DefaultMetadataResolver-0-2] INFO  o.e.m.c.i.e.AbstractTransferListenerAdapter - Downloaded https://build.shibboleth.net/nexus/content/repositories/releases/net/minidev/json-smart/maven-metadata.xml
2024-02-27 15:40:20,684 [Worker-16: Building] WARN  o.a.m.s.f.DefaultMavenResourcesFiltering - Using platform encoding (Cp1252 actually) to copy filtered resources, i.e. build is platform dependent!
2024-02-27 15:40:20,684 [Worker-16: Building] INFO  o.a.m.s.f.DefaultMavenResourcesFiltering - skip non existing resourceDirectory C:\Users\User\eclipse-workspace\PharmEasy\GateKeeper\src\main\resources
2024-02-27 15:40:20,690 [Worker-16: Building] WARN  o.a.m.s.f.DefaultMavenResourcesFiltering - Using platform encoding (Cp1252 actually) to copy filtered resources, i.e. build is platform dependent!
2024-02-27 15:40:20,691 [Worker-16: Building] INFO  o.a.m.s.f.DefaultMavenResourcesFiltering - skip non existing resourceDirectory C:\Users\User\eclipse-workspace\PharmEasy\GateKeeper\src\test\resources
2024-02-27 15:40:21,080 [main] INFO  o.e.m.j.i.AbstractJavaProjectConfigurator - Adding source folder /GateKeeper/src/main/java
2024-02-27 15:40:21,081 [main] INFO  o.e.m.j.i.AbstractJavaProjectConfigurator - Adding resource folder /GateKeeper/src/main/resources
2024-02-27 15:40:21,082 [main] INFO  o.e.m.j.i.AbstractJavaProjectConfigurator - Adding source folder /GateKeeper/src/test/java
2024-02-27 15:40:21,083 [main] INFO  o.e.m.j.i.AbstractJavaProjectConfigurator - Adding resource folder /GateKeeper/src/test/resources
2024-02-27 15:40:34,038 [Worker-4: Building] WARN  o.a.m.s.f.DefaultMavenResourcesFiltering - Using platform encoding (Cp1252 actually) to copy filtered resources, i.e. build is platform dependent!
2024-02-27 15:40:34,039 [Worker-4: Building] INFO  o.a.m.s.f.DefaultMavenResourcesFiltering - skip non existing resourceDirectory C:\Users\User\eclipse-workspace\PharmEasy\GateKeeper\src\main\resources
2024-02-27 15:40:34,044 [Worker-4: Building] WARN  o.a.m.s.f.DefaultMavenResourcesFiltering - Using platform encoding (Cp1252 actually) to copy filtered resources, i.e. build is platform dependent!
2024-02-27 15:40:34,045 [Worker-4: Building] INFO  o.a.m.s.f.DefaultMavenResourcesFiltering - skip non existing resourceDirectory C:\Users\User\eclipse-workspace\PharmEasy\GateKeeper\src\test\resources
2024-02-27 15:40:35,956 [Worker-13: Building] INFO  o.e.m.c.i.l.LifecycleMappingFactory - Using org.eclipse.m2e.jdt.JarLifecycleMapping lifecycle mapping for MavenProject: com.testyantra.optimize:tyss-program-elements:1.0 @ C:\Users\User\eclipse-workspace\PharmEasy\GateKeeper\pom.xml.
2024-02-27 15:40:39,213 [Worker-13: Building] WARN  o.a.m.s.f.DefaultMavenResourcesFiltering - Using platform encoding (Cp1252 actually) to copy filtered resources, i.e. build is platform dependent!
2024-02-27 15:40:39,214 [Worker-13: Building] INFO  o.a.m.s.f.DefaultMavenResourcesFiltering - skip non existing resourceDirectory C:\Users\User\eclipse-workspace\PharmEasy\GateKeeper\src\main\resources
2024-02-27 15:40:39,220 [Worker-13: Building] WARN  o.a.m.s.f.DefaultMavenResourcesFiltering - Using platform encoding (Cp1252 actually) to copy filtered resources, i.e. build is platform dependent!
2024-02-27 15:40:39,221 [Worker-13: Building] INFO  o.a.m.s.f.DefaultMavenResourcesFiltering - skip non existing resourceDirectory C:\Users\User\eclipse-workspace\PharmEasy\GateKeeper\src\test\resources
2024-02-27 15:46:53,444 [Worker-12: Building] WARN  o.a.m.s.f.DefaultMavenResourcesFiltering - Using platform encoding (Cp1252 actually) to copy filtered resources, i.e. build is platform dependent!
2024-02-27 15:46:53,447 [Worker-12: Building] INFO  o.a.m.s.f.DefaultMavenResourcesFiltering - skip non existing resourceDirectory C:\Users\User\eclipse-workspace\PharmEasy\GateKeeper\src\main\resources
2024-02-27 15:46:53,450 [Worker-12: Building] WARN  o.a.m.s.f.DefaultMavenResourcesFiltering - Using platform encoding (Cp1252 actually) to copy filtered resources, i.e. build is platform dependent!
2024-02-27 15:46:53,451 [Worker-12: Building] INFO  o.a.m.s.f.DefaultMavenResourcesFiltering - skip non existing resourceDirectory C:\Users\User\eclipse-workspace\PharmEasy\GateKeeper\src\test\resources
2024-02-27 15:47:33,816 [Worker-12: Building] WARN  o.a.m.s.f.DefaultMavenResourcesFiltering - Using platform encoding (Cp1252 actually) to copy filtered resources, i.e. build is platform dependent!
2024-02-27 15:47:33,817 [Worker-12: Building] INFO  o.a.m.s.f.DefaultMavenResourcesFiltering - skip non existing resourceDirectory C:\Users\User\eclipse-workspace\PharmEasy\GateKeeper\src\main\resources
2024-02-27 15:47:33,820 [Worker-12: Building] WARN  o.a.m.s.f.DefaultMavenResourcesFiltering - Using platform encoding (Cp1252 actually) to copy filtered resources, i.e. build is platform dependent!
2024-02-27 15:47:33,820 [Worker-12: Building] INFO  o.a.m.s.f.DefaultMavenResourcesFiltering - skip non existing resourceDirectory C:\Users\User\eclipse-workspace\PharmEasy\GateKeeper\src\test\resources
2024-02-27 15:47:47,911 [Worker-12: Building] WARN  o.a.m.s.f.DefaultMavenResourcesFiltering - Using platform encoding (Cp1252 actually) to copy filtered resources, i.e. build is platform dependent!
2024-02-27 15:47:47,914 [Worker-12: Building] INFO  o.a.m.s.f.DefaultMavenResourcesFiltering - skip non existing resourceDirectory C:\Users\User\eclipse-workspace\PharmEasy\GateKeeper\src\main\resources
2024-02-27 15:47:47,916 [Worker-12: Building] WARN  o.a.m.s.f.DefaultMavenResourcesFiltering - Using platform encoding (Cp1252 actually) to copy filtered resources, i.e. build is platform dependent!
2024-02-27 15:47:47,926 [Worker-12: Building] INFO  o.a.m.s.f.DefaultMavenResourcesFiltering - skip non existing resourceDirectory C:\Users\User\eclipse-workspace\PharmEasy\GateKeeper\src\test\resources
2024-02-27 15:48:03,646 [Worker-5: Building] WARN  o.a.m.s.f.DefaultMavenResourcesFiltering - Using platform encoding (Cp1252 actually) to copy filtered resources, i.e. build is platform dependent!
2024-02-27 15:48:03,651 [Worker-5: Building] INFO  o.a.m.s.f.DefaultMavenResourcesFiltering - skip non existing resourceDirectory C:\Users\User\eclipse-workspace\PharmEasy\GateKeeper\src\main\resources
2024-02-27 15:48:03,654 [Worker-5: Building] WARN  o.a.m.s.f.DefaultMavenResourcesFiltering - Using platform encoding (Cp1252 actually) to copy filtered resources, i.e. build is platform dependent!
2024-02-27 15:48:03,655 [Worker-5: Building] INFO  o.a.m.s.f.DefaultMavenResourcesFiltering - skip non existing resourceDirectory C:\Users\User\eclipse-workspace\PharmEasy\GateKeeper\src\test\resources
2024-02-27 15:48:18,182 [Worker-5: Building] WARN  o.a.m.s.f.DefaultMavenResourcesFiltering - Using platform encoding (Cp1252 actually) to copy filtered resources, i.e. build is platform dependent!
2024-02-27 15:48:18,184 [Worker-5: Building] INFO  o.a.m.s.f.DefaultMavenResourcesFiltering - skip non existing resourceDirectory C:\Users\User\eclipse-workspace\PharmEasy\GateKeeper\src\main\resources
2024-02-27 15:48:18,187 [Worker-5: Building] WARN  o.a.m.s.f.DefaultMavenResourcesFiltering - Using platform encoding (Cp1252 actually) to copy filtered resources, i.e. build is platform dependent!
2024-02-27 15:48:18,189 [Worker-5: Building] INFO  o.a.m.s.f.DefaultMavenResourcesFiltering - skip non existing resourceDirectory C:\Users\User\eclipse-workspace\PharmEasy\GateKeeper\src\test\resources
2024-02-27 15:48:23,262 [Worker-26: Building] INFO  o.e.m.c.i.l.LifecycleMappingFactory - Using org.eclipse.m2e.jdt.JarLifecycleMapping lifecycle mapping for MavenProject: com.testyantra.optimize:tyss-program-elements:1.0 @ C:\Users\User\eclipse-workspace\PharmEasy\GateKeeper\pom.xml.
2024-02-27 15:48:25,630 [Worker-26: Building] WARN  o.a.m.s.f.DefaultMavenResourcesFiltering - Using platform encoding (Cp1252 actually) to copy filtered resources, i.e. build is platform dependent!
2024-02-27 15:48:25,631 [Worker-26: Building] INFO  o.a.m.s.f.DefaultMavenResourcesFiltering - skip non existing resourceDirectory C:\Users\User\eclipse-workspace\PharmEasy\GateKeeper\src\main\resources
2024-02-27 15:48:25,636 [Worker-26: Building] WARN  o.a.m.s.f.DefaultMavenResourcesFiltering - Using platform encoding (Cp1252 actually) to copy filtered resources, i.e. build is platform dependent!
2024-02-27 15:48:25,637 [Worker-26: Building] INFO  o.a.m.s.f.DefaultMavenResourcesFiltering - skip non existing resourceDirectory C:\Users\User\eclipse-workspace\PharmEasy\GateKeeper\src\test\resources
2024-02-27 15:48:26,099 [Worker-12: Updating Maven Dependencies] INFO  o.e.m.c.i.l.LifecycleMappingFactory - Using org.eclipse.m2e.jdt.JarLifecycleMapping lifecycle mapping for MavenProject: com.testyantra.optimize:tyss-program-elements:1.0 @ C:\Users\User\eclipse-workspace\PharmEasy\GateKeeper\pom.xml.
2024-02-27 15:48:50,900 [ModalContext] INFO  o.a.m.c.event.ExecutionEventLogger - Scanning for projects...
2024-02-27 15:48:50,928 [ModalContext] INFO  o.a.m.c.event.ExecutionEventLogger - 
2024-02-27 15:48:50,939 [ModalContext] INFO  o.a.m.c.event.ExecutionEventLogger - [1m-----------< [0;36mcom.testyantra.optimize:tyss-program-elements[0;1m >------------[m
2024-02-27 15:48:50,940 [ModalContext] INFO  o.a.m.c.event.ExecutionEventLogger - [1mBuilding tyss-program-elements 1.0[m
2024-02-27 15:48:50,940 [ModalContext] INFO  o.a.m.c.event.ExecutionEventLogger -   from pom.xml
2024-02-27 15:48:50,940 [ModalContext] INFO  o.a.m.c.event.ExecutionEventLogger - [1m--------------------------------[ jar ]---------------------------------[m
2024-02-27 15:48:51,087 [Worker-12: Building] WARN  o.a.m.s.f.DefaultMavenResourcesFiltering - Using platform encoding (Cp1252 actually) to copy filtered resources, i.e. build is platform dependent!
2024-02-27 15:48:51,088 [Worker-12: Building] INFO  o.a.m.s.f.DefaultMavenResourcesFiltering - skip non existing resourceDirectory C:\Users\User\eclipse-workspace\PharmEasy\GateKeeper\src\main\resources
2024-02-27 15:48:51,093 [Worker-12: Building] WARN  o.a.m.s.f.DefaultMavenResourcesFiltering - Using platform encoding (Cp1252 actually) to copy filtered resources, i.e. build is platform dependent!
2024-02-27 15:48:51,094 [Worker-12: Building] INFO  o.a.m.s.f.DefaultMavenResourcesFiltering - skip non existing resourceDirectory C:\Users\User\eclipse-workspace\PharmEasy\GateKeeper\src\test\resources
2024-02-27 15:48:53,169 [ModalContext] INFO  o.a.m.c.event.ExecutionEventLogger - 
2024-02-27 15:48:53,170 [ModalContext] INFO  o.a.m.c.event.ExecutionEventLogger - [1m--- [0;32mclean:3.2.0:clean[m [1m(default-clean)[m @ [36mtyss-program-elements[0;1m ---[m
2024-02-27 15:48:53,199 [ModalContext] INFO  o.a.maven.plugins.clean.CleanMojo - Deleting C:\Users\User\eclipse-workspace\PharmEasy\GateKeeper\target
2024-02-27 15:48:53,213 [ModalContext] INFO  o.a.m.c.event.ExecutionEventLogger - 
2024-02-27 15:48:53,214 [ModalContext] INFO  o.a.m.c.event.ExecutionEventLogger - [1m--- [0;32mresources:3.3.1:resources[m [1m(default-resources)[m @ [36mtyss-program-elements[0;1m ---[m
2024-02-27 15:48:53,360 [ModalContext] WARN  o.a.m.s.f.DefaultMavenResourcesFiltering - Using platform encoding (Cp1252 actually) to copy filtered resources, i.e. build is platform dependent!
2024-02-27 15:48:53,361 [ModalContext] INFO  o.a.m.s.f.DefaultMavenResourcesFiltering - skip non existing resourceDirectory C:\Users\User\eclipse-workspace\PharmEasy\GateKeeper\src\main\resources
2024-02-27 15:48:53,363 [ModalContext] INFO  o.a.m.c.event.ExecutionEventLogger - 
2024-02-27 15:48:53,363 [ModalContext] INFO  o.a.m.c.event.ExecutionEventLogger - [1m--- [0;32mcompiler:3.11.0:compile[m [1m(default-compile)[m @ [36mtyss-program-elements[0;1m ---[m
2024-02-27 15:48:53,544 [ModalContext] INFO  o.a.m.plugin.compiler.CompilerMojo - Changes detected - recompiling the module! :source
2024-02-27 15:48:53,548 [ModalContext] WARN  o.a.m.plugin.compiler.CompilerMojo - File encoding has not been set, using platform encoding Cp1252, i.e. build is platform dependent!
2024-02-27 15:48:53,552 [ModalContext] INFO  o.c.p.compiler.javac.JavacCompiler - Compiling 5 source files with javac [debug target 11] to target\classes
2024-02-27 15:48:56,876 [ModalContext] WARN  o.a.m.plugin.compiler.CompilerMojo - system modules path not set in conjunction with -source 11
2024-02-27 15:48:56,876 [ModalContext] INFO  o.a.m.plugin.compiler.CompilerMojo - /C:/Users/User/eclipse-workspace/PharmEasy/GateKeeper/src/main/java/com/tyss/optimize/programelement/LIC18416PJT1001/Business_Logic/extractParametersFromQuery.java: Some input files use unchecked or unsafe operations.
2024-02-27 15:48:56,876 [ModalContext] INFO  o.a.m.plugin.compiler.CompilerMojo - /C:/Users/User/eclipse-workspace/PharmEasy/GateKeeper/src/main/java/com/tyss/optimize/programelement/LIC18416PJT1001/Business_Logic/extractParametersFromQuery.java: Recompile with -Xlint:unchecked for details.
2024-02-27 15:48:56,876 [ModalContext] INFO  o.a.m.c.event.ExecutionEventLogger - 
2024-02-27 15:48:56,876 [ModalContext] INFO  o.a.m.c.event.ExecutionEventLogger - [1m--- [0;32mresources:3.3.1:testResources[m [1m(default-testResources)[m @ [36mtyss-program-elements[0;1m ---[m
2024-02-27 15:48:56,881 [ModalContext] WARN  o.a.m.s.f.DefaultMavenResourcesFiltering - Using platform encoding (Cp1252 actually) to copy filtered resources, i.e. build is platform dependent!
2024-02-27 15:48:56,882 [ModalContext] INFO  o.a.m.s.f.DefaultMavenResourcesFiltering - skip non existing resourceDirectory C:\Users\User\eclipse-workspace\PharmEasy\GateKeeper\src\test\resources
2024-02-27 15:48:56,882 [ModalContext] INFO  o.a.m.c.event.ExecutionEventLogger - 
2024-02-27 15:48:56,883 [ModalContext] INFO  o.a.m.c.event.ExecutionEventLogger - [1m--- [0;32mcompiler:3.11.0:testCompile[m [1m(default-testCompile)[m @ [36mtyss-program-elements[0;1m ---[m
2024-02-27 15:48:56,887 [ModalContext] INFO  o.a.m.p.compiler.TestCompilerMojo - No sources to compile
2024-02-27 15:48:56,887 [ModalContext] INFO  o.a.m.c.event.ExecutionEventLogger - 
2024-02-27 15:48:56,887 [ModalContext] INFO  o.a.m.c.event.ExecutionEventLogger - [1m--- [0;32msurefire:3.1.2:test[m [1m(default-test)[m @ [36mtyss-program-elements[0;1m ---[m
2024-02-27 15:48:58,150 [ModalContext] INFO  o.a.m.p.surefire.SurefirePlugin - No tests to run.
2024-02-27 15:48:58,162 [ModalContext] INFO  o.a.m.c.event.ExecutionEventLogger - 
2024-02-27 15:48:58,162 [ModalContext] INFO  o.a.m.c.event.ExecutionEventLogger - [1m--- [0;32mdependency:2.5.1:unpack-dependencies[m [1m(copy-dependencies)[m @ [36mtyss-program-elements[0;1m ---[m
2024-02-27 15:49:04,338 [ModalContext] INFO  o.a.m.p.d.UnpackDependenciesMojo - Unpacking C:\Users\User\.m2\repository\com\testyantra\optimize\tyss-data-models\1.0-SNAPSHOT\tyss-data-models-1.0-SNAPSHOT.jar to C:\Users\User\eclipse-workspace\PharmEasy\GateKeeper\target\classes with includes "**/*.class" and excludes "**/*.properties"
2024-02-27 15:49:05,258 [ModalContext] INFO  o.a.m.c.event.ExecutionEventLogger - 
2024-02-27 15:49:05,258 [ModalContext] INFO  o.a.m.c.event.ExecutionEventLogger - [1m--- [0;32mjar:3.3.0:jar[m [1m(default-jar)[m @ [36mtyss-program-elements[0;1m ---[m
2024-02-27 15:49:05,924 [ModalContext] INFO  o.c.plexus.archiver.jar.JarArchiver - Building jar: C:\Users\User\eclipse-workspace\PharmEasy\GateKeeper\target\tyss-program-elements-1.0.jar
2024-02-27 15:49:06,032 [ModalContext] INFO  o.a.m.c.event.ExecutionEventLogger - 
2024-02-27 15:49:06,034 [ModalContext] INFO  o.a.m.c.event.ExecutionEventLogger - [1m--- [0;32minstall:3.1.1:install[m [1m(default-install)[m @ [36mtyss-program-elements[0;1m ---[m
2024-02-27 15:49:06,065 [ModalContext] INFO  o.codehaus.plexus.PlexusContainer - Installing C:\Users\User\eclipse-workspace\PharmEasy\GateKeeper\pom.xml to C:\Users\User\.m2\repository\com\testyantra\optimize\tyss-program-elements\1.0\tyss-program-elements-1.0.pom
2024-02-27 15:49:06,077 [ModalContext] INFO  o.codehaus.plexus.PlexusContainer - Installing C:\Users\User\eclipse-workspace\PharmEasy\GateKeeper\target\tyss-program-elements-1.0.jar to C:\Users\User\.m2\repository\com\testyantra\optimize\tyss-program-elements\1.0\tyss-program-elements-1.0.jar
2024-02-27 15:49:06,103 [ModalContext] INFO  o.a.m.c.event.ExecutionEventLogger - [1m------------------------------------------------------------------------[m
2024-02-27 15:49:06,104 [ModalContext] INFO  o.a.m.c.event.ExecutionEventLogger - [1;32mBUILD SUCCESS[m
2024-02-27 15:49:06,104 [ModalContext] INFO  o.a.m.c.event.ExecutionEventLogger - [1m------------------------------------------------------------------------[m
2024-02-27 15:49:06,104 [ModalContext] INFO  o.a.m.c.event.ExecutionEventLogger - Total time:  15.207 s
2024-02-27 15:49:06,104 [ModalContext] INFO  o.a.m.c.event.ExecutionEventLogger - Finished at: 2024-02-27T15:49:06+05:30
2024-02-27 15:49:06,104 [ModalContext] INFO  o.a.m.c.event.ExecutionEventLogger - [1m------------------------------------------------------------------------[m
2024-02-27 15:49:06,105 [ModalContext] WARN  o.a.m.e.internal.EventSpyDispatcher - Failed to close spy org.eclipse.m2e.internal.maven.listener.M2EMavenBuildDataBridge: Cannot invoke "java.nio.channels.SocketChannel.close()" because "this.writeChannel" is null
2024-02-27 15:49:06,651 [Worker-25: Building] WARN  o.a.m.s.f.DefaultMavenResourcesFiltering - Using platform encoding (Cp1252 actually) to copy filtered resources, i.e. build is platform dependent!
2024-02-27 15:49:06,652 [Worker-25: Building] INFO  o.a.m.s.f.DefaultMavenResourcesFiltering - skip non existing resourceDirectory C:\Users\User\eclipse-workspace\PharmEasy\GateKeeper\src\main\resources
2024-02-27 15:49:06,655 [Worker-25: Building] WARN  o.a.m.s.f.DefaultMavenResourcesFiltering - Using platform encoding (Cp1252 actually) to copy filtered resources, i.e. build is platform dependent!
2024-02-27 15:49:06,656 [Worker-25: Building] INFO  o.a.m.s.f.DefaultMavenResourcesFiltering - skip non existing resourceDirectory C:\Users\User\eclipse-workspace\PharmEasy\GateKeeper\src\test\resources
2024-02-27 15:49:08,299 [Worker-5: Building] WARN  o.a.m.s.f.DefaultMavenResourcesFiltering - Using platform encoding (Cp1252 actually) to copy filtered resources, i.e. build is platform dependent!
2024-02-27 15:49:08,301 [Worker-5: Building] INFO  o.a.m.s.f.DefaultMavenResourcesFiltering - skip non existing resourceDirectory C:\Users\User\eclipse-workspace\PharmEasy\GateKeeper\src\main\resources
2024-02-27 15:49:08,306 [Worker-5: Building] WARN  o.a.m.s.f.DefaultMavenResourcesFiltering - Using platform encoding (Cp1252 actually) to copy filtered resources, i.e. build is platform dependent!
2024-02-27 15:49:08,308 [Worker-5: Building] INFO  o.a.m.s.f.DefaultMavenResourcesFiltering - skip non existing resourceDirectory C:\Users\User\eclipse-workspace\PharmEasy\GateKeeper\src\test\resources
2024-02-27 22:13:53,876 [Worker-4: Loading available Gradle versions] INFO  o.e.b.c.i.u.g.PublishedGradleVersions - Gradle version information cache is out-of-date. Trying to update.
2024-02-27 22:14:10,539 [Worker-4: Loading available Gradle versions] INFO  o.e.b.c.i.u.g.PublishedGradleVersions - Updating Gradle version information cache failed. Using outdated cache.
2024-02-27 22:22:32,303 [Worker-1: Building] WARN  o.a.m.s.f.DefaultMavenResourcesFiltering - Using platform encoding (Cp1252 actually) to copy filtered resources, i.e. build is platform dependent!
2024-02-27 22:22:32,305 [Worker-1: Building] INFO  o.a.m.s.f.DefaultMavenResourcesFiltering - skip non existing resourceDirectory C:\Users\User\eclipse-workspace\PharmEasy\GateKeeper\src\main\resources
2024-02-27 22:22:32,315 [Worker-1: Building] WARN  o.a.m.s.f.DefaultMavenResourcesFiltering - Using platform encoding (Cp1252 actually) to copy filtered resources, i.e. build is platform dependent!
2024-02-27 22:22:32,318 [Worker-1: Building] INFO  o.a.m.s.f.DefaultMavenResourcesFiltering - skip non existing resourceDirectory C:\Users\User\eclipse-workspace\PharmEasy\GateKeeper\src\test\resources
2024-02-27 22:22:50,366 [Worker-5: Building] WARN  o.a.m.s.f.DefaultMavenResourcesFiltering - Using platform encoding (Cp1252 actually) to copy filtered resources, i.e. build is platform dependent!
2024-02-27 22:22:50,368 [Worker-5: Building] INFO  o.a.m.s.f.DefaultMavenResourcesFiltering - skip non existing resourceDirectory C:\Users\User\eclipse-workspace\PharmEasy\GateKeeper\src\main\resources
2024-02-27 22:22:50,381 [Worker-5: Building] WARN  o.a.m.s.f.DefaultMavenResourcesFiltering - Using platform encoding (Cp1252 actually) to copy filtered resources, i.e. build is platform dependent!
2024-02-27 22:22:50,383 [Worker-5: Building] INFO  o.a.m.s.f.DefaultMavenResourcesFiltering - skip non existing resourceDirectory C:\Users\User\eclipse-workspace\PharmEasy\GateKeeper\src\test\resources
2024-02-27 22:25:57,447 [Worker-8: Building] WARN  o.a.m.s.f.DefaultMavenResourcesFiltering - Using platform encoding (Cp1252 actually) to copy filtered resources, i.e. build is platform dependent!
2024-02-27 22:25:57,450 [Worker-8: Building] INFO  o.a.m.s.f.DefaultMavenResourcesFiltering - skip non existing resourceDirectory C:\Users\User\eclipse-workspace\PharmEasy\GateKeeper\src\main\resources
2024-02-27 22:25:57,455 [Worker-8: Building] WARN  o.a.m.s.f.DefaultMavenResourcesFiltering - Using platform encoding (Cp1252 actually) to copy filtered resources, i.e. build is platform dependent!
2024-02-27 22:25:57,457 [Worker-8: Building] INFO  o.a.m.s.f.DefaultMavenResourcesFiltering - skip non existing resourceDirectory C:\Users\User\eclipse-workspace\PharmEasy\GateKeeper\src\test\resources
2024-02-27 22:27:56,659 [Worker-1: Building] WARN  o.a.m.s.f.DefaultMavenResourcesFiltering - Using platform encoding (Cp1252 actually) to copy filtered resources, i.e. build is platform dependent!
2024-02-27 22:27:56,662 [Worker-1: Building] INFO  o.a.m.s.f.DefaultMavenResourcesFiltering - skip non existing resourceDirectory C:\Users\User\eclipse-workspace\PharmEasy\GateKeeper\src\main\resources
2024-02-27 22:27:56,668 [Worker-1: Building] WARN  o.a.m.s.f.DefaultMavenResourcesFiltering - Using platform encoding (Cp1252 actually) to copy filtered resources, i.e. build is platform dependent!
2024-02-27 22:27:56,670 [Worker-1: Building] INFO  o.a.m.s.f.DefaultMavenResourcesFiltering - skip non existing resourceDirectory C:\Users\User\eclipse-workspace\PharmEasy\GateKeeper\src\test\resources
2024-02-27 22:28:23,179 [Worker-5: Building] WARN  o.a.m.s.f.DefaultMavenResourcesFiltering - Using platform encoding (Cp1252 actually) to copy filtered resources, i.e. build is platform dependent!
2024-02-27 22:28:23,181 [Worker-5: Building] INFO  o.a.m.s.f.DefaultMavenResourcesFiltering - skip non existing resourceDirectory C:\Users\User\eclipse-workspace\PharmEasy\GateKeeper\src\main\resources
2024-02-27 22:28:23,186 [Worker-5: Building] WARN  o.a.m.s.f.DefaultMavenResourcesFiltering - Using platform encoding (Cp1252 actually) to copy filtered resources, i.e. build is platform dependent!
2024-02-27 22:28:23,187 [Worker-5: Building] INFO  o.a.m.s.f.DefaultMavenResourcesFiltering - skip non existing resourceDirectory C:\Users\User\eclipse-workspace\PharmEasy\GateKeeper\src\test\resources
2024-02-27 22:32:09,273 [Worker-15: Building] WARN  o.a.m.s.f.DefaultMavenResourcesFiltering - Using platform encoding (Cp1252 actually) to copy filtered resources, i.e. build is platform dependent!
2024-02-27 22:32:09,275 [Worker-15: Building] INFO  o.a.m.s.f.DefaultMavenResourcesFiltering - skip non existing resourceDirectory C:\Users\User\eclipse-workspace\PharmEasy\GateKeeper\src\main\resources
2024-02-27 22:32:09,281 [Worker-15: Building] WARN  o.a.m.s.f.DefaultMavenResourcesFiltering - Using platform encoding (Cp1252 actually) to copy filtered resources, i.e. build is platform dependent!
2024-02-27 22:32:09,283 [Worker-15: Building] INFO  o.a.m.s.f.DefaultMavenResourcesFiltering - skip non existing resourceDirectory C:\Users\User\eclipse-workspace\PharmEasy\GateKeeper\src\test\resources
2024-02-28 15:07:01,048 [Worker-5: Loading available Gradle versions] INFO  o.e.b.c.i.u.g.PublishedGradleVersions - Gradle version information cache is up-to-date. Trying to read.
2024-02-29 09:35:17,699 [Worker-2: Loading available Gradle versions] INFO  o.e.b.c.i.u.g.PublishedGradleVersions - Gradle version information cache is out-of-date. Trying to update.
2024-02-29 09:36:31,402 [Worker-20: Building] INFO  o.e.m.c.i.e.AbstractTransferListenerAdapter - Downloading https://s01.oss.sonatype.org/content/repositories/snapshots/com/testyantra/optimize/tyss-data-models/1.0-SNAPSHOT/maven-metadata.xml
2024-02-29 09:36:31,933 [Worker-20: Building] INFO  o.e.m.c.i.e.AbstractTransferListenerAdapter - Downloaded https://s01.oss.sonatype.org/content/repositories/snapshots/com/testyantra/optimize/tyss-data-models/1.0-SNAPSHOT/maven-metadata.xml
2024-02-29 09:36:33,690 [Worker-20: Building] INFO  o.e.m.c.i.e.AbstractTransferListenerAdapter - Downloading https://s01.oss.sonatype.org/content/repositories/snapshots/com/testyantra/optimize/tyss-common/1.0-SNAPSHOT/maven-metadata.xml
2024-02-29 09:36:33,969 [Worker-20: Building] INFO  o.e.m.c.i.e.AbstractTransferListenerAdapter - Downloaded https://s01.oss.sonatype.org/content/repositories/snapshots/com/testyantra/optimize/tyss-common/1.0-SNAPSHOT/maven-metadata.xml
2024-02-29 09:36:34,243 [Worker-20: Building] INFO  o.e.m.c.i.e.AbstractTransferListenerAdapter - Downloading https://s01.oss.sonatype.org/content/repositories/snapshots/com/testyantra/optimize/OPTIMIZE/1.0-SNAPSHOT/maven-metadata.xml
2024-02-29 09:36:34,516 [Worker-20: Building] INFO  o.e.m.c.i.e.AbstractTransferListenerAdapter - Downloaded https://s01.oss.sonatype.org/content/repositories/snapshots/com/testyantra/optimize/OPTIMIZE/1.0-SNAPSHOT/maven-metadata.xml
2024-02-29 09:36:39,464 [Worker-20: Building] INFO  o.e.m.c.i.e.AbstractTransferListenerAdapter - Downloading https://s01.oss.sonatype.org/content/repositories/snapshots/com/testyantra/optimize/tyss-config/1.0-SNAPSHOT/maven-metadata.xml
2024-02-29 09:36:39,746 [Worker-20: Building] INFO  o.e.m.c.i.e.AbstractTransferListenerAdapter - Downloaded https://s01.oss.sonatype.org/content/repositories/snapshots/com/testyantra/optimize/tyss-config/1.0-SNAPSHOT/maven-metadata.xml
2024-02-29 09:36:42,106 [DefaultMetadataResolver-0-1] INFO  o.e.m.c.i.e.AbstractTransferListenerAdapter - Downloading https://repo.maven.apache.org/maven2/net/minidev/json-smart/maven-metadata.xml
2024-02-29 09:36:42,153 [DefaultMetadataResolver-0-1] INFO  o.e.m.c.i.e.AbstractTransferListenerAdapter - Downloaded https://repo.maven.apache.org/maven2/net/minidev/json-smart/maven-metadata.xml
2024-02-29 09:36:42,198 [DefaultMetadataResolver-0-0] INFO  o.e.m.c.i.e.AbstractTransferListenerAdapter - Downloaded https://s01.oss.sonatype.org/content/repositories/snapshots/net/minidev/json-smart/maven-metadata.xml
2024-02-29 09:36:43,280 [DefaultMetadataResolver-0-2] INFO  o.e.m.c.i.e.AbstractTransferListenerAdapter - Downloaded https://build.shibboleth.net/nexus/content/repositories/releases/net/minidev/json-smart/maven-metadata.xml
2024-02-29 09:36:47,893 [Worker-20: Building] WARN  o.a.m.s.f.DefaultMavenResourcesFiltering - Using platform encoding (Cp1252 actually) to copy filtered resources, i.e. build is platform dependent!
2024-02-29 09:36:47,894 [Worker-20: Building] INFO  o.a.m.s.f.DefaultMavenResourcesFiltering - skip non existing resourceDirectory C:\Users\User\eclipse-workspace\PharmEasy\GateKeeper\src\main\resources
2024-02-29 09:36:47,899 [Worker-20: Building] WARN  o.a.m.s.f.DefaultMavenResourcesFiltering - Using platform encoding (Cp1252 actually) to copy filtered resources, i.e. build is platform dependent!
2024-02-29 09:36:47,899 [Worker-20: Building] INFO  o.a.m.s.f.DefaultMavenResourcesFiltering - skip non existing resourceDirectory C:\Users\User\eclipse-workspace\PharmEasy\GateKeeper\src\test\resources
2024-02-29 09:37:03,012 [Worker-6: Building] WARN  o.a.m.s.f.DefaultMavenResourcesFiltering - Using platform encoding (Cp1252 actually) to copy filtered resources, i.e. build is platform dependent!
2024-02-29 09:37:03,014 [Worker-6: Building] INFO  o.a.m.s.f.DefaultMavenResourcesFiltering - skip non existing resourceDirectory C:\Users\User\eclipse-workspace\PharmEasy\GateKeeper\src\main\resources
2024-02-29 09:37:03,018 [Worker-6: Building] WARN  o.a.m.s.f.DefaultMavenResourcesFiltering - Using platform encoding (Cp1252 actually) to copy filtered resources, i.e. build is platform dependent!
2024-02-29 09:37:03,020 [Worker-6: Building] INFO  o.a.m.s.f.DefaultMavenResourcesFiltering - skip non existing resourceDirectory C:\Users\User\eclipse-workspace\PharmEasy\GateKeeper\src\test\resources
2024-02-29 09:37:04,300 [Worker-2: Building] WARN  o.a.m.s.f.DefaultMavenResourcesFiltering - Using platform encoding (Cp1252 actually) to copy filtered resources, i.e. build is platform dependent!
2024-02-29 09:37:04,301 [Worker-2: Building] INFO  o.a.m.s.f.DefaultMavenResourcesFiltering - skip non existing resourceDirectory C:\Users\User\eclipse-workspace\PharmEasy\GateKeeper\src\main\resources
2024-02-29 09:37:04,305 [Worker-2: Building] WARN  o.a.m.s.f.DefaultMavenResourcesFiltering - Using platform encoding (Cp1252 actually) to copy filtered resources, i.e. build is platform dependent!
2024-02-29 09:37:04,306 [Worker-2: Building] INFO  o.a.m.s.f.DefaultMavenResourcesFiltering - skip non existing resourceDirectory C:\Users\User\eclipse-workspace\PharmEasy\GateKeeper\src\test\resources
2024-02-29 09:37:06,245 [Worker-11: Building] WARN  o.a.m.s.f.DefaultMavenResourcesFiltering - Using platform encoding (Cp1252 actually) to copy filtered resources, i.e. build is platform dependent!
2024-02-29 09:37:06,247 [Worker-11: Building] INFO  o.a.m.s.f.DefaultMavenResourcesFiltering - skip non existing resourceDirectory C:\Users\User\eclipse-workspace\PharmEasy\GateKeeper\src\main\resources
2024-02-29 09:37:06,250 [Worker-11: Building] WARN  o.a.m.s.f.DefaultMavenResourcesFiltering - Using platform encoding (Cp1252 actually) to copy filtered resources, i.e. build is platform dependent!
2024-02-29 09:37:06,251 [Worker-11: Building] INFO  o.a.m.s.f.DefaultMavenResourcesFiltering - skip non existing resourceDirectory C:\Users\User\eclipse-workspace\PharmEasy\GateKeeper\src\test\resources
2024-03-01 10:10:04,650 [Worker-2: Loading available Gradle versions] INFO  o.e.b.c.i.u.g.PublishedGradleVersions - Gradle version information cache is out-of-date. Trying to update.
2024-03-01 10:10:28,622 [Worker-17: Building] INFO  o.e.m.c.i.e.AbstractTransferListenerAdapter - Downloading https://s01.oss.sonatype.org/content/repositories/snapshots/com/testyantra/optimize/tyss-data-models/1.0-SNAPSHOT/maven-metadata.xml
2024-03-01 10:10:29,110 [Worker-17: Building] INFO  o.e.m.c.i.e.AbstractTransferListenerAdapter - Downloaded https://s01.oss.sonatype.org/content/repositories/snapshots/com/testyantra/optimize/tyss-data-models/1.0-SNAPSHOT/maven-metadata.xml
2024-03-01 10:10:30,959 [Worker-17: Building] INFO  o.e.m.c.i.e.AbstractTransferListenerAdapter - Downloading https://s01.oss.sonatype.org/content/repositories/snapshots/com/testyantra/optimize/tyss-common/1.0-SNAPSHOT/maven-metadata.xml
2024-03-01 10:10:31,210 [Worker-17: Building] INFO  o.e.m.c.i.e.AbstractTransferListenerAdapter - Downloaded https://s01.oss.sonatype.org/content/repositories/snapshots/com/testyantra/optimize/tyss-common/1.0-SNAPSHOT/maven-metadata.xml
2024-03-01 10:10:31,468 [Worker-17: Building] INFO  o.e.m.c.i.e.AbstractTransferListenerAdapter - Downloading https://s01.oss.sonatype.org/content/repositories/snapshots/com/testyantra/optimize/OPTIMIZE/1.0-SNAPSHOT/maven-metadata.xml
2024-03-01 10:10:31,707 [Worker-17: Building] INFO  o.e.m.c.i.e.AbstractTransferListenerAdapter - Downloaded https://s01.oss.sonatype.org/content/repositories/snapshots/com/testyantra/optimize/OPTIMIZE/1.0-SNAPSHOT/maven-metadata.xml
2024-03-01 10:10:36,603 [Worker-17: Building] INFO  o.e.m.c.i.e.AbstractTransferListenerAdapter - Downloading https://s01.oss.sonatype.org/content/repositories/snapshots/com/testyantra/optimize/tyss-config/1.0-SNAPSHOT/maven-metadata.xml
2024-03-01 10:10:36,857 [Worker-17: Building] INFO  o.e.m.c.i.e.AbstractTransferListenerAdapter - Downloaded https://s01.oss.sonatype.org/content/repositories/snapshots/com/testyantra/optimize/tyss-config/1.0-SNAPSHOT/maven-metadata.xml
2024-03-01 10:10:39,057 [DefaultMetadataResolver-0-1] INFO  o.e.m.c.i.e.AbstractTransferListenerAdapter - Downloading https://repo.maven.apache.org/maven2/net/minidev/json-smart/maven-metadata.xml
2024-03-01 10:10:39,109 [DefaultMetadataResolver-0-1] INFO  o.e.m.c.i.e.AbstractTransferListenerAdapter - Downloaded https://repo.maven.apache.org/maven2/net/minidev/json-smart/maven-metadata.xml
2024-03-01 10:10:39,124 [DefaultMetadataResolver-0-0] INFO  o.e.m.c.i.e.AbstractTransferListenerAdapter - Downloaded https://s01.oss.sonatype.org/content/repositories/snapshots/net/minidev/json-smart/maven-metadata.xml
2024-03-01 10:10:40,135 [DefaultMetadataResolver-0-2] INFO  o.e.m.c.i.e.AbstractTransferListenerAdapter - Downloaded https://build.shibboleth.net/nexus/content/repositories/releases/net/minidev/json-smart/maven-metadata.xml
2024-03-01 10:10:44,325 [Worker-17: Building] WARN  o.a.m.s.f.DefaultMavenResourcesFiltering - Using platform encoding (Cp1252 actually) to copy filtered resources, i.e. build is platform dependent!
2024-03-01 10:10:44,326 [Worker-17: Building] INFO  o.a.m.s.f.DefaultMavenResourcesFiltering - skip non existing resourceDirectory C:\Users\User\eclipse-workspace\PharmEasy\GateKeeper\src\main\resources
2024-03-01 10:10:44,331 [Worker-17: Building] WARN  o.a.m.s.f.DefaultMavenResourcesFiltering - Using platform encoding (Cp1252 actually) to copy filtered resources, i.e. build is platform dependent!
2024-03-01 10:10:44,332 [Worker-17: Building] INFO  o.a.m.s.f.DefaultMavenResourcesFiltering - skip non existing resourceDirectory C:\Users\User\eclipse-workspace\PharmEasy\GateKeeper\src\test\resources
2024-03-01 10:10:52,407 [Worker-9: Building] WARN  o.a.m.s.f.DefaultMavenResourcesFiltering - Using platform encoding (Cp1252 actually) to copy filtered resources, i.e. build is platform dependent!
2024-03-01 10:10:52,408 [Worker-9: Building] INFO  o.a.m.s.f.DefaultMavenResourcesFiltering - skip non existing resourceDirectory C:\Users\User\eclipse-workspace\PharmEasy\GateKeeper\src\main\resources
2024-03-01 10:10:52,411 [Worker-9: Building] WARN  o.a.m.s.f.DefaultMavenResourcesFiltering - Using platform encoding (Cp1252 actually) to copy filtered resources, i.e. build is platform dependent!
2024-03-01 10:10:52,412 [Worker-9: Building] INFO  o.a.m.s.f.DefaultMavenResourcesFiltering - skip non existing resourceDirectory C:\Users\User\eclipse-workspace\PharmEasy\GateKeeper\src\test\resources
2024-03-01 10:24:10,568 [Worker-11: Building] WARN  o.a.m.s.f.DefaultMavenResourcesFiltering - Using platform encoding (Cp1252 actually) to copy filtered resources, i.e. build is platform dependent!
2024-03-01 10:24:10,569 [Worker-11: Building] INFO  o.a.m.s.f.DefaultMavenResourcesFiltering - skip non existing resourceDirectory C:\Users\User\eclipse-workspace\PharmEasy\GateKeeper\src\main\resources
2024-03-01 10:24:10,571 [Worker-11: Building] WARN  o.a.m.s.f.DefaultMavenResourcesFiltering - Using platform encoding (Cp1252 actually) to copy filtered resources, i.e. build is platform dependent!
2024-03-01 10:24:10,572 [Worker-11: Building] INFO  o.a.m.s.f.DefaultMavenResourcesFiltering - skip non existing resourceDirectory C:\Users\User\eclipse-workspace\PharmEasy\GateKeeper\src\test\resources
2024-03-01 10:32:06,934 [Worker-25: Building] WARN  o.a.m.s.f.DefaultMavenResourcesFiltering - Using platform encoding (Cp1252 actually) to copy filtered resources, i.e. build is platform dependent!
2024-03-01 10:32:06,965 [Worker-25: Building] INFO  o.a.m.s.f.DefaultMavenResourcesFiltering - skip non existing resourceDirectory C:\Users\User\eclipse-workspace\PharmEasy\GateKeeper\src\main\resources
2024-03-01 10:32:06,968 [Worker-25: Building] WARN  o.a.m.s.f.DefaultMavenResourcesFiltering - Using platform encoding (Cp1252 actually) to copy filtered resources, i.e. build is platform dependent!
2024-03-01 10:32:06,969 [Worker-25: Building] INFO  o.a.m.s.f.DefaultMavenResourcesFiltering - skip non existing resourceDirectory C:\Users\User\eclipse-workspace\PharmEasy\GateKeeper\src\test\resources
2024-03-01 10:32:13,867 [Worker-19: Building] WARN  o.a.m.s.f.DefaultMavenResourcesFiltering - Using platform encoding (Cp1252 actually) to copy filtered resources, i.e. build is platform dependent!
2024-03-01 10:32:13,869 [Worker-19: Building] INFO  o.a.m.s.f.DefaultMavenResourcesFiltering - skip non existing resourceDirectory C:\Users\User\eclipse-workspace\PharmEasy\GateKeeper\src\main\resources
2024-03-01 10:32:13,873 [Worker-19: Building] WARN  o.a.m.s.f.DefaultMavenResourcesFiltering - Using platform encoding (Cp1252 actually) to copy filtered resources, i.e. build is platform dependent!
2024-03-01 10:32:13,874 [Worker-19: Building] INFO  o.a.m.s.f.DefaultMavenResourcesFiltering - skip non existing resourceDirectory C:\Users\User\eclipse-workspace\PharmEasy\GateKeeper\src\test\resources
2024-03-01 10:33:43,732 [Worker-24: Building] WARN  o.a.m.s.f.DefaultMavenResourcesFiltering - Using platform encoding (Cp1252 actually) to copy filtered resources, i.e. build is platform dependent!
2024-03-01 10:33:43,733 [Worker-24: Building] INFO  o.a.m.s.f.DefaultMavenResourcesFiltering - skip non existing resourceDirectory C:\Users\User\eclipse-workspace\PharmEasy\GateKeeper\src\main\resources
2024-03-01 10:33:43,736 [Worker-24: Building] WARN  o.a.m.s.f.DefaultMavenResourcesFiltering - Using platform encoding (Cp1252 actually) to copy filtered resources, i.e. build is platform dependent!
2024-03-01 10:33:43,737 [Worker-24: Building] INFO  o.a.m.s.f.DefaultMavenResourcesFiltering - skip non existing resourceDirectory C:\Users\User\eclipse-workspace\PharmEasy\GateKeeper\src\test\resources
2024-03-01 10:34:10,891 [Worker-24: Building] WARN  o.a.m.s.f.DefaultMavenResourcesFiltering - Using platform encoding (Cp1252 actually) to copy filtered resources, i.e. build is platform dependent!
2024-03-01 10:34:10,892 [Worker-24: Building] INFO  o.a.m.s.f.DefaultMavenResourcesFiltering - skip non existing resourceDirectory C:\Users\User\eclipse-workspace\PharmEasy\GateKeeper\src\main\resources
2024-03-01 10:34:10,895 [Worker-24: Building] WARN  o.a.m.s.f.DefaultMavenResourcesFiltering - Using platform encoding (Cp1252 actually) to copy filtered resources, i.e. build is platform dependent!
2024-03-01 10:34:10,896 [Worker-24: Building] INFO  o.a.m.s.f.DefaultMavenResourcesFiltering - skip non existing resourceDirectory C:\Users\User\eclipse-workspace\PharmEasy\GateKeeper\src\test\resources
2024-03-01 10:41:29,269 [main] INFO  o.e.m.c.i.l.LifecycleMappingFactory - Using org.eclipse.m2e.jdt.JarLifecycleMapping lifecycle mapping for MavenProject: com.testyantra.optimize:tyss-program-elements:1.0 @ C:\Users\User\eclipse-workspace\PharmEasy\IndiaBonds\pom.xml.
2024-03-01 10:41:31,657 [main] INFO  o.e.m.j.i.AbstractJavaProjectConfigurator - Adding source folder /IndiaBonds/src/main/java
2024-03-01 10:41:31,657 [main] INFO  o.e.m.j.i.AbstractJavaProjectConfigurator - Adding resource folder /IndiaBonds/src/main/resources
2024-03-01 10:41:31,658 [main] INFO  o.e.m.j.i.AbstractJavaProjectConfigurator - Adding source folder /IndiaBonds/src/test/java
2024-03-01 10:41:31,658 [main] INFO  o.e.m.j.i.AbstractJavaProjectConfigurator - Adding resource folder /IndiaBonds/src/test/resources
2024-03-01 10:41:32,069 [Worker-26: Building] WARN  o.a.m.s.f.DefaultMavenResourcesFiltering - Using platform encoding (Cp1252 actually) to copy filtered resources, i.e. build is platform dependent!
2024-03-01 10:41:32,069 [Worker-26: Building] INFO  o.a.m.s.f.DefaultMavenResourcesFiltering - skip non existing resourceDirectory C:\Users\User\eclipse-workspace\PharmEasy\IndiaBonds\src\main\resources
2024-03-01 10:41:32,073 [Worker-26: Building] WARN  o.a.m.s.f.DefaultMavenResourcesFiltering - Using platform encoding (Cp1252 actually) to copy filtered resources, i.e. build is platform dependent!
2024-03-01 10:41:32,074 [Worker-26: Building] INFO  o.a.m.s.f.DefaultMavenResourcesFiltering - skip non existing resourceDirectory C:\Users\User\eclipse-workspace\PharmEasy\IndiaBonds\src\test\resources
2024-03-01 10:41:33,280 [Worker-25: Building] WARN  o.a.m.s.f.DefaultMavenResourcesFiltering - Using platform encoding (Cp1252 actually) to copy filtered resources, i.e. build is platform dependent!
2024-03-01 10:41:33,281 [Worker-25: Building] INFO  o.a.m.s.f.DefaultMavenResourcesFiltering - skip non existing resourceDirectory C:\Users\User\eclipse-workspace\PharmEasy\IndiaBonds\src\main\resources
2024-03-01 10:41:33,283 [Worker-25: Building] WARN  o.a.m.s.f.DefaultMavenResourcesFiltering - Using platform encoding (Cp1252 actually) to copy filtered resources, i.e. build is platform dependent!
2024-03-01 10:41:33,284 [Worker-25: Building] INFO  o.a.m.s.f.DefaultMavenResourcesFiltering - skip non existing resourceDirectory C:\Users\User\eclipse-workspace\PharmEasy\IndiaBonds\src\test\resources
2024-03-01 10:42:06,292 [Worker-26: Building] WARN  o.a.m.s.f.DefaultMavenResourcesFiltering - Using platform encoding (Cp1252 actually) to copy filtered resources, i.e. build is platform dependent!
2024-03-01 10:42:06,293 [Worker-26: Building] INFO  o.a.m.s.f.DefaultMavenResourcesFiltering - skip non existing resourceDirectory C:\Users\User\eclipse-workspace\PharmEasy\IndiaBonds\src\main\resources
2024-03-01 10:42:06,297 [Worker-26: Building] WARN  o.a.m.s.f.DefaultMavenResourcesFiltering - Using platform encoding (Cp1252 actually) to copy filtered resources, i.e. build is platform dependent!
2024-03-01 10:42:06,298 [Worker-26: Building] INFO  o.a.m.s.f.DefaultMavenResourcesFiltering - skip non existing resourceDirectory C:\Users\User\eclipse-workspace\PharmEasy\IndiaBonds\src\test\resources
2024-03-01 10:42:27,156 [Worker-26: Building] WARN  o.a.m.s.f.DefaultMavenResourcesFiltering - Using platform encoding (Cp1252 actually) to copy filtered resources, i.e. build is platform dependent!
2024-03-01 10:42:27,157 [Worker-26: Building] INFO  o.a.m.s.f.DefaultMavenResourcesFiltering - skip non existing resourceDirectory C:\Users\User\eclipse-workspace\PharmEasy\IndiaBonds\src\main\resources
2024-03-01 10:42:27,159 [Worker-26: Building] WARN  o.a.m.s.f.DefaultMavenResourcesFiltering - Using platform encoding (Cp1252 actually) to copy filtered resources, i.e. build is platform dependent!
2024-03-01 10:42:27,160 [Worker-26: Building] INFO  o.a.m.s.f.DefaultMavenResourcesFiltering - skip non existing resourceDirectory C:\Users\User\eclipse-workspace\PharmEasy\IndiaBonds\src\test\resources
2024-03-01 10:42:44,252 [Worker-26: Building] WARN  o.a.m.s.f.DefaultMavenResourcesFiltering - Using platform encoding (Cp1252 actually) to copy filtered resources, i.e. build is platform dependent!
2024-03-01 10:42:44,252 [Worker-26: Building] INFO  o.a.m.s.f.DefaultMavenResourcesFiltering - skip non existing resourceDirectory C:\Users\User\eclipse-workspace\PharmEasy\IndiaBonds\src\main\resources
2024-03-01 10:42:44,255 [Worker-26: Building] WARN  o.a.m.s.f.DefaultMavenResourcesFiltering - Using platform encoding (Cp1252 actually) to copy filtered resources, i.e. build is platform dependent!
2024-03-01 10:42:44,255 [Worker-26: Building] INFO  o.a.m.s.f.DefaultMavenResourcesFiltering - skip non existing resourceDirectory C:\Users\User\eclipse-workspace\PharmEasy\IndiaBonds\src\test\resources
2024-03-01 10:43:00,731 [Worker-25: Building] INFO  o.e.m.c.i.l.LifecycleMappingFactory - Using org.eclipse.m2e.jdt.JarLifecycleMapping lifecycle mapping for MavenProject: com.testyantra.optimize:tyss-program-elements:1.0 @ C:\Users\User\eclipse-workspace\PharmEasy\IndiaBonds\pom.xml.
2024-03-01 10:43:02,689 [Worker-25: Building] WARN  o.a.m.s.f.DefaultMavenResourcesFiltering - Using platform encoding (Cp1252 actually) to copy filtered resources, i.e. build is platform dependent!
2024-03-01 10:43:02,690 [Worker-25: Building] INFO  o.a.m.s.f.DefaultMavenResourcesFiltering - skip non existing resourceDirectory C:\Users\User\eclipse-workspace\PharmEasy\IndiaBonds\src\main\resources
2024-03-01 10:43:02,693 [Worker-25: Building] WARN  o.a.m.s.f.DefaultMavenResourcesFiltering - Using platform encoding (Cp1252 actually) to copy filtered resources, i.e. build is platform dependent!
2024-03-01 10:43:02,694 [Worker-25: Building] INFO  o.a.m.s.f.DefaultMavenResourcesFiltering - skip non existing resourceDirectory C:\Users\User\eclipse-workspace\PharmEasy\IndiaBonds\src\test\resources
2024-03-01 10:43:03,613 [Worker-26: Updating Maven Dependencies] INFO  o.e.m.c.i.l.LifecycleMappingFactory - Using org.eclipse.m2e.jdt.JarLifecycleMapping lifecycle mapping for MavenProject: com.testyantra.optimize:tyss-program-elements:1.0 @ C:\Users\User\eclipse-workspace\PharmEasy\IndiaBonds\pom.xml.
2024-03-01 10:43:04,780 [ModalContext] INFO  o.a.m.c.event.ExecutionEventLogger - Scanning for projects...
2024-03-01 10:43:04,804 [ModalContext] INFO  o.a.m.c.event.ExecutionEventLogger - 
2024-03-01 10:43:04,810 [ModalContext] INFO  o.a.m.c.event.ExecutionEventLogger - [1m-----------< [0;36mcom.testyantra.optimize:tyss-program-elements[0;1m >------------[m
2024-03-01 10:43:04,810 [ModalContext] INFO  o.a.m.c.event.ExecutionEventLogger - [1mBuilding tyss-program-elements 1.0[m
2024-03-01 10:43:04,810 [ModalContext] INFO  o.a.m.c.event.ExecutionEventLogger -   from pom.xml
2024-03-01 10:43:04,810 [ModalContext] INFO  o.a.m.c.event.ExecutionEventLogger - [1m--------------------------------[ jar ]---------------------------------[m
2024-03-01 10:43:05,147 [Worker-30: Building] WARN  o.a.m.s.f.DefaultMavenResourcesFiltering - Using platform encoding (Cp1252 actually) to copy filtered resources, i.e. build is platform dependent!
2024-03-01 10:43:05,148 [Worker-30: Building] INFO  o.a.m.s.f.DefaultMavenResourcesFiltering - skip non existing resourceDirectory C:\Users\User\eclipse-workspace\PharmEasy\IndiaBonds\src\main\resources
2024-03-01 10:43:05,150 [Worker-30: Building] WARN  o.a.m.s.f.DefaultMavenResourcesFiltering - Using platform encoding (Cp1252 actually) to copy filtered resources, i.e. build is platform dependent!
2024-03-01 10:43:05,151 [Worker-30: Building] INFO  o.a.m.s.f.DefaultMavenResourcesFiltering - skip non existing resourceDirectory C:\Users\User\eclipse-workspace\PharmEasy\IndiaBonds\src\test\resources
2024-03-01 10:43:06,534 [ModalContext] INFO  o.a.m.c.event.ExecutionEventLogger - 
2024-03-01 10:43:06,535 [ModalContext] INFO  o.a.m.c.event.ExecutionEventLogger - [1m--- [0;32mclean:3.2.0:clean[m [1m(default-clean)[m @ [36mtyss-program-elements[0;1m ---[m
2024-03-01 10:43:06,549 [ModalContext] INFO  o.a.maven.plugins.clean.CleanMojo - Deleting C:\Users\User\eclipse-workspace\PharmEasy\IndiaBonds\target
2024-03-01 10:43:06,560 [ModalContext] INFO  o.a.m.c.event.ExecutionEventLogger - 
2024-03-01 10:43:06,560 [ModalContext] INFO  o.a.m.c.event.ExecutionEventLogger - [1m--- [0;32mresources:3.3.1:resources[m [1m(default-resources)[m @ [36mtyss-program-elements[0;1m ---[m
2024-03-01 10:43:06,608 [ModalContext] WARN  o.a.m.s.f.DefaultMavenResourcesFiltering - Using platform encoding (Cp1252 actually) to copy filtered resources, i.e. build is platform dependent!
2024-03-01 10:43:06,609 [ModalContext] INFO  o.a.m.s.f.DefaultMavenResourcesFiltering - skip non existing resourceDirectory C:\Users\User\eclipse-workspace\PharmEasy\IndiaBonds\src\main\resources
2024-03-01 10:43:06,610 [ModalContext] INFO  o.a.m.c.event.ExecutionEventLogger - 
2024-03-01 10:43:06,610 [ModalContext] INFO  o.a.m.c.event.ExecutionEventLogger - [1m--- [0;32mcompiler:3.11.0:compile[m [1m(default-compile)[m @ [36mtyss-program-elements[0;1m ---[m
2024-03-01 10:43:06,729 [ModalContext] INFO  o.a.m.plugin.compiler.CompilerMojo - Changes detected - recompiling the module! :source
2024-03-01 10:43:06,731 [ModalContext] WARN  o.a.m.plugin.compiler.CompilerMojo - File encoding has not been set, using platform encoding Cp1252, i.e. build is platform dependent!
2024-03-01 10:43:06,734 [ModalContext] INFO  o.c.p.compiler.javac.JavacCompiler - Compiling 2 source files with javac [debug target 11] to target\classes
2024-03-01 10:43:09,099 [ModalContext] WARN  o.a.m.plugin.compiler.CompilerMojo - system modules path not set in conjunction with -source 11
2024-03-01 10:43:09,101 [ModalContext] INFO  o.a.m.c.event.ExecutionEventLogger - 
2024-03-01 10:43:09,101 [ModalContext] INFO  o.a.m.c.event.ExecutionEventLogger - [1m--- [0;32mresources:3.3.1:testResources[m [1m(default-testResources)[m @ [36mtyss-program-elements[0;1m ---[m
2024-03-01 10:43:09,104 [ModalContext] WARN  o.a.m.s.f.DefaultMavenResourcesFiltering - Using platform encoding (Cp1252 actually) to copy filtered resources, i.e. build is platform dependent!
2024-03-01 10:43:09,105 [ModalContext] INFO  o.a.m.s.f.DefaultMavenResourcesFiltering - skip non existing resourceDirectory C:\Users\User\eclipse-workspace\PharmEasy\IndiaBonds\src\test\resources
2024-03-01 10:43:09,105 [ModalContext] INFO  o.a.m.c.event.ExecutionEventLogger - 
2024-03-01 10:43:09,105 [ModalContext] INFO  o.a.m.c.event.ExecutionEventLogger - [1m--- [0;32mcompiler:3.11.0:testCompile[m [1m(default-testCompile)[m @ [36mtyss-program-elements[0;1m ---[m
2024-03-01 10:43:09,107 [ModalContext] INFO  o.a.m.p.compiler.TestCompilerMojo - No sources to compile
2024-03-01 10:43:09,108 [ModalContext] INFO  o.a.m.c.event.ExecutionEventLogger - 
2024-03-01 10:43:09,108 [ModalContext] INFO  o.a.m.c.event.ExecutionEventLogger - [1m--- [0;32msurefire:3.1.2:test[m [1m(default-test)[m @ [36mtyss-program-elements[0;1m ---[m
2024-03-01 10:43:09,249 [ModalContext] INFO  o.a.m.p.surefire.SurefirePlugin - No tests to run.
2024-03-01 10:43:09,256 [ModalContext] INFO  o.a.m.c.event.ExecutionEventLogger - 
2024-03-01 10:43:09,256 [ModalContext] INFO  o.a.m.c.event.ExecutionEventLogger - [1m--- [0;32mdependency:2.5.1:unpack-dependencies[m [1m(copy-dependencies)[m @ [36mtyss-program-elements[0;1m ---[m
2024-03-01 10:43:09,732 [ModalContext] INFO  o.a.m.p.d.UnpackDependenciesMojo - Unpacking C:\Users\User\.m2\repository\com\testyantra\optimize\tyss-data-models\1.0-SNAPSHOT\tyss-data-models-1.0-SNAPSHOT.jar to C:\Users\User\eclipse-workspace\PharmEasy\IndiaBonds\target\classes with includes "**/*.class" and excludes "**/*.properties"
2024-03-01 10:43:10,482 [ModalContext] INFO  o.a.m.c.event.ExecutionEventLogger - 
2024-03-01 10:43:10,482 [ModalContext] INFO  o.a.m.c.event.ExecutionEventLogger - [1m--- [0;32mjar:3.3.0:jar[m [1m(default-jar)[m @ [36mtyss-program-elements[0;1m ---[m
2024-03-01 10:43:10,973 [ModalContext] INFO  o.c.plexus.archiver.jar.JarArchiver - Building jar: C:\Users\User\eclipse-workspace\PharmEasy\IndiaBonds\target\tyss-program-elements-1.0.jar
2024-03-01 10:43:11,055 [ModalContext] INFO  o.a.m.c.event.ExecutionEventLogger - 
2024-03-01 10:43:11,055 [ModalContext] INFO  o.a.m.c.event.ExecutionEventLogger - [1m--- [0;32minstall:3.1.1:install[m [1m(default-install)[m @ [36mtyss-program-elements[0;1m ---[m
2024-03-01 10:43:11,085 [ModalContext] INFO  o.codehaus.plexus.PlexusContainer - Installing C:\Users\User\eclipse-workspace\PharmEasy\IndiaBonds\pom.xml to C:\Users\User\.m2\repository\com\testyantra\optimize\tyss-program-elements\1.0\tyss-program-elements-1.0.pom
2024-03-01 10:43:11,090 [ModalContext] INFO  o.codehaus.plexus.PlexusContainer - Installing C:\Users\User\eclipse-workspace\PharmEasy\IndiaBonds\target\tyss-program-elements-1.0.jar to C:\Users\User\.m2\repository\com\testyantra\optimize\tyss-program-elements\1.0\tyss-program-elements-1.0.jar
2024-03-01 10:43:11,114 [ModalContext] INFO  o.a.m.c.event.ExecutionEventLogger - [1m------------------------------------------------------------------------[m
2024-03-01 10:43:11,114 [ModalContext] INFO  o.a.m.c.event.ExecutionEventLogger - [1;32mBUILD SUCCESS[m
2024-03-01 10:43:11,114 [ModalContext] INFO  o.a.m.c.event.ExecutionEventLogger - [1m------------------------------------------------------------------------[m
2024-03-01 10:43:11,115 [ModalContext] INFO  o.a.m.c.event.ExecutionEventLogger - Total time:  6.335 s
2024-03-01 10:43:11,115 [ModalContext] INFO  o.a.m.c.event.ExecutionEventLogger - Finished at: 2024-03-01T10:43:11+05:30
2024-03-01 10:43:11,115 [ModalContext] INFO  o.a.m.c.event.ExecutionEventLogger - [1m------------------------------------------------------------------------[m
2024-03-01 10:43:11,115 [ModalContext] WARN  o.a.m.e.internal.EventSpyDispatcher - Failed to close spy org.eclipse.m2e.internal.maven.listener.M2EMavenBuildDataBridge: Cannot invoke "java.nio.channels.SocketChannel.close()" because "this.writeChannel" is null
2024-03-01 10:43:11,500 [Worker-24: Building] WARN  o.a.m.s.f.DefaultMavenResourcesFiltering - Using platform encoding (Cp1252 actually) to copy filtered resources, i.e. build is platform dependent!
2024-03-01 10:43:11,501 [Worker-24: Building] INFO  o.a.m.s.f.DefaultMavenResourcesFiltering - skip non existing resourceDirectory C:\Users\User\eclipse-workspace\PharmEasy\IndiaBonds\src\main\resources
2024-03-01 10:43:11,504 [Worker-24: Building] WARN  o.a.m.s.f.DefaultMavenResourcesFiltering - Using platform encoding (Cp1252 actually) to copy filtered resources, i.e. build is platform dependent!
2024-03-01 10:43:11,505 [Worker-24: Building] INFO  o.a.m.s.f.DefaultMavenResourcesFiltering - skip non existing resourceDirectory C:\Users\User\eclipse-workspace\PharmEasy\IndiaBonds\src\test\resources
2024-03-01 10:43:12,800 [Worker-30: Building] WARN  o.a.m.s.f.DefaultMavenResourcesFiltering - Using platform encoding (Cp1252 actually) to copy filtered resources, i.e. build is platform dependent!
2024-03-01 10:43:12,801 [Worker-30: Building] INFO  o.a.m.s.f.DefaultMavenResourcesFiltering - skip non existing resourceDirectory C:\Users\User\eclipse-workspace\PharmEasy\IndiaBonds\src\main\resources
2024-03-01 10:43:12,804 [Worker-30: Building] WARN  o.a.m.s.f.DefaultMavenResourcesFiltering - Using platform encoding (Cp1252 actually) to copy filtered resources, i.e. build is platform dependent!
2024-03-01 10:43:12,805 [Worker-30: Building] INFO  o.a.m.s.f.DefaultMavenResourcesFiltering - skip non existing resourceDirectory C:\Users\User\eclipse-workspace\PharmEasy\IndiaBonds\src\test\resources
2024-03-01 10:43:16,266 [Worker-19: Building] WARN  o.a.m.s.f.DefaultMavenResourcesFiltering - Using platform encoding (Cp1252 actually) to copy filtered resources, i.e. build is platform dependent!
2024-03-01 10:43:16,267 [Worker-19: Building] INFO  o.a.m.s.f.DefaultMavenResourcesFiltering - skip non existing resourceDirectory C:\Users\User\eclipse-workspace\PharmEasy\IndiaBonds\src\main\resources
2024-03-01 10:43:16,268 [Worker-19: Building] WARN  o.a.m.s.f.DefaultMavenResourcesFiltering - Using platform encoding (Cp1252 actually) to copy filtered resources, i.e. build is platform dependent!
2024-03-01 10:43:16,269 [Worker-19: Building] INFO  o.a.m.s.f.DefaultMavenResourcesFiltering - skip non existing resourceDirectory C:\Users\User\eclipse-workspace\PharmEasy\IndiaBonds\src\test\resources
2024-03-01 11:32:48,597 [Worker-34: Building] WARN  o.a.m.s.f.DefaultMavenResourcesFiltering - Using platform encoding (Cp1252 actually) to copy filtered resources, i.e. build is platform dependent!
2024-03-01 11:32:48,598 [Worker-34: Building] INFO  o.a.m.s.f.DefaultMavenResourcesFiltering - skip non existing resourceDirectory C:\Users\User\eclipse-workspace\PharmEasy\IndiaBonds\src\main\resources
2024-03-01 11:32:48,600 [Worker-34: Building] WARN  o.a.m.s.f.DefaultMavenResourcesFiltering - Using platform encoding (Cp1252 actually) to copy filtered resources, i.e. build is platform dependent!
2024-03-01 11:32:48,601 [Worker-34: Building] INFO  o.a.m.s.f.DefaultMavenResourcesFiltering - skip non existing resourceDirectory C:\Users\User\eclipse-workspace\PharmEasy\IndiaBonds\src\test\resources
2024-03-01 11:32:57,965 [Worker-33: Building] WARN  o.a.m.s.f.DefaultMavenResourcesFiltering - Using platform encoding (Cp1252 actually) to copy filtered resources, i.e. build is platform dependent!
2024-03-01 11:32:57,966 [Worker-33: Building] INFO  o.a.m.s.f.DefaultMavenResourcesFiltering - skip non existing resourceDirectory C:\Users\User\eclipse-workspace\PharmEasy\IndiaBonds\src\main\resources
2024-03-01 11:32:57,968 [Worker-33: Building] WARN  o.a.m.s.f.DefaultMavenResourcesFiltering - Using platform encoding (Cp1252 actually) to copy filtered resources, i.e. build is platform dependent!
2024-03-01 11:32:57,969 [Worker-33: Building] INFO  o.a.m.s.f.DefaultMavenResourcesFiltering - skip non existing resourceDirectory C:\Users\User\eclipse-workspace\PharmEasy\IndiaBonds\src\test\resources
2024-03-01 13:19:45,023 [Worker-37: Building] WARN  o.a.m.s.f.DefaultMavenResourcesFiltering - Using platform encoding (Cp1252 actually) to copy filtered resources, i.e. build is platform dependent!
2024-03-01 13:19:45,024 [Worker-37: Building] INFO  o.a.m.s.f.DefaultMavenResourcesFiltering - skip non existing resourceDirectory C:\Users\User\eclipse-workspace\PharmEasy\IndiaBonds\src\main\resources
2024-03-01 13:19:45,025 [Worker-37: Building] WARN  o.a.m.s.f.DefaultMavenResourcesFiltering - Using platform encoding (Cp1252 actually) to copy filtered resources, i.e. build is platform dependent!
2024-03-01 13:19:45,026 [Worker-37: Building] INFO  o.a.m.s.f.DefaultMavenResourcesFiltering - skip non existing resourceDirectory C:\Users\User\eclipse-workspace\PharmEasy\IndiaBonds\src\test\resources
2024-03-01 16:26:22,244 [Worker-43: Building] WARN  o.a.m.s.f.DefaultMavenResourcesFiltering - Using platform encoding (Cp1252 actually) to copy filtered resources, i.e. build is platform dependent!
2024-03-01 16:26:22,246 [Worker-43: Building] INFO  o.a.m.s.f.DefaultMavenResourcesFiltering - skip non existing resourceDirectory C:\Users\User\eclipse-workspace\PharmEasy\IndiaBonds\src\main\resources
2024-03-01 16:26:22,249 [Worker-43: Building] WARN  o.a.m.s.f.DefaultMavenResourcesFiltering - Using platform encoding (Cp1252 actually) to copy filtered resources, i.e. build is platform dependent!
2024-03-01 16:26:22,250 [Worker-43: Building] INFO  o.a.m.s.f.DefaultMavenResourcesFiltering - skip non existing resourceDirectory C:\Users\User\eclipse-workspace\PharmEasy\IndiaBonds\src\test\resources
2024-03-01 16:26:31,981 [Worker-41: Building] WARN  o.a.m.s.f.DefaultMavenResourcesFiltering - Using platform encoding (Cp1252 actually) to copy filtered resources, i.e. build is platform dependent!
2024-03-01 16:26:31,982 [Worker-41: Building] INFO  o.a.m.s.f.DefaultMavenResourcesFiltering - skip non existing resourceDirectory C:\Users\User\eclipse-workspace\PharmEasy\IndiaBonds\src\main\resources
2024-03-01 16:26:31,986 [Worker-41: Building] WARN  o.a.m.s.f.DefaultMavenResourcesFiltering - Using platform encoding (Cp1252 actually) to copy filtered resources, i.e. build is platform dependent!
2024-03-01 16:26:31,987 [Worker-41: Building] INFO  o.a.m.s.f.DefaultMavenResourcesFiltering - skip non existing resourceDirectory C:\Users\User\eclipse-workspace\PharmEasy\IndiaBonds\src\test\resources
