2024-06-25 17:35:41,538 [Worker-7: Loading available Gradle versions] INFO  o.e.b.c.i.u.g.PublishedGradleVersions - Gradle version information cache is up-to-date. Trying to read.
2024-06-25 17:36:45,139 [main] INFO  o.e.m.c.i.l.LifecycleMappingFactory - Using org.eclipse.m2e.jdt.JarLifecycleMapping lifecycle mapping for MavenProject: com.testyantra.optimize:tyss-program-elements:1.0 @ C:\Users\User\eclipse-workspace\Demo\Demo\pom.xml.
2024-06-25 17:36:51,635 [main] INFO  o.e.m.j.i.AbstractJavaProjectConfigurator - Adding source folder /Demo/src/main/java
2024-06-25 17:36:51,636 [main] INFO  o.e.m.j.i.AbstractJavaProjectConfigurator - Adding resource folder /Demo/src/main/resources
2024-06-25 17:36:51,638 [main] INFO  o.e.m.j.i.AbstractJavaProjectConfigurator - Adding source folder /Demo/src/test/java
2024-06-25 17:36:51,639 [main] INFO  o.e.m.j.i.AbstractJavaProjectConfigurator - Adding resource folder /Demo/src/test/resources
2024-06-25 17:36:54,728 [Worker-20: Building] INFO  o.a.m.s.f.DefaultMavenResourcesFiltering - skip non existing resourceDirectory C:\Users\User\eclipse-workspace\Demo\Demo\src\main\resources
2024-06-25 17:36:54,737 [Worker-20: Building] INFO  o.a.m.s.f.DefaultMavenResourcesFiltering - skip non existing resourceDirectory C:\Users\User\eclipse-workspace\Demo\Demo\src\test\resources
2024-06-25 17:36:57,618 [Worker-17: Building] INFO  o.a.m.s.f.DefaultMavenResourcesFiltering - skip non existing resourceDirectory C:\Users\User\eclipse-workspace\Demo\Demo\src\main\resources
2024-06-25 17:36:57,629 [Worker-17: Building] INFO  o.a.m.s.f.DefaultMavenResourcesFiltering - skip non existing resourceDirectory C:\Users\User\eclipse-workspace\Demo\Demo\src\test\resources
2024-06-25 17:39:53,038 [Worker-4: Building] INFO  o.a.m.s.f.DefaultMavenResourcesFiltering - skip non existing resourceDirectory C:\Users\User\eclipse-workspace\Demo\Demo\src\main\resources
2024-06-25 17:39:53,044 [Worker-4: Building] INFO  o.a.m.s.f.DefaultMavenResourcesFiltering - skip non existing resourceDirectory C:\Users\User\eclipse-workspace\Demo\Demo\src\test\resources
2024-06-25 17:39:58,089 [Start Help Server] INFO  org.eclipse.jetty.server.Server - jetty-10.0.15; built: 2023-04-11T17:25:14.480Z; git: 68017dbd00236bb7e187330d7585a059610f661d; jvm 17.0.8.1+1
2024-06-25 17:39:58,186 [Start Help Server] INFO  o.e.j.s.s.DefaultSessionIdManager - Session workerName=node0
2024-06-25 17:39:58,306 [Start Help Server] INFO  o.e.j.server.handler.ContextHandler - Started o.e.j.s.ServletContextHandler@71a4dbf2{/help,null,AVAILABLE}
2024-06-25 17:39:58,354 [Start Help Server] INFO  o.e.jetty.server.AbstractConnector - Started ServerConnector@179590a6{HTTP/1.1, (http/1.1)}{127.0.0.1:64355}
2024-06-25 17:39:58,370 [Start Help Server] INFO  org.eclipse.jetty.server.Server - Started Server@21e9884a{STARTING}[10.0.15,sto=0] @276632ms
2024-06-25 17:42:59,528 [Worker-11: Building] INFO  o.a.m.s.f.DefaultMavenResourcesFiltering - skip non existing resourceDirectory C:\Users\User\eclipse-workspace\Demo\Demo\src\main\resources
2024-06-25 17:42:59,534 [Worker-11: Building] INFO  o.a.m.s.f.DefaultMavenResourcesFiltering - skip non existing resourceDirectory C:\Users\User\eclipse-workspace\Demo\Demo\src\test\resources
2024-06-25 17:44:02,180 [Worker-13: Building] INFO  o.a.m.s.f.DefaultMavenResourcesFiltering - skip non existing resourceDirectory C:\Users\User\eclipse-workspace\Demo\Demo\src\main\resources
2024-06-25 17:44:02,187 [Worker-13: Building] INFO  o.a.m.s.f.DefaultMavenResourcesFiltering - skip non existing resourceDirectory C:\Users\User\eclipse-workspace\Demo\Demo\src\test\resources
2024-06-25 17:44:40,928 [Worker-19: Building] INFO  o.a.m.s.f.DefaultMavenResourcesFiltering - skip non existing resourceDirectory C:\Users\User\eclipse-workspace\Demo\Demo\src\main\resources
2024-06-25 17:44:40,935 [Worker-19: Building] INFO  o.a.m.s.f.DefaultMavenResourcesFiltering - skip non existing resourceDirectory C:\Users\User\eclipse-workspace\Demo\Demo\src\test\resources
2024-06-25 17:47:15,965 [Worker-19: Building] INFO  o.a.m.s.f.DefaultMavenResourcesFiltering - skip non existing resourceDirectory C:\Users\User\eclipse-workspace\Demo\Demo\src\main\resources
2024-06-25 17:47:15,975 [Worker-19: Building] INFO  o.a.m.s.f.DefaultMavenResourcesFiltering - skip non existing resourceDirectory C:\Users\User\eclipse-workspace\Demo\Demo\src\test\resources
2024-06-25 17:49:20,426 [Worker-24: Building] INFO  o.e.m.c.i.l.LifecycleMappingFactory - Using org.eclipse.m2e.jdt.JarLifecycleMapping lifecycle mapping for MavenProject: com.testyantra.optimize:tyss-program-elements:1.0 @ C:\Users\User\eclipse-workspace\Demo\Demo\pom.xml.
2024-06-25 17:49:26,377 [Worker-24: Building] INFO  o.a.m.s.f.DefaultMavenResourcesFiltering - skip non existing resourceDirectory C:\Users\User\eclipse-workspace\Demo\Demo\src\main\resources
2024-06-25 17:49:26,386 [Worker-24: Building] INFO  o.a.m.s.f.DefaultMavenResourcesFiltering - skip non existing resourceDirectory C:\Users\User\eclipse-workspace\Demo\Demo\src\test\resources
2024-06-25 17:49:40,175 [Worker-23: Building] INFO  o.e.m.c.i.l.LifecycleMappingFactory - Using org.eclipse.m2e.jdt.JarLifecycleMapping lifecycle mapping for MavenProject: com.testyantra.optimize:tyss-program-elements:1.0 @ C:\Users\User\eclipse-workspace\Demo\Demo\pom.xml.
2024-06-25 17:49:42,139 [Worker-23: Building] INFO  o.a.m.s.f.DefaultMavenResourcesFiltering - skip non existing resourceDirectory C:\Users\User\eclipse-workspace\Demo\Demo\src\main\resources
2024-06-25 17:49:42,142 [Worker-23: Building] INFO  o.a.m.s.f.DefaultMavenResourcesFiltering - skip non existing resourceDirectory C:\Users\User\eclipse-workspace\Demo\Demo\src\test\resources
2024-06-25 17:49:43,011 [Worker-13: Updating Maven Dependencies] INFO  o.e.m.c.i.l.LifecycleMappingFactory - Using org.eclipse.m2e.jdt.JarLifecycleMapping lifecycle mapping for MavenProject: com.testyantra.optimize:tyss-program-elements:1.0 @ C:\Users\User\eclipse-workspace\Demo\Demo\pom.xml.
2024-06-25 17:49:43,690 [ModalContext] INFO  o.a.m.c.event.ExecutionEventLogger - Scanning for projects...
2024-06-25 17:49:43,710 [ModalContext] INFO  o.a.m.c.event.ExecutionEventLogger - 
2024-06-25 17:49:43,717 [ModalContext] INFO  o.a.m.c.event.ExecutionEventLogger - [1m-----------< [0;36mcom.testyantra.optimize:tyss-program-elements[0;1m >------------[m
2024-06-25 17:49:43,717 [ModalContext] INFO  o.a.m.c.event.ExecutionEventLogger - [1mBuilding tyss-program-elements 1.0[m
2024-06-25 17:49:43,717 [ModalContext] INFO  o.a.m.c.event.ExecutionEventLogger -   from pom.xml
2024-06-25 17:49:43,717 [ModalContext] INFO  o.a.m.c.event.ExecutionEventLogger - [1m--------------------------------[ jar ]---------------------------------[m
2024-06-25 17:49:44,843 [Worker-27: Building] INFO  o.a.m.s.f.DefaultMavenResourcesFiltering - skip non existing resourceDirectory C:\Users\User\eclipse-workspace\Demo\Demo\src\main\resources
2024-06-25 17:49:44,847 [Worker-27: Building] INFO  o.a.m.s.f.DefaultMavenResourcesFiltering - skip non existing resourceDirectory C:\Users\User\eclipse-workspace\Demo\Demo\src\test\resources
2024-06-25 17:49:45,758 [ModalContext] INFO  o.a.m.c.event.ExecutionEventLogger - 
2024-06-25 17:49:45,759 [ModalContext] INFO  o.a.m.c.event.ExecutionEventLogger - [1m--- [0;32mclean:3.2.0:clean[m [1m(default-clean)[m @ [36mtyss-program-elements[0;1m ---[m
2024-06-25 17:49:45,777 [ModalContext] INFO  o.a.maven.plugins.clean.CleanMojo - Deleting C:\Users\User\eclipse-workspace\Demo\Demo\target
2024-06-25 17:49:45,789 [ModalContext] INFO  o.a.m.c.event.ExecutionEventLogger - 
2024-06-25 17:49:45,790 [ModalContext] INFO  o.a.m.c.event.ExecutionEventLogger - [1m--- [0;32mresources:3.3.1:resources[m [1m(default-resources)[m @ [36mtyss-program-elements[0;1m ---[m
2024-06-25 17:49:45,925 [ModalContext] INFO  o.a.m.s.f.DefaultMavenResourcesFiltering - skip non existing resourceDirectory C:\Users\User\eclipse-workspace\Demo\Demo\src\main\resources
2024-06-25 17:49:45,926 [ModalContext] INFO  o.a.m.c.event.ExecutionEventLogger - 
2024-06-25 17:49:45,926 [ModalContext] INFO  o.a.m.c.event.ExecutionEventLogger - [1m--- [0;32mcompiler:3.11.0:compile[m [1m(default-compile)[m @ [36mtyss-program-elements[0;1m ---[m
2024-06-25 17:49:46,072 [ModalContext] INFO  o.a.m.plugin.compiler.CompilerMojo - Changes detected - recompiling the module! :source
2024-06-25 17:49:46,074 [ModalContext] INFO  o.c.p.compiler.javac.JavacCompiler - Compiling 4 source files with javac [debug target 11] to target\classes
2024-06-25 17:49:48,502 [ModalContext] WARN  o.a.m.plugin.compiler.CompilerMojo - system modules path not set in conjunction with -source 11
2024-06-25 17:49:48,504 [ModalContext] INFO  o.a.m.c.event.ExecutionEventLogger - 
2024-06-25 17:49:48,504 [ModalContext] INFO  o.a.m.c.event.ExecutionEventLogger - [1m--- [0;32mresources:3.3.1:testResources[m [1m(default-testResources)[m @ [36mtyss-program-elements[0;1m ---[m
2024-06-25 17:49:48,508 [ModalContext] INFO  o.a.m.s.f.DefaultMavenResourcesFiltering - skip non existing resourceDirectory C:\Users\User\eclipse-workspace\Demo\Demo\src\test\resources
2024-06-25 17:49:48,508 [ModalContext] INFO  o.a.m.c.event.ExecutionEventLogger - 
2024-06-25 17:49:48,508 [ModalContext] INFO  o.a.m.c.event.ExecutionEventLogger - [1m--- [0;32mcompiler:3.11.0:testCompile[m [1m(default-testCompile)[m @ [36mtyss-program-elements[0;1m ---[m
2024-06-25 17:49:48,512 [ModalContext] INFO  o.a.m.p.compiler.TestCompilerMojo - No sources to compile
2024-06-25 17:49:48,513 [ModalContext] INFO  o.a.m.c.event.ExecutionEventLogger - 
2024-06-25 17:49:48,513 [ModalContext] INFO  o.a.m.c.event.ExecutionEventLogger - [1m--- [0;32msurefire:3.1.2:test[m [1m(default-test)[m @ [36mtyss-program-elements[0;1m ---[m
2024-06-25 17:49:50,015 [ModalContext] INFO  o.a.m.p.surefire.SurefirePlugin - No tests to run.
2024-06-25 17:49:50,022 [ModalContext] INFO  o.a.m.c.event.ExecutionEventLogger - 
2024-06-25 17:49:50,023 [ModalContext] INFO  o.a.m.c.event.ExecutionEventLogger - [1m--- [0;32mdependency:2.5.1:unpack-dependencies[m [1m(copy-dependencies)[m @ [36mtyss-program-elements[0;1m ---[m
2024-06-25 17:49:58,372 [ModalContext] INFO  o.a.m.p.d.UnpackDependenciesMojo - Unpacking C:\Users\User\.m2\repository\com\testyantra\optimize\tyss-data-models\1.0-SNAPSHOT\tyss-data-models-1.0-SNAPSHOT.jar to C:\Users\User\eclipse-workspace\Demo\Demo\target\classes with includes "" and excludes ""
2024-06-25 17:49:59,164 [ModalContext] INFO  o.a.m.c.event.ExecutionEventLogger - 
2024-06-25 17:49:59,164 [ModalContext] INFO  o.a.m.c.event.ExecutionEventLogger - [1m--- [0;32mjar:3.3.0:jar[m [1m(default-jar)[m @ [36mtyss-program-elements[0;1m ---[m
2024-06-25 17:49:59,684 [ModalContext] INFO  o.c.plexus.archiver.jar.JarArchiver - Building jar: C:\Users\User\eclipse-workspace\Demo\Demo\target\tyss-program-elements-1.0.jar
2024-06-25 17:49:59,800 [ModalContext] INFO  o.a.m.c.event.ExecutionEventLogger - 
2024-06-25 17:49:59,800 [ModalContext] INFO  o.a.m.c.event.ExecutionEventLogger - [1m--- [0;32minstall:3.1.1:install[m [1m(default-install)[m @ [36mtyss-program-elements[0;1m ---[m
2024-06-25 17:49:59,834 [ModalContext] INFO  o.codehaus.plexus.PlexusContainer - Installing C:\Users\User\eclipse-workspace\Demo\Demo\pom.xml to C:\Users\User\.m2\repository\com\testyantra\optimize\tyss-program-elements\1.0\tyss-program-elements-1.0.pom
2024-06-25 17:49:59,849 [ModalContext] INFO  o.codehaus.plexus.PlexusContainer - Installing C:\Users\User\eclipse-workspace\Demo\Demo\target\tyss-program-elements-1.0.jar to C:\Users\User\.m2\repository\com\testyantra\optimize\tyss-program-elements\1.0\tyss-program-elements-1.0.jar
2024-06-25 17:49:59,869 [ModalContext] INFO  o.a.m.c.event.ExecutionEventLogger - [1m------------------------------------------------------------------------[m
2024-06-25 17:49:59,869 [ModalContext] INFO  o.a.m.c.event.ExecutionEventLogger - [1;32mBUILD SUCCESS[m
2024-06-25 17:49:59,869 [ModalContext] INFO  o.a.m.c.event.ExecutionEventLogger - [1m------------------------------------------------------------------------[m
2024-06-25 17:49:59,869 [ModalContext] INFO  o.a.m.c.event.ExecutionEventLogger - Total time:  16.181 s
2024-06-25 17:49:59,870 [ModalContext] INFO  o.a.m.c.event.ExecutionEventLogger - Finished at: 2024-06-25T17:49:59+05:30
2024-06-25 17:49:59,870 [ModalContext] INFO  o.a.m.c.event.ExecutionEventLogger - [1m------------------------------------------------------------------------[m
2024-06-25 17:49:59,872 [ModalContext] WARN  o.a.m.e.internal.EventSpyDispatcher - Failed to close spy org.eclipse.m2e.internal.maven.listener.M2EMavenBuildDataBridge: Cannot invoke "java.nio.channels.SocketChannel.close()" because "this.writeChannel" is null
2024-06-25 17:50:00,294 [Worker-19: Building] INFO  o.a.m.s.f.DefaultMavenResourcesFiltering - skip non existing resourceDirectory C:\Users\User\eclipse-workspace\Demo\Demo\src\main\resources
2024-06-25 17:50:00,296 [Worker-19: Building] INFO  o.a.m.s.f.DefaultMavenResourcesFiltering - skip non existing resourceDirectory C:\Users\User\eclipse-workspace\Demo\Demo\src\test\resources
2024-06-25 17:50:02,007 [Worker-26: Building] INFO  o.a.m.s.f.DefaultMavenResourcesFiltering - skip non existing resourceDirectory C:\Users\User\eclipse-workspace\Demo\Demo\src\main\resources
2024-06-25 17:50:02,011 [Worker-26: Building] INFO  o.a.m.s.f.DefaultMavenResourcesFiltering - skip non existing resourceDirectory C:\Users\User\eclipse-workspace\Demo\Demo\src\test\resources
2024-06-25 18:05:40,915 [Worker-4: Building] INFO  o.e.m.c.i.l.LifecycleMappingFactory - Using org.eclipse.m2e.jdt.JarLifecycleMapping lifecycle mapping for MavenProject: com.testyantra.optimize:tyss-program-elements:1.0 @ C:\Users\User\eclipse-workspace\Demo\Demo\pom.xml.
2024-06-25 18:05:43,310 [Worker-4: Building] INFO  o.a.m.s.f.DefaultMavenResourcesFiltering - skip non existing resourceDirectory C:\Users\User\eclipse-workspace\Demo\Demo\src\main\resources
2024-06-25 18:05:43,313 [Worker-4: Building] INFO  o.a.m.s.f.DefaultMavenResourcesFiltering - skip non existing resourceDirectory C:\Users\User\eclipse-workspace\Demo\Demo\src\test\resources
2024-06-25 18:05:43,775 [ModalContext] INFO  o.a.m.c.event.ExecutionEventLogger - Scanning for projects...
2024-06-25 18:05:43,784 [ModalContext] INFO  o.a.m.c.event.ExecutionEventLogger - 
2024-06-25 18:05:43,784 [ModalContext] INFO  o.a.m.c.event.ExecutionEventLogger - [1m-----------< [0;36mcom.testyantra.optimize:tyss-program-elements[0;1m >------------[m
2024-06-25 18:05:43,784 [ModalContext] INFO  o.a.m.c.event.ExecutionEventLogger - [1mBuilding tyss-program-elements 1.0[m
2024-06-25 18:05:43,784 [ModalContext] INFO  o.a.m.c.event.ExecutionEventLogger -   from pom.xml
2024-06-25 18:05:43,784 [ModalContext] INFO  o.a.m.c.event.ExecutionEventLogger - [1m--------------------------------[ jar ]---------------------------------[m
2024-06-25 18:05:44,159 [Worker-29: Updating Maven Dependencies] INFO  o.e.m.c.i.l.LifecycleMappingFactory - Using org.eclipse.m2e.jdt.JarLifecycleMapping lifecycle mapping for MavenProject: com.testyantra.optimize:tyss-program-elements:1.0 @ C:\Users\User\eclipse-workspace\Demo\Demo\pom.xml.
2024-06-25 18:05:44,833 [Worker-28: Building] INFO  o.a.m.s.f.DefaultMavenResourcesFiltering - skip non existing resourceDirectory C:\Users\User\eclipse-workspace\Demo\Demo\src\main\resources
2024-06-25 18:05:44,837 [Worker-28: Building] INFO  o.a.m.s.f.DefaultMavenResourcesFiltering - skip non existing resourceDirectory C:\Users\User\eclipse-workspace\Demo\Demo\src\test\resources
2024-06-25 18:05:45,309 [ModalContext] INFO  o.a.m.c.event.ExecutionEventLogger - 
2024-06-25 18:05:45,309 [ModalContext] INFO  o.a.m.c.event.ExecutionEventLogger - [1m--- [0;32mclean:3.2.0:clean[m [1m(default-clean)[m @ [36mtyss-program-elements[0;1m ---[m
2024-06-25 18:05:45,327 [ModalContext] INFO  o.a.maven.plugins.clean.CleanMojo - Deleting C:\Users\User\eclipse-workspace\Demo\Demo\target
2024-06-25 18:05:45,346 [ModalContext] INFO  o.a.m.c.event.ExecutionEventLogger - 
2024-06-25 18:05:45,346 [ModalContext] INFO  o.a.m.c.event.ExecutionEventLogger - [1m--- [0;32mresources:3.3.1:resources[m [1m(default-resources)[m @ [36mtyss-program-elements[0;1m ---[m
2024-06-25 18:05:45,403 [ModalContext] INFO  o.a.m.s.f.DefaultMavenResourcesFiltering - skip non existing resourceDirectory C:\Users\User\eclipse-workspace\Demo\Demo\src\main\resources
2024-06-25 18:05:45,403 [ModalContext] INFO  o.a.m.c.event.ExecutionEventLogger - 
2024-06-25 18:05:45,403 [ModalContext] INFO  o.a.m.c.event.ExecutionEventLogger - [1m--- [0;32mcompiler:3.11.0:compile[m [1m(default-compile)[m @ [36mtyss-program-elements[0;1m ---[m
2024-06-25 18:05:45,518 [ModalContext] INFO  o.a.m.plugin.compiler.CompilerMojo - Changes detected - recompiling the module! :source
2024-06-25 18:05:45,520 [ModalContext] INFO  o.c.p.compiler.javac.JavacCompiler - Compiling 4 source files with javac [debug target 11] to target\classes
2024-06-25 18:05:47,046 [ModalContext] WARN  o.a.m.plugin.compiler.CompilerMojo - system modules path not set in conjunction with -source 11
2024-06-25 18:05:47,047 [ModalContext] INFO  o.a.m.c.event.ExecutionEventLogger - 
2024-06-25 18:05:47,047 [ModalContext] INFO  o.a.m.c.event.ExecutionEventLogger - [1m--- [0;32mresources:3.3.1:testResources[m [1m(default-testResources)[m @ [36mtyss-program-elements[0;1m ---[m
2024-06-25 18:05:47,050 [ModalContext] INFO  o.a.m.s.f.DefaultMavenResourcesFiltering - skip non existing resourceDirectory C:\Users\User\eclipse-workspace\Demo\Demo\src\test\resources
2024-06-25 18:05:47,050 [ModalContext] INFO  o.a.m.c.event.ExecutionEventLogger - 
2024-06-25 18:05:47,050 [ModalContext] INFO  o.a.m.c.event.ExecutionEventLogger - [1m--- [0;32mcompiler:3.11.0:testCompile[m [1m(default-testCompile)[m @ [36mtyss-program-elements[0;1m ---[m
2024-06-25 18:05:47,053 [ModalContext] INFO  o.a.m.p.compiler.TestCompilerMojo - No sources to compile
2024-06-25 18:05:47,054 [ModalContext] INFO  o.a.m.c.event.ExecutionEventLogger - 
2024-06-25 18:05:47,054 [ModalContext] INFO  o.a.m.c.event.ExecutionEventLogger - [1m--- [0;32msurefire:3.1.2:test[m [1m(default-test)[m @ [36mtyss-program-elements[0;1m ---[m
2024-06-25 18:05:47,203 [ModalContext] INFO  o.a.m.p.surefire.SurefirePlugin - No tests to run.
2024-06-25 18:05:47,209 [ModalContext] INFO  o.a.m.c.event.ExecutionEventLogger - 
2024-06-25 18:05:47,210 [ModalContext] INFO  o.a.m.c.event.ExecutionEventLogger - [1m--- [0;32mdependency:2.5.1:unpack-dependencies[m [1m(copy-dependencies)[m @ [36mtyss-program-elements[0;1m ---[m
2024-06-25 18:05:47,685 [ModalContext] INFO  o.a.m.p.d.UnpackDependenciesMojo - Unpacking C:\Users\User\.m2\repository\com\testyantra\optimize\tyss-data-models\1.0-SNAPSHOT\tyss-data-models-1.0-SNAPSHOT.jar to C:\Users\User\eclipse-workspace\Demo\Demo\target\classes with includes "" and excludes ""
2024-06-25 18:05:48,314 [ModalContext] INFO  o.a.m.c.event.ExecutionEventLogger - 
2024-06-25 18:05:48,314 [ModalContext] INFO  o.a.m.c.event.ExecutionEventLogger - [1m--- [0;32mjar:3.3.0:jar[m [1m(default-jar)[m @ [36mtyss-program-elements[0;1m ---[m
2024-06-25 18:05:48,685 [ModalContext] INFO  o.c.plexus.archiver.jar.JarArchiver - Building jar: C:\Users\User\eclipse-workspace\Demo\Demo\target\tyss-program-elements-1.0.jar
2024-06-25 18:05:48,735 [ModalContext] INFO  o.a.m.c.event.ExecutionEventLogger - 
2024-06-25 18:05:48,735 [ModalContext] INFO  o.a.m.c.event.ExecutionEventLogger - [1m--- [0;32minstall:3.1.1:install[m [1m(default-install)[m @ [36mtyss-program-elements[0;1m ---[m
2024-06-25 18:05:48,750 [ModalContext] INFO  o.codehaus.plexus.PlexusContainer - Installing C:\Users\User\eclipse-workspace\Demo\Demo\pom.xml to C:\Users\User\.m2\repository\com\testyantra\optimize\tyss-program-elements\1.0\tyss-program-elements-1.0.pom
2024-06-25 18:05:48,752 [ModalContext] INFO  o.codehaus.plexus.PlexusContainer - Installing C:\Users\User\eclipse-workspace\Demo\Demo\target\tyss-program-elements-1.0.jar to C:\Users\User\.m2\repository\com\testyantra\optimize\tyss-program-elements\1.0\tyss-program-elements-1.0.jar
2024-06-25 18:05:48,763 [ModalContext] INFO  o.a.m.c.event.ExecutionEventLogger - [1m------------------------------------------------------------------------[m
2024-06-25 18:05:48,763 [ModalContext] INFO  o.a.m.c.event.ExecutionEventLogger - [1;32mBUILD SUCCESS[m
2024-06-25 18:05:48,763 [ModalContext] INFO  o.a.m.c.event.ExecutionEventLogger - [1m------------------------------------------------------------------------[m
2024-06-25 18:05:48,763 [ModalContext] INFO  o.a.m.c.event.ExecutionEventLogger - Total time:  4.988 s
2024-06-25 18:05:48,763 [ModalContext] INFO  o.a.m.c.event.ExecutionEventLogger - Finished at: 2024-06-25T18:05:48+05:30
2024-06-25 18:05:48,763 [ModalContext] INFO  o.a.m.c.event.ExecutionEventLogger - [1m------------------------------------------------------------------------[m
2024-06-25 18:05:48,764 [ModalContext] WARN  o.a.m.e.internal.EventSpyDispatcher - Failed to close spy org.eclipse.m2e.internal.maven.listener.M2EMavenBuildDataBridge: Cannot invoke "java.nio.channels.SocketChannel.close()" because "this.writeChannel" is null
2024-06-25 18:05:49,070 [Worker-4: Building] INFO  o.a.m.s.f.DefaultMavenResourcesFiltering - skip non existing resourceDirectory C:\Users\User\eclipse-workspace\Demo\Demo\src\main\resources
2024-06-25 18:05:49,072 [Worker-4: Building] INFO  o.a.m.s.f.DefaultMavenResourcesFiltering - skip non existing resourceDirectory C:\Users\User\eclipse-workspace\Demo\Demo\src\test\resources
2024-06-25 18:05:50,813 [Worker-27: Building] INFO  o.a.m.s.f.DefaultMavenResourcesFiltering - skip non existing resourceDirectory C:\Users\User\eclipse-workspace\Demo\Demo\src\main\resources
2024-06-25 18:05:50,815 [Worker-27: Building] INFO  o.a.m.s.f.DefaultMavenResourcesFiltering - skip non existing resourceDirectory C:\Users\User\eclipse-workspace\Demo\Demo\src\test\resources
2024-06-25 18:17:29,640 [Worker-30: Building] INFO  o.a.m.s.f.DefaultMavenResourcesFiltering - skip non existing resourceDirectory C:\Users\User\eclipse-workspace\Demo\Demo\src\main\resources
2024-06-25 18:17:29,643 [Worker-30: Building] INFO  o.a.m.s.f.DefaultMavenResourcesFiltering - skip non existing resourceDirectory C:\Users\User\eclipse-workspace\Demo\Demo\src\test\resources
2024-06-25 18:18:10,170 [Worker-32: Building] INFO  o.e.m.c.i.l.LifecycleMappingFactory - Using org.eclipse.m2e.jdt.JarLifecycleMapping lifecycle mapping for MavenProject: com.testyantra.optimize:tyss-program-elements:1.0 @ C:\Users\User\eclipse-workspace\Demo\Demo\pom.xml.
2024-06-25 18:18:12,890 [Worker-32: Building] INFO  o.a.m.s.f.DefaultMavenResourcesFiltering - skip non existing resourceDirectory C:\Users\User\eclipse-workspace\Demo\Demo\src\main\resources
2024-06-25 18:18:12,892 [Worker-32: Building] INFO  o.a.m.s.f.DefaultMavenResourcesFiltering - skip non existing resourceDirectory C:\Users\User\eclipse-workspace\Demo\Demo\src\test\resources
2024-06-25 18:18:16,840 [Worker-30: Building] INFO  o.e.m.c.i.l.LifecycleMappingFactory - Using org.eclipse.m2e.jdt.JarLifecycleMapping lifecycle mapping for MavenProject: com.testyantra.optimize:tyss-program-elements:1.0 @ C:\Users\User\eclipse-workspace\Demo\Demo\pom.xml.
2024-06-25 18:18:18,746 [Worker-30: Building] INFO  o.a.m.s.f.DefaultMavenResourcesFiltering - skip non existing resourceDirectory C:\Users\User\eclipse-workspace\Demo\Demo\src\main\resources
2024-06-25 18:18:18,748 [Worker-30: Building] INFO  o.a.m.s.f.DefaultMavenResourcesFiltering - skip non existing resourceDirectory C:\Users\User\eclipse-workspace\Demo\Demo\src\test\resources
2024-06-25 18:18:19,674 [Worker-32: Updating Maven Dependencies] INFO  o.e.m.c.i.l.LifecycleMappingFactory - Using org.eclipse.m2e.jdt.JarLifecycleMapping lifecycle mapping for MavenProject: com.testyantra.optimize:tyss-program-elements:1.0 @ C:\Users\User\eclipse-workspace\Demo\Demo\pom.xml.
2024-06-25 18:18:20,149 [ModalContext] INFO  o.a.m.c.event.ExecutionEventLogger - Scanning for projects...
2024-06-25 18:18:20,175 [ModalContext] INFO  o.a.m.c.event.ExecutionEventLogger - 
2024-06-25 18:18:20,175 [ModalContext] INFO  o.a.m.c.event.ExecutionEventLogger - [1m-----------< [0;36mcom.testyantra.optimize:tyss-program-elements[0;1m >------------[m
2024-06-25 18:18:20,175 [ModalContext] INFO  o.a.m.c.event.ExecutionEventLogger - [1mBuilding tyss-program-elements 1.0[m
2024-06-25 18:18:20,175 [ModalContext] INFO  o.a.m.c.event.ExecutionEventLogger -   from pom.xml
2024-06-25 18:18:20,175 [ModalContext] INFO  o.a.m.c.event.ExecutionEventLogger - [1m--------------------------------[ jar ]---------------------------------[m
2024-06-25 18:18:20,431 [Worker-28: Building] INFO  o.a.m.s.f.DefaultMavenResourcesFiltering - skip non existing resourceDirectory C:\Users\User\eclipse-workspace\Demo\Demo\src\main\resources
2024-06-25 18:18:20,434 [Worker-28: Building] INFO  o.a.m.s.f.DefaultMavenResourcesFiltering - skip non existing resourceDirectory C:\Users\User\eclipse-workspace\Demo\Demo\src\test\resources
2024-06-25 18:18:21,613 [ModalContext] INFO  o.a.m.c.event.ExecutionEventLogger - 
2024-06-25 18:18:21,614 [ModalContext] INFO  o.a.m.c.event.ExecutionEventLogger - [1m--- [0;32mclean:3.2.0:clean[m [1m(default-clean)[m @ [36mtyss-program-elements[0;1m ---[m
2024-06-25 18:18:21,627 [ModalContext] INFO  o.a.maven.plugins.clean.CleanMojo - Deleting C:\Users\User\eclipse-workspace\Demo\Demo\target
2024-06-25 18:18:21,646 [ModalContext] INFO  o.a.m.c.event.ExecutionEventLogger - 
2024-06-25 18:18:21,647 [ModalContext] INFO  o.a.m.c.event.ExecutionEventLogger - [1m--- [0;32mresources:3.3.1:resources[m [1m(default-resources)[m @ [36mtyss-program-elements[0;1m ---[m
2024-06-25 18:18:21,692 [ModalContext] INFO  o.a.m.s.f.DefaultMavenResourcesFiltering - skip non existing resourceDirectory C:\Users\User\eclipse-workspace\Demo\Demo\src\main\resources
2024-06-25 18:18:21,692 [ModalContext] INFO  o.a.m.c.event.ExecutionEventLogger - 
2024-06-25 18:18:21,692 [ModalContext] INFO  o.a.m.c.event.ExecutionEventLogger - [1m--- [0;32mcompiler:3.11.0:compile[m [1m(default-compile)[m @ [36mtyss-program-elements[0;1m ---[m
2024-06-25 18:18:21,820 [ModalContext] INFO  o.a.m.plugin.compiler.CompilerMojo - Changes detected - recompiling the module! :source
2024-06-25 18:18:21,823 [ModalContext] INFO  o.c.p.compiler.javac.JavacCompiler - Compiling 4 source files with javac [debug target 11] to target\classes
2024-06-25 18:18:25,974 [ModalContext] WARN  o.a.m.plugin.compiler.CompilerMojo - system modules path not set in conjunction with -source 11
2024-06-25 18:18:25,976 [ModalContext] INFO  o.a.m.c.event.ExecutionEventLogger - 
2024-06-25 18:18:25,976 [ModalContext] INFO  o.a.m.c.event.ExecutionEventLogger - [1m--- [0;32mresources:3.3.1:testResources[m [1m(default-testResources)[m @ [36mtyss-program-elements[0;1m ---[m
2024-06-25 18:18:25,979 [ModalContext] INFO  o.a.m.s.f.DefaultMavenResourcesFiltering - skip non existing resourceDirectory C:\Users\User\eclipse-workspace\Demo\Demo\src\test\resources
2024-06-25 18:18:25,980 [ModalContext] INFO  o.a.m.c.event.ExecutionEventLogger - 
2024-06-25 18:18:25,980 [ModalContext] INFO  o.a.m.c.event.ExecutionEventLogger - [1m--- [0;32mcompiler:3.11.0:testCompile[m [1m(default-testCompile)[m @ [36mtyss-program-elements[0;1m ---[m
2024-06-25 18:18:25,984 [ModalContext] INFO  o.a.m.p.compiler.TestCompilerMojo - No sources to compile
2024-06-25 18:18:25,986 [ModalContext] INFO  o.a.m.c.event.ExecutionEventLogger - 
2024-06-25 18:18:25,986 [ModalContext] INFO  o.a.m.c.event.ExecutionEventLogger - [1m--- [0;32msurefire:3.1.2:test[m [1m(default-test)[m @ [36mtyss-program-elements[0;1m ---[m
2024-06-25 18:18:26,312 [ModalContext] INFO  o.a.m.p.surefire.SurefirePlugin - No tests to run.
2024-06-25 18:18:26,330 [ModalContext] INFO  o.a.m.c.event.ExecutionEventLogger - 
2024-06-25 18:18:26,330 [ModalContext] INFO  o.a.m.c.event.ExecutionEventLogger - [1m--- [0;32mdependency:2.5.1:unpack-dependencies[m [1m(copy-dependencies)[m @ [36mtyss-program-elements[0;1m ---[m
2024-06-25 18:18:27,603 [ModalContext] INFO  o.a.m.p.d.UnpackDependenciesMojo - Unpacking C:\Users\User\.m2\repository\com\testyantra\optimize\tyss-data-models\1.0-SNAPSHOT\tyss-data-models-1.0-SNAPSHOT.jar to C:\Users\User\eclipse-workspace\Demo\Demo\target\classes with includes "" and excludes ""
2024-06-25 18:18:28,836 [ModalContext] INFO  o.a.m.c.event.ExecutionEventLogger - 
2024-06-25 18:18:28,836 [ModalContext] INFO  o.a.m.c.event.ExecutionEventLogger - [1m--- [0;32mjar:3.3.0:jar[m [1m(default-jar)[m @ [36mtyss-program-elements[0;1m ---[m
2024-06-25 18:18:29,842 [ModalContext] INFO  o.c.plexus.archiver.jar.JarArchiver - Building jar: C:\Users\User\eclipse-workspace\Demo\Demo\target\tyss-program-elements-1.0.jar
2024-06-25 18:18:29,975 [ModalContext] INFO  o.a.m.c.event.ExecutionEventLogger - 
2024-06-25 18:18:29,975 [ModalContext] INFO  o.a.m.c.event.ExecutionEventLogger - [1m--- [0;32minstall:3.1.1:install[m [1m(default-install)[m @ [36mtyss-program-elements[0;1m ---[m
2024-06-25 18:18:30,009 [ModalContext] INFO  o.codehaus.plexus.PlexusContainer - Installing C:\Users\User\eclipse-workspace\Demo\Demo\pom.xml to C:\Users\User\.m2\repository\com\testyantra\optimize\tyss-program-elements\1.0\tyss-program-elements-1.0.pom
2024-06-25 18:18:30,017 [ModalContext] INFO  o.codehaus.plexus.PlexusContainer - Installing C:\Users\User\eclipse-workspace\Demo\Demo\target\tyss-program-elements-1.0.jar to C:\Users\User\.m2\repository\com\testyantra\optimize\tyss-program-elements\1.0\tyss-program-elements-1.0.jar
2024-06-25 18:18:30,032 [ModalContext] INFO  o.a.m.c.event.ExecutionEventLogger - [1m------------------------------------------------------------------------[m
2024-06-25 18:18:30,032 [ModalContext] INFO  o.a.m.c.event.ExecutionEventLogger - [1;32mBUILD SUCCESS[m
2024-06-25 18:18:30,032 [ModalContext] INFO  o.a.m.c.event.ExecutionEventLogger - [1m------------------------------------------------------------------------[m
2024-06-25 18:18:30,032 [ModalContext] INFO  o.a.m.c.event.ExecutionEventLogger - Total time:  9.883 s
2024-06-25 18:18:30,033 [ModalContext] INFO  o.a.m.c.event.ExecutionEventLogger - Finished at: 2024-06-25T18:18:30+05:30
2024-06-25 18:18:30,033 [ModalContext] INFO  o.a.m.c.event.ExecutionEventLogger - [1m------------------------------------------------------------------------[m
2024-06-25 18:18:30,035 [ModalContext] WARN  o.a.m.e.internal.EventSpyDispatcher - Failed to close spy org.eclipse.m2e.internal.maven.listener.M2EMavenBuildDataBridge: Cannot invoke "java.nio.channels.SocketChannel.close()" because "this.writeChannel" is null
2024-06-25 18:18:30,567 [Worker-33: Building] INFO  o.a.m.s.f.DefaultMavenResourcesFiltering - skip non existing resourceDirectory C:\Users\User\eclipse-workspace\Demo\Demo\src\main\resources
2024-06-25 18:18:30,569 [Worker-33: Building] INFO  o.a.m.s.f.DefaultMavenResourcesFiltering - skip non existing resourceDirectory C:\Users\User\eclipse-workspace\Demo\Demo\src\test\resources
2024-06-25 18:18:32,364 [Worker-29: Building] INFO  o.a.m.s.f.DefaultMavenResourcesFiltering - skip non existing resourceDirectory C:\Users\User\eclipse-workspace\Demo\Demo\src\main\resources
2024-06-25 18:18:32,367 [Worker-29: Building] INFO  o.a.m.s.f.DefaultMavenResourcesFiltering - skip non existing resourceDirectory C:\Users\User\eclipse-workspace\Demo\Demo\src\test\resources
2024-06-25 18:29:29,875 [Worker-34: Building] INFO  o.a.m.s.f.DefaultMavenResourcesFiltering - skip non existing resourceDirectory C:\Users\User\eclipse-workspace\Demo\Demo\src\main\resources
2024-06-25 18:29:29,885 [Worker-34: Building] INFO  o.a.m.s.f.DefaultMavenResourcesFiltering - skip non existing resourceDirectory C:\Users\User\eclipse-workspace\Demo\Demo\src\test\resources
2024-06-25 18:29:39,768 [Worker-34: Building] INFO  o.a.m.s.f.DefaultMavenResourcesFiltering - skip non existing resourceDirectory C:\Users\User\eclipse-workspace\Demo\Demo\src\main\resources
2024-06-25 18:29:39,770 [Worker-34: Building] INFO  o.a.m.s.f.DefaultMavenResourcesFiltering - skip non existing resourceDirectory C:\Users\User\eclipse-workspace\Demo\Demo\src\test\resources
2024-06-25 18:29:45,049 [Worker-34: Building] INFO  o.a.m.s.f.DefaultMavenResourcesFiltering - skip non existing resourceDirectory C:\Users\User\eclipse-workspace\Demo\Demo\src\main\resources
2024-06-25 18:29:45,051 [Worker-34: Building] INFO  o.a.m.s.f.DefaultMavenResourcesFiltering - skip non existing resourceDirectory C:\Users\User\eclipse-workspace\Demo\Demo\src\test\resources
2024-06-25 18:29:57,463 [Worker-35: Building] INFO  o.e.m.c.i.l.LifecycleMappingFactory - Using org.eclipse.m2e.jdt.JarLifecycleMapping lifecycle mapping for MavenProject: com.testyantra.optimize:tyss-program-elements:1.0 @ C:\Users\User\eclipse-workspace\Demo\Demo\pom.xml.
2024-06-25 18:30:02,367 [Worker-35: Building] INFO  o.a.m.s.f.DefaultMavenResourcesFiltering - skip non existing resourceDirectory C:\Users\User\eclipse-workspace\Demo\Demo\src\main\resources
2024-06-25 18:30:02,371 [Worker-35: Building] INFO  o.a.m.s.f.DefaultMavenResourcesFiltering - skip non existing resourceDirectory C:\Users\User\eclipse-workspace\Demo\Demo\src\test\resources
2024-06-25 18:30:03,747 [Worker-30: Building] INFO  o.a.m.s.f.DefaultMavenResourcesFiltering - skip non existing resourceDirectory C:\Users\User\eclipse-workspace\Demo\Demo\src\main\resources
2024-06-25 18:30:03,749 [Worker-30: Building] INFO  o.a.m.s.f.DefaultMavenResourcesFiltering - skip non existing resourceDirectory C:\Users\User\eclipse-workspace\Demo\Demo\src\test\resources
2024-06-25 18:30:09,884 [Worker-34: Building] INFO  o.e.m.c.i.l.LifecycleMappingFactory - Using org.eclipse.m2e.jdt.JarLifecycleMapping lifecycle mapping for MavenProject: com.testyantra.optimize:tyss-program-elements:1.0 @ C:\Users\User\eclipse-workspace\Demo\Demo\pom.xml.
2024-06-25 18:30:11,983 [Worker-34: Building] INFO  o.a.m.s.f.DefaultMavenResourcesFiltering - skip non existing resourceDirectory C:\Users\User\eclipse-workspace\Demo\Demo\src\main\resources
2024-06-25 18:30:11,985 [Worker-34: Building] INFO  o.a.m.s.f.DefaultMavenResourcesFiltering - skip non existing resourceDirectory C:\Users\User\eclipse-workspace\Demo\Demo\src\test\resources
2024-06-25 18:30:16,083 [Worker-37: Building] INFO  o.e.m.c.i.l.LifecycleMappingFactory - Using org.eclipse.m2e.jdt.JarLifecycleMapping lifecycle mapping for MavenProject: com.testyantra.optimize:tyss-program-elements:1.0 @ C:\Users\User\eclipse-workspace\Demo\Demo\pom.xml.
2024-06-25 18:30:18,106 [Worker-37: Building] INFO  o.a.m.s.f.DefaultMavenResourcesFiltering - skip non existing resourceDirectory C:\Users\User\eclipse-workspace\Demo\Demo\src\main\resources
2024-06-25 18:30:18,109 [Worker-37: Building] INFO  o.a.m.s.f.DefaultMavenResourcesFiltering - skip non existing resourceDirectory C:\Users\User\eclipse-workspace\Demo\Demo\src\test\resources
2024-06-25 18:30:18,867 [Worker-37: Updating Maven Dependencies] INFO  o.e.m.c.i.l.LifecycleMappingFactory - Using org.eclipse.m2e.jdt.JarLifecycleMapping lifecycle mapping for MavenProject: com.testyantra.optimize:tyss-program-elements:1.0 @ C:\Users\User\eclipse-workspace\Demo\Demo\pom.xml.
2024-06-25 18:30:19,617 [ModalContext] INFO  o.a.m.c.event.ExecutionEventLogger - Scanning for projects...
2024-06-25 18:30:19,631 [ModalContext] INFO  o.a.m.c.event.ExecutionEventLogger - 
2024-06-25 18:30:19,631 [ModalContext] INFO  o.a.m.c.event.ExecutionEventLogger - [1m-----------< [0;36mcom.testyantra.optimize:tyss-program-elements[0;1m >------------[m
2024-06-25 18:30:19,631 [ModalContext] INFO  o.a.m.c.event.ExecutionEventLogger - [1mBuilding tyss-program-elements 1.0[m
2024-06-25 18:30:19,631 [ModalContext] INFO  o.a.m.c.event.ExecutionEventLogger -   from pom.xml
2024-06-25 18:30:19,631 [ModalContext] INFO  o.a.m.c.event.ExecutionEventLogger - [1m--------------------------------[ jar ]---------------------------------[m
2024-06-25 18:30:19,992 [Worker-33: Building] INFO  o.a.m.s.f.DefaultMavenResourcesFiltering - skip non existing resourceDirectory C:\Users\User\eclipse-workspace\Demo\Demo\src\main\resources
2024-06-25 18:30:19,996 [Worker-33: Building] INFO  o.a.m.s.f.DefaultMavenResourcesFiltering - skip non existing resourceDirectory C:\Users\User\eclipse-workspace\Demo\Demo\src\test\resources
2024-06-25 18:30:21,750 [ModalContext] INFO  o.a.m.c.event.ExecutionEventLogger - 
2024-06-25 18:30:21,750 [ModalContext] INFO  o.a.m.c.event.ExecutionEventLogger - [1m--- [0;32mclean:3.2.0:clean[m [1m(default-clean)[m @ [36mtyss-program-elements[0;1m ---[m
2024-06-25 18:30:21,767 [ModalContext] INFO  o.a.maven.plugins.clean.CleanMojo - Deleting C:\Users\User\eclipse-workspace\Demo\Demo\target
2024-06-25 18:30:21,792 [ModalContext] INFO  o.a.m.c.event.ExecutionEventLogger - 
2024-06-25 18:30:21,793 [ModalContext] INFO  o.a.m.c.event.ExecutionEventLogger - [1m--- [0;32mresources:3.3.1:resources[m [1m(default-resources)[m @ [36mtyss-program-elements[0;1m ---[m
2024-06-25 18:30:21,841 [ModalContext] INFO  o.a.m.s.f.DefaultMavenResourcesFiltering - skip non existing resourceDirectory C:\Users\User\eclipse-workspace\Demo\Demo\src\main\resources
2024-06-25 18:30:21,841 [ModalContext] INFO  o.a.m.c.event.ExecutionEventLogger - 
2024-06-25 18:30:21,841 [ModalContext] INFO  o.a.m.c.event.ExecutionEventLogger - [1m--- [0;32mcompiler:3.11.0:compile[m [1m(default-compile)[m @ [36mtyss-program-elements[0;1m ---[m
2024-06-25 18:30:22,030 [ModalContext] INFO  o.a.m.plugin.compiler.CompilerMojo - Changes detected - recompiling the module! :source
2024-06-25 18:30:22,034 [ModalContext] INFO  o.c.p.compiler.javac.JavacCompiler - Compiling 5 source files with javac [debug target 11] to target\classes
2024-06-25 18:30:24,495 [ModalContext] WARN  o.a.m.plugin.compiler.CompilerMojo - system modules path not set in conjunction with -source 11
2024-06-25 18:30:24,497 [ModalContext] INFO  o.a.m.c.event.ExecutionEventLogger - 
2024-06-25 18:30:24,497 [ModalContext] INFO  o.a.m.c.event.ExecutionEventLogger - [1m--- [0;32mresources:3.3.1:testResources[m [1m(default-testResources)[m @ [36mtyss-program-elements[0;1m ---[m
2024-06-25 18:30:24,500 [ModalContext] INFO  o.a.m.s.f.DefaultMavenResourcesFiltering - skip non existing resourceDirectory C:\Users\User\eclipse-workspace\Demo\Demo\src\test\resources
2024-06-25 18:30:24,502 [ModalContext] INFO  o.a.m.c.event.ExecutionEventLogger - 
2024-06-25 18:30:24,502 [ModalContext] INFO  o.a.m.c.event.ExecutionEventLogger - [1m--- [0;32mcompiler:3.11.0:testCompile[m [1m(default-testCompile)[m @ [36mtyss-program-elements[0;1m ---[m
2024-06-25 18:30:24,506 [ModalContext] INFO  o.a.m.p.compiler.TestCompilerMojo - No sources to compile
2024-06-25 18:30:24,506 [ModalContext] INFO  o.a.m.c.event.ExecutionEventLogger - 
2024-06-25 18:30:24,506 [ModalContext] INFO  o.a.m.c.event.ExecutionEventLogger - [1m--- [0;32msurefire:3.1.2:test[m [1m(default-test)[m @ [36mtyss-program-elements[0;1m ---[m
2024-06-25 18:30:24,936 [ModalContext] INFO  o.a.m.p.surefire.SurefirePlugin - No tests to run.
2024-06-25 18:30:24,957 [ModalContext] INFO  o.a.m.c.event.ExecutionEventLogger - 
2024-06-25 18:30:24,958 [ModalContext] INFO  o.a.m.c.event.ExecutionEventLogger - [1m--- [0;32mdependency:2.5.1:unpack-dependencies[m [1m(copy-dependencies)[m @ [36mtyss-program-elements[0;1m ---[m
2024-06-25 18:30:26,125 [ModalContext] INFO  o.a.m.p.d.UnpackDependenciesMojo - Unpacking C:\Users\User\.m2\repository\com\testyantra\optimize\tyss-data-models\1.0-SNAPSHOT\tyss-data-models-1.0-SNAPSHOT.jar to C:\Users\User\eclipse-workspace\Demo\Demo\target\classes with includes "" and excludes ""
2024-06-25 18:30:27,356 [ModalContext] INFO  o.a.m.c.event.ExecutionEventLogger - 
2024-06-25 18:30:27,356 [ModalContext] INFO  o.a.m.c.event.ExecutionEventLogger - [1m--- [0;32mjar:3.3.0:jar[m [1m(default-jar)[m @ [36mtyss-program-elements[0;1m ---[m
2024-06-25 18:30:28,317 [ModalContext] INFO  o.c.plexus.archiver.jar.JarArchiver - Building jar: C:\Users\User\eclipse-workspace\Demo\Demo\target\tyss-program-elements-1.0.jar
2024-06-25 18:30:28,864 [ModalContext] INFO  o.a.m.c.event.ExecutionEventLogger - 
2024-06-25 18:30:28,865 [ModalContext] INFO  o.a.m.c.event.ExecutionEventLogger - [1m--- [0;32minstall:3.1.1:install[m [1m(default-install)[m @ [36mtyss-program-elements[0;1m ---[m
2024-06-25 18:30:28,914 [ModalContext] INFO  o.codehaus.plexus.PlexusContainer - Installing C:\Users\User\eclipse-workspace\Demo\Demo\pom.xml to C:\Users\User\.m2\repository\com\testyantra\optimize\tyss-program-elements\1.0\tyss-program-elements-1.0.pom
2024-06-25 18:30:28,924 [ModalContext] INFO  o.codehaus.plexus.PlexusContainer - Installing C:\Users\User\eclipse-workspace\Demo\Demo\target\tyss-program-elements-1.0.jar to C:\Users\User\.m2\repository\com\testyantra\optimize\tyss-program-elements\1.0\tyss-program-elements-1.0.jar
2024-06-25 18:30:28,953 [ModalContext] INFO  o.a.m.c.event.ExecutionEventLogger - [1m------------------------------------------------------------------------[m
2024-06-25 18:30:28,954 [ModalContext] INFO  o.a.m.c.event.ExecutionEventLogger - [1;32mBUILD SUCCESS[m
2024-06-25 18:30:28,954 [ModalContext] INFO  o.a.m.c.event.ExecutionEventLogger - [1m------------------------------------------------------------------------[m
2024-06-25 18:30:28,954 [ModalContext] INFO  o.a.m.c.event.ExecutionEventLogger - Total time:  9.338 s
2024-06-25 18:30:28,955 [ModalContext] INFO  o.a.m.c.event.ExecutionEventLogger - Finished at: 2024-06-25T18:30:28+05:30
2024-06-25 18:30:28,955 [ModalContext] INFO  o.a.m.c.event.ExecutionEventLogger - [1m------------------------------------------------------------------------[m
2024-06-25 18:30:28,956 [ModalContext] WARN  o.a.m.e.internal.EventSpyDispatcher - Failed to close spy org.eclipse.m2e.internal.maven.listener.M2EMavenBuildDataBridge: Cannot invoke "java.nio.channels.SocketChannel.close()" because "this.writeChannel" is null
2024-06-25 18:30:29,733 [Worker-38: Building] INFO  o.a.m.s.f.DefaultMavenResourcesFiltering - skip non existing resourceDirectory C:\Users\User\eclipse-workspace\Demo\Demo\src\main\resources
2024-06-25 18:30:29,736 [Worker-38: Building] INFO  o.a.m.s.f.DefaultMavenResourcesFiltering - skip non existing resourceDirectory C:\Users\User\eclipse-workspace\Demo\Demo\src\test\resources
2024-06-25 18:30:32,203 [Worker-34: Building] INFO  o.a.m.s.f.DefaultMavenResourcesFiltering - skip non existing resourceDirectory C:\Users\User\eclipse-workspace\Demo\Demo\src\main\resources
2024-06-25 18:30:32,207 [Worker-34: Building] INFO  o.a.m.s.f.DefaultMavenResourcesFiltering - skip non existing resourceDirectory C:\Users\User\eclipse-workspace\Demo\Demo\src\test\resources
2024-06-25 19:12:47,770 [Stop Help Server] INFO  org.eclipse.jetty.server.Server - Stopped Server@21e9884a{STOPPING}[10.0.15,sto=0]
2024-06-25 19:12:47,837 [Stop Help Server] INFO  o.e.jetty.server.AbstractConnector - Stopped ServerConnector@179590a6{HTTP/1.1, (http/1.1)}{127.0.0.1:0}
2024-06-25 19:12:47,951 [Stop Help Server] INFO  o.e.j.server.handler.ContextHandler - Stopped o.e.j.s.ServletContextHandler@71a4dbf2{/help,null,STOPPED}
